[2016-10-04 14:19:31] production.INFO: array (
  'REDIRECT_STATUS' => '200',
  'HTTP_HOST' => '52.77.34.254',
  'HTTP_CONNECTION' => 'keep-alive',
  'CONTENT_LENGTH' => '28',
  'HTTP_ACCEPT' => '*/*',
  'HTTP_ORIGIN' => 'http://52.77.34.254',
  'HTTP_X_CSRF_TOKEN' => 'eyZkNl3JHA3O3eY55x7eV02n48lTe0bS3yrwHZFP',
  'HTTP_X_REQUESTED_WITH' => 'XMLHttpRequest',
  'HTTP_USER_AGENT' => 'Mozilla/5.0 (X11; Linux i686) AppleWebKit/537.36 (KHTML, like Gecko) Ubuntu Chromium/50.0.2661.102 Chrome/50.0.2661.102 Safari/537.36',
  'CONTENT_TYPE' => 'application/x-www-form-urlencoded; charset=UTF-8',
  'HTTP_REFERER' => 'http://52.77.34.254/borrower/profile',
  'HTTP_ACCEPT_ENCODING' => 'gzip, deflate',
  'HTTP_ACCEPT_LANGUAGE' => 'en-US,en;q=0.8',
  'HTTP_COOKIE' => 'adminer_version=0; XSRF-TOKEN=eyJpdiI6IlJOcTA1dnU1SnpjUnI2ckZrVmc1WEE9PSIsInZhbHVlIjoiVHE2dkN6K0ZJY1FkdlY5WDBDblF3Y252a0pYWEVTaTAxZE1Xak81MDhnSmhRNnFNdGdYRGNhcWRmT2EwN2cyYVBIczF3MHkzbmlMcHJ2c0tWZEdJXC93PT0iLCJtYWMiOiJkMmI3YmI4NmY5NjhkOGE4ZjhmMmIwMzM0OGIxYTE4NTMzOWY0OTQ5M2VmZTlhZGY2ZGM5YzJiMDM0YzNiYjEzIn0%3D; laravel_session=eyJpdiI6IkZidERTVEZHUzFmTXNPWmNmcCtYN1E9PSIsInZhbHVlIjoiUWxXa3F1QlpFNUhQYnpBN04wcmpES1VSSERMUXF3MzFtdVo0bVVYVGhocGlzTE0zN0RFdFowckR0b09LUHVCOFZsTWtmOVYydWdSTnMzcURsdUxaVnc9PSIsIm1hYyI6IjdiOTkyZjNiNmM5ZWU4M2MyMDdmNjZjYWFhMTBmYTQxMTBiMzFiMDAzYzc3MjViNDc3NzliZTgzY2IzYjAxOWQifQ%3D%3D',
  'PATH' => '/sbin:/usr/sbin:/bin:/usr/bin',
  'SERVER_SIGNATURE' => '',
  'SERVER_SOFTWARE' => 'Apache/2.4.23 (Amazon) PHP/5.6.25',
  'SERVER_NAME' => '52.77.34.254',
  'SERVER_ADDR' => '172.31.26.61',
  'SERVER_PORT' => '80',
  'REMOTE_ADDR' => '49.207.190.91',
  'DOCUMENT_ROOT' => '/var/www/html',
  'REQUEST_SCHEME' => 'http',
  'CONTEXT_PREFIX' => '',
  'CONTEXT_DOCUMENT_ROOT' => '/var/www/html',
  'SERVER_ADMIN' => 'root@localhost',
  'SCRIPT_FILENAME' => '/var/www/html/index.php',
  'REMOTE_PORT' => '33347',
  'REDIRECT_URL' => '/admin/user/notifications',
  'GATEWAY_INTERFACE' => 'CGI/1.1',
  'SERVER_PROTOCOL' => 'HTTP/1.1',
  'REQUEST_METHOD' => 'POST',
  'QUERY_STRING' => '',
  'REQUEST_URI' => '/admin/user/notifications',
  'SCRIPT_NAME' => '/index.php',
  'PHP_SELF' => '/index.php',
  'REQUEST_TIME_FLOAT' => 1475590771.2609999,
  'REQUEST_TIME' => 1475590771,
)  
[2016-10-04 14:19:31] production.ERROR: exception 'Symfony\Component\Debug\Exception\FatalErrorException' with message 'Class 'App\models\App' not found' in /var/www/html/app/models/TranWrapper.php:181
Stack trace:
#0 {main}  
[2016-10-04 14:19:40] production.INFO: array (
  'REDIRECT_STATUS' => '200',
  'HTTP_HOST' => '52.77.34.254',
  'HTTP_USER_AGENT' => 'Mozilla/5.0 (X11; Ubuntu; Linux i686; rv:47.0) Gecko/20100101 Firefox/47.0',
  'HTTP_ACCEPT' => '*/*',
  'HTTP_ACCEPT_LANGUAGE' => 'en-US,en;q=0.5',
  'HTTP_ACCEPT_ENCODING' => 'gzip, deflate',
  'CONTENT_TYPE' => 'application/x-www-form-urlencoded; charset=UTF-8',
  'HTTP_X_CSRF_TOKEN' => 'tsZMcHxb0nbbcrorWwd0xrzLCBif9WHPdlgu327J',
  'HTTP_X_REQUESTED_WITH' => 'XMLHttpRequest',
  'HTTP_REFERER' => 'http://52.77.34.254/admin/audit_trial',
  'CONTENT_LENGTH' => '28',
  'HTTP_COOKIE' => 'adminer_version=0; XSRF-TOKEN=eyJpdiI6IjZqY0ZVMkRrcnJ6NzZ2RmdiRzMySXc9PSIsInZhbHVlIjoiUnlIeDZKclNwVGQwYzhJczh2UTkrZDJ6ODhCYlwvWTJ3dHRqbmpQTDYrZmtnTFBiRW5wcTl3WDErbFRHODBCRkozM3lENXJ3cTJJS2NRRFRWUzR1Z09nPT0iLCJtYWMiOiJmMDFmNWE4ZTZmYjlkNTVlYTQyMjVjMGI3YTI5MmY5YWM1YmI2Yjk4ZTM4NzRlYWU4YzFlZTMzNDVlNzk4ZTJkIn0%3D; laravel_session=eyJpdiI6ImlFVEpqc05idU54cXRJdE1vRFlvcHc9PSIsInZhbHVlIjoiWUNTVnlGTkJ2XC9YdHV3d01KQld0MGVzMzdLaWJLbVpVQUZGWWNBZzNCalNEemJSRVVRRTdHUm9zVGwxXC81Tm1sMEFMaXVCcEFPN2p4bFY2TVM0djZlZz09IiwibWFjIjoiMzM1MmM4ZDllODNlYWJkODk1MDYzZDhmY2UwN2RlNjBiZTBjNzE2ZTNhMjliODVjYjJhYWJhMjVmZGRhMzIyNCJ9',
  'HTTP_CONNECTION' => 'keep-alive',
  'PATH' => '/sbin:/usr/sbin:/bin:/usr/bin',
  'SERVER_SIGNATURE' => '',
  'SERVER_SOFTWARE' => 'Apache/2.4.23 (Amazon) PHP/5.6.25',
  'SERVER_NAME' => '52.77.34.254',
  'SERVER_ADDR' => '172.31.26.61',
  'SERVER_PORT' => '80',
  'REMOTE_ADDR' => '49.207.190.91',
  'DOCUMENT_ROOT' => '/var/www/html',
  'REQUEST_SCHEME' => 'http',
  'CONTEXT_PREFIX' => '',
  'CONTEXT_DOCUMENT_ROOT' => '/var/www/html',
  'SERVER_ADMIN' => 'root@localhost',
  'SCRIPT_FILENAME' => '/var/www/html/index.php',
  'REMOTE_PORT' => '33431',
  'REDIRECT_URL' => '/admin/user/notifications',
  'GATEWAY_INTERFACE' => 'CGI/1.1',
  'SERVER_PROTOCOL' => 'HTTP/1.1',
  'REQUEST_METHOD' => 'POST',
  'QUERY_STRING' => '',
  'REQUEST_URI' => '/admin/user/notifications',
  'SCRIPT_NAME' => '/index.php',
  'PHP_SELF' => '/index.php',
  'REQUEST_TIME_FLOAT' => 1475590780.5569999,
  'REQUEST_TIME' => 1475590780,
)  
[2016-10-04 14:19:40] production.ERROR: exception 'Symfony\Component\Debug\Exception\FatalErrorException' with message 'Class 'App\models\App' not found' in /var/www/html/app/models/TranWrapper.php:181
Stack trace:
#0 {main}  
[2016-10-04 14:20:01] production.INFO: array (
  'REDIRECT_STATUS' => '200',
  'HTTP_HOST' => '52.77.34.254',
  'HTTP_CONNECTION' => 'keep-alive',
  'CONTENT_LENGTH' => '28',
  'HTTP_ACCEPT' => '*/*',
  'HTTP_ORIGIN' => 'http://52.77.34.254',
  'HTTP_X_CSRF_TOKEN' => 'eyZkNl3JHA3O3eY55x7eV02n48lTe0bS3yrwHZFP',
  'HTTP_X_REQUESTED_WITH' => 'XMLHttpRequest',
  'HTTP_USER_AGENT' => 'Mozilla/5.0 (X11; Linux i686) AppleWebKit/537.36 (KHTML, like Gecko) Ubuntu Chromium/50.0.2661.102 Chrome/50.0.2661.102 Safari/537.36',
  'CONTENT_TYPE' => 'application/x-www-form-urlencoded; charset=UTF-8',
  'HTTP_REFERER' => 'http://52.77.34.254/borrower/profile',
  'HTTP_ACCEPT_ENCODING' => 'gzip, deflate',
  'HTTP_ACCEPT_LANGUAGE' => 'en-US,en;q=0.8',
  'HTTP_COOKIE' => 'adminer_version=0; XSRF-TOKEN=eyJpdiI6IlJOcTA1dnU1SnpjUnI2ckZrVmc1WEE9PSIsInZhbHVlIjoiVHE2dkN6K0ZJY1FkdlY5WDBDblF3Y252a0pYWEVTaTAxZE1Xak81MDhnSmhRNnFNdGdYRGNhcWRmT2EwN2cyYVBIczF3MHkzbmlMcHJ2c0tWZEdJXC93PT0iLCJtYWMiOiJkMmI3YmI4NmY5NjhkOGE4ZjhmMmIwMzM0OGIxYTE4NTMzOWY0OTQ5M2VmZTlhZGY2ZGM5YzJiMDM0YzNiYjEzIn0%3D; laravel_session=eyJpdiI6IkZidERTVEZHUzFmTXNPWmNmcCtYN1E9PSIsInZhbHVlIjoiUWxXa3F1QlpFNUhQYnpBN04wcmpES1VSSERMUXF3MzFtdVo0bVVYVGhocGlzTE0zN0RFdFowckR0b09LUHVCOFZsTWtmOVYydWdSTnMzcURsdUxaVnc9PSIsIm1hYyI6IjdiOTkyZjNiNmM5ZWU4M2MyMDdmNjZjYWFhMTBmYTQxMTBiMzFiMDAzYzc3MjViNDc3NzliZTgzY2IzYjAxOWQifQ%3D%3D',
  'PATH' => '/sbin:/usr/sbin:/bin:/usr/bin',
  'SERVER_SIGNATURE' => '',
  'SERVER_SOFTWARE' => 'Apache/2.4.23 (Amazon) PHP/5.6.25',
  'SERVER_NAME' => '52.77.34.254',
  'SERVER_ADDR' => '172.31.26.61',
  'SERVER_PORT' => '80',
  'REMOTE_ADDR' => '49.207.190.91',
  'DOCUMENT_ROOT' => '/var/www/html',
  'REQUEST_SCHEME' => 'http',
  'CONTEXT_PREFIX' => '',
  'CONTEXT_DOCUMENT_ROOT' => '/var/www/html',
  'SERVER_ADMIN' => 'root@localhost',
  'SCRIPT_FILENAME' => '/var/www/html/index.php',
  'REMOTE_PORT' => '33595',
  'REDIRECT_URL' => '/admin/user/notifications',
  'GATEWAY_INTERFACE' => 'CGI/1.1',
  'SERVER_PROTOCOL' => 'HTTP/1.1',
  'REQUEST_METHOD' => 'POST',
  'QUERY_STRING' => '',
  'REQUEST_URI' => '/admin/user/notifications',
  'SCRIPT_NAME' => '/index.php',
  'PHP_SELF' => '/index.php',
  'REQUEST_TIME_FLOAT' => 1475590801.2590001,
  'REQUEST_TIME' => 1475590801,
)  
[2016-10-04 14:20:01] production.ERROR: exception 'Symfony\Component\Debug\Exception\FatalErrorException' with message 'Class 'App\models\App' not found' in /var/www/html/app/models/TranWrapper.php:181
Stack trace:
#0 {main}  
[2016-10-04 14:20:10] production.INFO: array (
  'REDIRECT_STATUS' => '200',
  'HTTP_HOST' => '52.77.34.254',
  'HTTP_USER_AGENT' => 'Mozilla/5.0 (X11; Ubuntu; Linux i686; rv:47.0) Gecko/20100101 Firefox/47.0',
  'HTTP_ACCEPT' => '*/*',
  'HTTP_ACCEPT_LANGUAGE' => 'en-US,en;q=0.5',
  'HTTP_ACCEPT_ENCODING' => 'gzip, deflate',
  'CONTENT_TYPE' => 'application/x-www-form-urlencoded; charset=UTF-8',
  'HTTP_X_CSRF_TOKEN' => 'tsZMcHxb0nbbcrorWwd0xrzLCBif9WHPdlgu327J',
  'HTTP_X_REQUESTED_WITH' => 'XMLHttpRequest',
  'HTTP_REFERER' => 'http://52.77.34.254/admin/audit_trial',
  'CONTENT_LENGTH' => '28',
  'HTTP_COOKIE' => 'adminer_version=0; XSRF-TOKEN=eyJpdiI6IjZqY0ZVMkRrcnJ6NzZ2RmdiRzMySXc9PSIsInZhbHVlIjoiUnlIeDZKclNwVGQwYzhJczh2UTkrZDJ6ODhCYlwvWTJ3dHRqbmpQTDYrZmtnTFBiRW5wcTl3WDErbFRHODBCRkozM3lENXJ3cTJJS2NRRFRWUzR1Z09nPT0iLCJtYWMiOiJmMDFmNWE4ZTZmYjlkNTVlYTQyMjVjMGI3YTI5MmY5YWM1YmI2Yjk4ZTM4NzRlYWU4YzFlZTMzNDVlNzk4ZTJkIn0%3D; laravel_session=eyJpdiI6ImlFVEpqc05idU54cXRJdE1vRFlvcHc9PSIsInZhbHVlIjoiWUNTVnlGTkJ2XC9YdHV3d01KQld0MGVzMzdLaWJLbVpVQUZGWWNBZzNCalNEemJSRVVRRTdHUm9zVGwxXC81Tm1sMEFMaXVCcEFPN2p4bFY2TVM0djZlZz09IiwibWFjIjoiMzM1MmM4ZDllODNlYWJkODk1MDYzZDhmY2UwN2RlNjBiZTBjNzE2ZTNhMjliODVjYjJhYWJhMjVmZGRhMzIyNCJ9',
  'HTTP_CONNECTION' => 'keep-alive',
  'PATH' => '/sbin:/usr/sbin:/bin:/usr/bin',
  'SERVER_SIGNATURE' => '',
  'SERVER_SOFTWARE' => 'Apache/2.4.23 (Amazon) PHP/5.6.25',
  'SERVER_NAME' => '52.77.34.254',
  'SERVER_ADDR' => '172.31.26.61',
  'SERVER_PORT' => '80',
  'REMOTE_ADDR' => '49.207.190.91',
  'DOCUMENT_ROOT' => '/var/www/html',
  'REQUEST_SCHEME' => 'http',
  'CONTEXT_PREFIX' => '',
  'CONTEXT_DOCUMENT_ROOT' => '/var/www/html',
  'SERVER_ADMIN' => 'root@localhost',
  'SCRIPT_FILENAME' => '/var/www/html/index.php',
  'REMOTE_PORT' => '33602',
  'REDIRECT_URL' => '/admin/user/notifications',
  'GATEWAY_INTERFACE' => 'CGI/1.1',
  'SERVER_PROTOCOL' => 'HTTP/1.1',
  'REQUEST_METHOD' => 'POST',
  'QUERY_STRING' => '',
  'REQUEST_URI' => '/admin/user/notifications',
  'SCRIPT_NAME' => '/index.php',
  'PHP_SELF' => '/index.php',
  'REQUEST_TIME_FLOAT' => 1475590810.5580001,
  'REQUEST_TIME' => 1475590810,
)  
[2016-10-04 14:20:10] production.ERROR: exception 'Symfony\Component\Debug\Exception\FatalErrorException' with message 'Class 'App\models\App' not found' in /var/www/html/app/models/TranWrapper.php:181
Stack trace:
#0 {main}  
[2016-10-04 14:20:31] production.INFO: array (
  'REDIRECT_STATUS' => '200',
  'HTTP_HOST' => '52.77.34.254',
  'HTTP_CONNECTION' => 'keep-alive',
  'CONTENT_LENGTH' => '28',
  'HTTP_ACCEPT' => '*/*',
  'HTTP_ORIGIN' => 'http://52.77.34.254',
  'HTTP_X_CSRF_TOKEN' => 'eyZkNl3JHA3O3eY55x7eV02n48lTe0bS3yrwHZFP',
  'HTTP_X_REQUESTED_WITH' => 'XMLHttpRequest',
  'HTTP_USER_AGENT' => 'Mozilla/5.0 (X11; Linux i686) AppleWebKit/537.36 (KHTML, like Gecko) Ubuntu Chromium/50.0.2661.102 Chrome/50.0.2661.102 Safari/537.36',
  'CONTENT_TYPE' => 'application/x-www-form-urlencoded; charset=UTF-8',
  'HTTP_REFERER' => 'http://52.77.34.254/borrower/profile',
  'HTTP_ACCEPT_ENCODING' => 'gzip, deflate',
  'HTTP_ACCEPT_LANGUAGE' => 'en-US,en;q=0.8',
  'HTTP_COOKIE' => 'adminer_version=0; XSRF-TOKEN=eyJpdiI6IlJOcTA1dnU1SnpjUnI2ckZrVmc1WEE9PSIsInZhbHVlIjoiVHE2dkN6K0ZJY1FkdlY5WDBDblF3Y252a0pYWEVTaTAxZE1Xak81MDhnSmhRNnFNdGdYRGNhcWRmT2EwN2cyYVBIczF3MHkzbmlMcHJ2c0tWZEdJXC93PT0iLCJtYWMiOiJkMmI3YmI4NmY5NjhkOGE4ZjhmMmIwMzM0OGIxYTE4NTMzOWY0OTQ5M2VmZTlhZGY2ZGM5YzJiMDM0YzNiYjEzIn0%3D; laravel_session=eyJpdiI6IkZidERTVEZHUzFmTXNPWmNmcCtYN1E9PSIsInZhbHVlIjoiUWxXa3F1QlpFNUhQYnpBN04wcmpES1VSSERMUXF3MzFtdVo0bVVYVGhocGlzTE0zN0RFdFowckR0b09LUHVCOFZsTWtmOVYydWdSTnMzcURsdUxaVnc9PSIsIm1hYyI6IjdiOTkyZjNiNmM5ZWU4M2MyMDdmNjZjYWFhMTBmYTQxMTBiMzFiMDAzYzc3MjViNDc3NzliZTgzY2IzYjAxOWQifQ%3D%3D',
  'PATH' => '/sbin:/usr/sbin:/bin:/usr/bin',
  'SERVER_SIGNATURE' => '',
  'SERVER_SOFTWARE' => 'Apache/2.4.23 (Amazon) PHP/5.6.25',
  'SERVER_NAME' => '52.77.34.254',
  'SERVER_ADDR' => '172.31.26.61',
  'SERVER_PORT' => '80',
  'REMOTE_ADDR' => '49.207.190.91',
  'DOCUMENT_ROOT' => '/var/www/html',
  'REQUEST_SCHEME' => 'http',
  'CONTEXT_PREFIX' => '',
  'CONTEXT_DOCUMENT_ROOT' => '/var/www/html',
  'SERVER_ADMIN' => 'root@localhost',
  'SCRIPT_FILENAME' => '/var/www/html/index.php',
  'REMOTE_PORT' => '33621',
  'REDIRECT_URL' => '/admin/user/notifications',
  'GATEWAY_INTERFACE' => 'CGI/1.1',
  'SERVER_PROTOCOL' => 'HTTP/1.1',
  'REQUEST_METHOD' => 'POST',
  'QUERY_STRING' => '',
  'REQUEST_URI' => '/admin/user/notifications',
  'SCRIPT_NAME' => '/index.php',
  'PHP_SELF' => '/index.php',
  'REQUEST_TIME_FLOAT' => 1475590831.2609999,
  'REQUEST_TIME' => 1475590831,
)  
[2016-10-04 14:20:31] production.ERROR: exception 'Symfony\Component\Debug\Exception\FatalErrorException' with message 'Class 'App\models\App' not found' in /var/www/html/app/models/TranWrapper.php:181
Stack trace:
#0 {main}  
[2016-10-04 14:20:40] production.INFO: array (
  'REDIRECT_STATUS' => '200',
  'HTTP_HOST' => '52.77.34.254',
  'HTTP_USER_AGENT' => 'Mozilla/5.0 (X11; Ubuntu; Linux i686; rv:47.0) Gecko/20100101 Firefox/47.0',
  'HTTP_ACCEPT' => '*/*',
  'HTTP_ACCEPT_LANGUAGE' => 'en-US,en;q=0.5',
  'HTTP_ACCEPT_ENCODING' => 'gzip, deflate',
  'CONTENT_TYPE' => 'application/x-www-form-urlencoded; charset=UTF-8',
  'HTTP_X_CSRF_TOKEN' => 'tsZMcHxb0nbbcrorWwd0xrzLCBif9WHPdlgu327J',
  'HTTP_X_REQUESTED_WITH' => 'XMLHttpRequest',
  'HTTP_REFERER' => 'http://52.77.34.254/admin/audit_trial',
  'CONTENT_LENGTH' => '28',
  'HTTP_COOKIE' => 'adminer_version=0; XSRF-TOKEN=eyJpdiI6IjZqY0ZVMkRrcnJ6NzZ2RmdiRzMySXc9PSIsInZhbHVlIjoiUnlIeDZKclNwVGQwYzhJczh2UTkrZDJ6ODhCYlwvWTJ3dHRqbmpQTDYrZmtnTFBiRW5wcTl3WDErbFRHODBCRkozM3lENXJ3cTJJS2NRRFRWUzR1Z09nPT0iLCJtYWMiOiJmMDFmNWE4ZTZmYjlkNTVlYTQyMjVjMGI3YTI5MmY5YWM1YmI2Yjk4ZTM4NzRlYWU4YzFlZTMzNDVlNzk4ZTJkIn0%3D; laravel_session=eyJpdiI6ImlFVEpqc05idU54cXRJdE1vRFlvcHc9PSIsInZhbHVlIjoiWUNTVnlGTkJ2XC9YdHV3d01KQld0MGVzMzdLaWJLbVpVQUZGWWNBZzNCalNEemJSRVVRRTdHUm9zVGwxXC81Tm1sMEFMaXVCcEFPN2p4bFY2TVM0djZlZz09IiwibWFjIjoiMzM1MmM4ZDllODNlYWJkODk1MDYzZDhmY2UwN2RlNjBiZTBjNzE2ZTNhMjliODVjYjJhYWJhMjVmZGRhMzIyNCJ9',
  'HTTP_CONNECTION' => 'keep-alive',
  'PATH' => '/sbin:/usr/sbin:/bin:/usr/bin',
  'SERVER_SIGNATURE' => '',
  'SERVER_SOFTWARE' => 'Apache/2.4.23 (Amazon) PHP/5.6.25',
  'SERVER_NAME' => '52.77.34.254',
  'SERVER_ADDR' => '172.31.26.61',
  'SERVER_PORT' => '80',
  'REMOTE_ADDR' => '49.207.190.91',
  'DOCUMENT_ROOT' => '/var/www/html',
  'REQUEST_SCHEME' => 'http',
  'CONTEXT_PREFIX' => '',
  'CONTEXT_DOCUMENT_ROOT' => '/var/www/html',
  'SERVER_ADMIN' => 'root@localhost',
  'SCRIPT_FILENAME' => '/var/www/html/index.php',
  'REMOTE_PORT' => '33628',
  'REDIRECT_URL' => '/admin/user/notifications',
  'GATEWAY_INTERFACE' => 'CGI/1.1',
  'SERVER_PROTOCOL' => 'HTTP/1.1',
  'REQUEST_METHOD' => 'POST',
  'QUERY_STRING' => '',
  'REQUEST_URI' => '/admin/user/notifications',
  'SCRIPT_NAME' => '/index.php',
  'PHP_SELF' => '/index.php',
  'REQUEST_TIME_FLOAT' => 1475590840.569,
  'REQUEST_TIME' => 1475590840,
)  
[2016-10-04 14:20:40] production.ERROR: exception 'Symfony\Component\Debug\Exception\FatalErrorException' with message 'Class 'App\models\App' not found' in /var/www/html/app/models/TranWrapper.php:181
Stack trace:
#0 {main}  
[2016-10-04 14:21:01] production.INFO: array (
  'REDIRECT_STATUS' => '200',
  'HTTP_HOST' => '52.77.34.254',
  'HTTP_CONNECTION' => 'keep-alive',
  'CONTENT_LENGTH' => '28',
  'HTTP_ACCEPT' => '*/*',
  'HTTP_ORIGIN' => 'http://52.77.34.254',
  'HTTP_X_CSRF_TOKEN' => 'eyZkNl3JHA3O3eY55x7eV02n48lTe0bS3yrwHZFP',
  'HTTP_X_REQUESTED_WITH' => 'XMLHttpRequest',
  'HTTP_USER_AGENT' => 'Mozilla/5.0 (X11; Linux i686) AppleWebKit/537.36 (KHTML, like Gecko) Ubuntu Chromium/50.0.2661.102 Chrome/50.0.2661.102 Safari/537.36',
  'CONTENT_TYPE' => 'application/x-www-form-urlencoded; charset=UTF-8',
  'HTTP_REFERER' => 'http://52.77.34.254/borrower/profile',
  'HTTP_ACCEPT_ENCODING' => 'gzip, deflate',
  'HTTP_ACCEPT_LANGUAGE' => 'en-US,en;q=0.8',
  'HTTP_COOKIE' => 'adminer_version=0; XSRF-TOKEN=eyJpdiI6IlJOcTA1dnU1SnpjUnI2ckZrVmc1WEE9PSIsInZhbHVlIjoiVHE2dkN6K0ZJY1FkdlY5WDBDblF3Y252a0pYWEVTaTAxZE1Xak81MDhnSmhRNnFNdGdYRGNhcWRmT2EwN2cyYVBIczF3MHkzbmlMcHJ2c0tWZEdJXC93PT0iLCJtYWMiOiJkMmI3YmI4NmY5NjhkOGE4ZjhmMmIwMzM0OGIxYTE4NTMzOWY0OTQ5M2VmZTlhZGY2ZGM5YzJiMDM0YzNiYjEzIn0%3D; laravel_session=eyJpdiI6IkZidERTVEZHUzFmTXNPWmNmcCtYN1E9PSIsInZhbHVlIjoiUWxXa3F1QlpFNUhQYnpBN04wcmpES1VSSERMUXF3MzFtdVo0bVVYVGhocGlzTE0zN0RFdFowckR0b09LUHVCOFZsTWtmOVYydWdSTnMzcURsdUxaVnc9PSIsIm1hYyI6IjdiOTkyZjNiNmM5ZWU4M2MyMDdmNjZjYWFhMTBmYTQxMTBiMzFiMDAzYzc3MjViNDc3NzliZTgzY2IzYjAxOWQifQ%3D%3D',
  'PATH' => '/sbin:/usr/sbin:/bin:/usr/bin',
  'SERVER_SIGNATURE' => '',
  'SERVER_SOFTWARE' => 'Apache/2.4.23 (Amazon) PHP/5.6.25',
  'SERVER_NAME' => '52.77.34.254',
  'SERVER_ADDR' => '172.31.26.61',
  'SERVER_PORT' => '80',
  'REMOTE_ADDR' => '49.207.190.91',
  'DOCUMENT_ROOT' => '/var/www/html',
  'REQUEST_SCHEME' => 'http',
  'CONTEXT_PREFIX' => '',
  'CONTEXT_DOCUMENT_ROOT' => '/var/www/html',
  'SERVER_ADMIN' => 'root@localhost',
  'SCRIPT_FILENAME' => '/var/www/html/index.php',
  'REMOTE_PORT' => '33689',
  'REDIRECT_URL' => '/admin/user/notifications',
  'GATEWAY_INTERFACE' => 'CGI/1.1',
  'SERVER_PROTOCOL' => 'HTTP/1.1',
  'REQUEST_METHOD' => 'POST',
  'QUERY_STRING' => '',
  'REQUEST_URI' => '/admin/user/notifications',
  'SCRIPT_NAME' => '/index.php',
  'PHP_SELF' => '/index.php',
  'REQUEST_TIME_FLOAT' => 1475590861.26,
  'REQUEST_TIME' => 1475590861,
)  
[2016-10-04 14:21:01] production.ERROR: exception 'Symfony\Component\Debug\Exception\FatalErrorException' with message 'Class 'App\models\App' not found' in /var/www/html/app/models/TranWrapper.php:181
Stack trace:
#0 {main}  
[2016-10-04 14:21:10] production.INFO: array (
  'REDIRECT_STATUS' => '200',
  'HTTP_HOST' => '52.77.34.254',
  'HTTP_USER_AGENT' => 'Mozilla/5.0 (X11; Ubuntu; Linux i686; rv:47.0) Gecko/20100101 Firefox/47.0',
  'HTTP_ACCEPT' => '*/*',
  'HTTP_ACCEPT_LANGUAGE' => 'en-US,en;q=0.5',
  'HTTP_ACCEPT_ENCODING' => 'gzip, deflate',
  'CONTENT_TYPE' => 'application/x-www-form-urlencoded; charset=UTF-8',
  'HTTP_X_CSRF_TOKEN' => 'tsZMcHxb0nbbcrorWwd0xrzLCBif9WHPdlgu327J',
  'HTTP_X_REQUESTED_WITH' => 'XMLHttpRequest',
  'HTTP_REFERER' => 'http://52.77.34.254/admin/audit_trial',
  'CONTENT_LENGTH' => '28',
  'HTTP_COOKIE' => 'adminer_version=0; XSRF-TOKEN=eyJpdiI6IjZqY0ZVMkRrcnJ6NzZ2RmdiRzMySXc9PSIsInZhbHVlIjoiUnlIeDZKclNwVGQwYzhJczh2UTkrZDJ6ODhCYlwvWTJ3dHRqbmpQTDYrZmtnTFBiRW5wcTl3WDErbFRHODBCRkozM3lENXJ3cTJJS2NRRFRWUzR1Z09nPT0iLCJtYWMiOiJmMDFmNWE4ZTZmYjlkNTVlYTQyMjVjMGI3YTI5MmY5YWM1YmI2Yjk4ZTM4NzRlYWU4YzFlZTMzNDVlNzk4ZTJkIn0%3D; laravel_session=eyJpdiI6ImlFVEpqc05idU54cXRJdE1vRFlvcHc9PSIsInZhbHVlIjoiWUNTVnlGTkJ2XC9YdHV3d01KQld0MGVzMzdLaWJLbVpVQUZGWWNBZzNCalNEemJSRVVRRTdHUm9zVGwxXC81Tm1sMEFMaXVCcEFPN2p4bFY2TVM0djZlZz09IiwibWFjIjoiMzM1MmM4ZDllODNlYWJkODk1MDYzZDhmY2UwN2RlNjBiZTBjNzE2ZTNhMjliODVjYjJhYWJhMjVmZGRhMzIyNCJ9',
  'HTTP_CONNECTION' => 'keep-alive',
  'PATH' => '/sbin:/usr/sbin:/bin:/usr/bin',
  'SERVER_SIGNATURE' => '',
  'SERVER_SOFTWARE' => 'Apache/2.4.23 (Amazon) PHP/5.6.25',
  'SERVER_NAME' => '52.77.34.254',
  'SERVER_ADDR' => '172.31.26.61',
  'SERVER_PORT' => '80',
  'REMOTE_ADDR' => '49.207.190.91',
  'DOCUMENT_ROOT' => '/var/www/html',
  'REQUEST_SCHEME' => 'http',
  'CONTEXT_PREFIX' => '',
  'CONTEXT_DOCUMENT_ROOT' => '/var/www/html',
  'SERVER_ADMIN' => 'root@localhost',
  'SCRIPT_FILENAME' => '/var/www/html/index.php',
  'REMOTE_PORT' => '33694',
  'REDIRECT_URL' => '/admin/user/notifications',
  'GATEWAY_INTERFACE' => 'CGI/1.1',
  'SERVER_PROTOCOL' => 'HTTP/1.1',
  'REQUEST_METHOD' => 'POST',
  'QUERY_STRING' => '',
  'REQUEST_URI' => '/admin/user/notifications',
  'SCRIPT_NAME' => '/index.php',
  'PHP_SELF' => '/index.php',
  'REQUEST_TIME_FLOAT' => 1475590870.569,
  'REQUEST_TIME' => 1475590870,
)  
[2016-10-04 14:21:10] production.ERROR: exception 'Symfony\Component\Debug\Exception\FatalErrorException' with message 'Class 'App\models\App' not found' in /var/www/html/app/models/TranWrapper.php:181
Stack trace:
#0 {main}  
[2016-10-04 14:21:31] production.INFO: array (
  'REDIRECT_STATUS' => '200',
  'HTTP_HOST' => '52.77.34.254',
  'HTTP_CONNECTION' => 'keep-alive',
  'CONTENT_LENGTH' => '28',
  'HTTP_ACCEPT' => '*/*',
  'HTTP_ORIGIN' => 'http://52.77.34.254',
  'HTTP_X_CSRF_TOKEN' => 'eyZkNl3JHA3O3eY55x7eV02n48lTe0bS3yrwHZFP',
  'HTTP_X_REQUESTED_WITH' => 'XMLHttpRequest',
  'HTTP_USER_AGENT' => 'Mozilla/5.0 (X11; Linux i686) AppleWebKit/537.36 (KHTML, like Gecko) Ubuntu Chromium/50.0.2661.102 Chrome/50.0.2661.102 Safari/537.36',
  'CONTENT_TYPE' => 'application/x-www-form-urlencoded; charset=UTF-8',
  'HTTP_REFERER' => 'http://52.77.34.254/borrower/profile',
  'HTTP_ACCEPT_ENCODING' => 'gzip, deflate',
  'HTTP_ACCEPT_LANGUAGE' => 'en-US,en;q=0.8',
  'HTTP_COOKIE' => 'adminer_version=0; XSRF-TOKEN=eyJpdiI6IlJOcTA1dnU1SnpjUnI2ckZrVmc1WEE9PSIsInZhbHVlIjoiVHE2dkN6K0ZJY1FkdlY5WDBDblF3Y252a0pYWEVTaTAxZE1Xak81MDhnSmhRNnFNdGdYRGNhcWRmT2EwN2cyYVBIczF3MHkzbmlMcHJ2c0tWZEdJXC93PT0iLCJtYWMiOiJkMmI3YmI4NmY5NjhkOGE4ZjhmMmIwMzM0OGIxYTE4NTMzOWY0OTQ5M2VmZTlhZGY2ZGM5YzJiMDM0YzNiYjEzIn0%3D; laravel_session=eyJpdiI6IkZidERTVEZHUzFmTXNPWmNmcCtYN1E9PSIsInZhbHVlIjoiUWxXa3F1QlpFNUhQYnpBN04wcmpES1VSSERMUXF3MzFtdVo0bVVYVGhocGlzTE0zN0RFdFowckR0b09LUHVCOFZsTWtmOVYydWdSTnMzcURsdUxaVnc9PSIsIm1hYyI6IjdiOTkyZjNiNmM5ZWU4M2MyMDdmNjZjYWFhMTBmYTQxMTBiMzFiMDAzYzc3MjViNDc3NzliZTgzY2IzYjAxOWQifQ%3D%3D',
  'PATH' => '/sbin:/usr/sbin:/bin:/usr/bin',
  'SERVER_SIGNATURE' => '',
  'SERVER_SOFTWARE' => 'Apache/2.4.23 (Amazon) PHP/5.6.25',
  'SERVER_NAME' => '52.77.34.254',
  'SERVER_ADDR' => '172.31.26.61',
  'SERVER_PORT' => '80',
  'REMOTE_ADDR' => '49.207.190.91',
  'DOCUMENT_ROOT' => '/var/www/html',
  'REQUEST_SCHEME' => 'http',
  'CONTEXT_PREFIX' => '',
  'CONTEXT_DOCUMENT_ROOT' => '/var/www/html',
  'SERVER_ADMIN' => 'root@localhost',
  'SCRIPT_FILENAME' => '/var/www/html/index.php',
  'REMOTE_PORT' => '33695',
  'REDIRECT_URL' => '/admin/user/notifications',
  'GATEWAY_INTERFACE' => 'CGI/1.1',
  'SERVER_PROTOCOL' => 'HTTP/1.1',
  'REQUEST_METHOD' => 'POST',
  'QUERY_STRING' => '',
  'REQUEST_URI' => '/admin/user/notifications',
  'SCRIPT_NAME' => '/index.php',
  'PHP_SELF' => '/index.php',
  'REQUEST_TIME_FLOAT' => 1475590891.263,
  'REQUEST_TIME' => 1475590891,
)  
[2016-10-04 14:21:31] production.ERROR: exception 'Symfony\Component\Debug\Exception\FatalErrorException' with message 'Class 'App\models\App' not found' in /var/www/html/app/models/TranWrapper.php:181
Stack trace:
#0 {main}  
[2016-10-04 14:21:40] production.INFO: array (
  'REDIRECT_STATUS' => '200',
  'HTTP_HOST' => '52.77.34.254',
  'HTTP_USER_AGENT' => 'Mozilla/5.0 (X11; Ubuntu; Linux i686; rv:47.0) Gecko/20100101 Firefox/47.0',
  'HTTP_ACCEPT' => '*/*',
  'HTTP_ACCEPT_LANGUAGE' => 'en-US,en;q=0.5',
  'HTTP_ACCEPT_ENCODING' => 'gzip, deflate',
  'CONTENT_TYPE' => 'application/x-www-form-urlencoded; charset=UTF-8',
  'HTTP_X_CSRF_TOKEN' => 'tsZMcHxb0nbbcrorWwd0xrzLCBif9WHPdlgu327J',
  'HTTP_X_REQUESTED_WITH' => 'XMLHttpRequest',
  'HTTP_REFERER' => 'http://52.77.34.254/admin/audit_trial',
  'CONTENT_LENGTH' => '28',
  'HTTP_COOKIE' => 'adminer_version=0; XSRF-TOKEN=eyJpdiI6IjZqY0ZVMkRrcnJ6NzZ2RmdiRzMySXc9PSIsInZhbHVlIjoiUnlIeDZKclNwVGQwYzhJczh2UTkrZDJ6ODhCYlwvWTJ3dHRqbmpQTDYrZmtnTFBiRW5wcTl3WDErbFRHODBCRkozM3lENXJ3cTJJS2NRRFRWUzR1Z09nPT0iLCJtYWMiOiJmMDFmNWE4ZTZmYjlkNTVlYTQyMjVjMGI3YTI5MmY5YWM1YmI2Yjk4ZTM4NzRlYWU4YzFlZTMzNDVlNzk4ZTJkIn0%3D; laravel_session=eyJpdiI6ImlFVEpqc05idU54cXRJdE1vRFlvcHc9PSIsInZhbHVlIjoiWUNTVnlGTkJ2XC9YdHV3d01KQld0MGVzMzdLaWJLbVpVQUZGWWNBZzNCalNEemJSRVVRRTdHUm9zVGwxXC81Tm1sMEFMaXVCcEFPN2p4bFY2TVM0djZlZz09IiwibWFjIjoiMzM1MmM4ZDllODNlYWJkODk1MDYzZDhmY2UwN2RlNjBiZTBjNzE2ZTNhMjliODVjYjJhYWJhMjVmZGRhMzIyNCJ9',
  'HTTP_CONNECTION' => 'keep-alive',
  'PATH' => '/sbin:/usr/sbin:/bin:/usr/bin',
  'SERVER_SIGNATURE' => '',
  'SERVER_SOFTWARE' => 'Apache/2.4.23 (Amazon) PHP/5.6.25',
  'SERVER_NAME' => '52.77.34.254',
  'SERVER_ADDR' => '172.31.26.61',
  'SERVER_PORT' => '80',
  'REMOTE_ADDR' => '49.207.190.91',
  'DOCUMENT_ROOT' => '/var/www/html',
  'REQUEST_SCHEME' => 'http',
  'CONTEXT_PREFIX' => '',
  'CONTEXT_DOCUMENT_ROOT' => '/var/www/html',
  'SERVER_ADMIN' => 'root@localhost',
  'SCRIPT_FILENAME' => '/var/www/html/index.php',
  'REMOTE_PORT' => '33711',
  'REDIRECT_URL' => '/admin/user/notifications',
  'GATEWAY_INTERFACE' => 'CGI/1.1',
  'SERVER_PROTOCOL' => 'HTTP/1.1',
  'REQUEST_METHOD' => 'POST',
  'QUERY_STRING' => '',
  'REQUEST_URI' => '/admin/user/notifications',
  'SCRIPT_NAME' => '/index.php',
  'PHP_SELF' => '/index.php',
  'REQUEST_TIME_FLOAT' => 1475590900.5599999,
  'REQUEST_TIME' => 1475590900,
)  
[2016-10-04 14:21:40] production.ERROR: exception 'Symfony\Component\Debug\Exception\FatalErrorException' with message 'Class 'App\models\App' not found' in /var/www/html/app/models/TranWrapper.php:181
Stack trace:
#0 {main}  
[2016-10-04 14:22:01] production.INFO: array (
  'REDIRECT_STATUS' => '200',
  'HTTP_HOST' => '52.77.34.254',
  'HTTP_CONNECTION' => 'keep-alive',
  'CONTENT_LENGTH' => '28',
  'HTTP_ACCEPT' => '*/*',
  'HTTP_ORIGIN' => 'http://52.77.34.254',
  'HTTP_X_CSRF_TOKEN' => 'eyZkNl3JHA3O3eY55x7eV02n48lTe0bS3yrwHZFP',
  'HTTP_X_REQUESTED_WITH' => 'XMLHttpRequest',
  'HTTP_USER_AGENT' => 'Mozilla/5.0 (X11; Linux i686) AppleWebKit/537.36 (KHTML, like Gecko) Ubuntu Chromium/50.0.2661.102 Chrome/50.0.2661.102 Safari/537.36',
  'CONTENT_TYPE' => 'application/x-www-form-urlencoded; charset=UTF-8',
  'HTTP_REFERER' => 'http://52.77.34.254/borrower/profile',
  'HTTP_ACCEPT_ENCODING' => 'gzip, deflate',
  'HTTP_ACCEPT_LANGUAGE' => 'en-US,en;q=0.8',
  'HTTP_COOKIE' => 'adminer_version=0; XSRF-TOKEN=eyJpdiI6IlJOcTA1dnU1SnpjUnI2ckZrVmc1WEE9PSIsInZhbHVlIjoiVHE2dkN6K0ZJY1FkdlY5WDBDblF3Y252a0pYWEVTaTAxZE1Xak81MDhnSmhRNnFNdGdYRGNhcWRmT2EwN2cyYVBIczF3MHkzbmlMcHJ2c0tWZEdJXC93PT0iLCJtYWMiOiJkMmI3YmI4NmY5NjhkOGE4ZjhmMmIwMzM0OGIxYTE4NTMzOWY0OTQ5M2VmZTlhZGY2ZGM5YzJiMDM0YzNiYjEzIn0%3D; laravel_session=eyJpdiI6IkZidERTVEZHUzFmTXNPWmNmcCtYN1E9PSIsInZhbHVlIjoiUWxXa3F1QlpFNUhQYnpBN04wcmpES1VSSERMUXF3MzFtdVo0bVVYVGhocGlzTE0zN0RFdFowckR0b09LUHVCOFZsTWtmOVYydWdSTnMzcURsdUxaVnc9PSIsIm1hYyI6IjdiOTkyZjNiNmM5ZWU4M2MyMDdmNjZjYWFhMTBmYTQxMTBiMzFiMDAzYzc3MjViNDc3NzliZTgzY2IzYjAxOWQifQ%3D%3D',
  'PATH' => '/sbin:/usr/sbin:/bin:/usr/bin',
  'SERVER_SIGNATURE' => '',
  'SERVER_SOFTWARE' => 'Apache/2.4.23 (Amazon) PHP/5.6.25',
  'SERVER_NAME' => '52.77.34.254',
  'SERVER_ADDR' => '172.31.26.61',
  'SERVER_PORT' => '80',
  'REMOTE_ADDR' => '49.207.190.91',
  'DOCUMENT_ROOT' => '/var/www/html',
  'REQUEST_SCHEME' => 'http',
  'CONTEXT_PREFIX' => '',
  'CONTEXT_DOCUMENT_ROOT' => '/var/www/html',
  'SERVER_ADMIN' => 'root@localhost',
  'SCRIPT_FILENAME' => '/var/www/html/index.php',
  'REMOTE_PORT' => '33757',
  'REDIRECT_URL' => '/admin/user/notifications',
  'GATEWAY_INTERFACE' => 'CGI/1.1',
  'SERVER_PROTOCOL' => 'HTTP/1.1',
  'REQUEST_METHOD' => 'POST',
  'QUERY_STRING' => '',
  'REQUEST_URI' => '/admin/user/notifications',
  'SCRIPT_NAME' => '/index.php',
  'PHP_SELF' => '/index.php',
  'REQUEST_TIME_FLOAT' => 1475590921.2579999,
  'REQUEST_TIME' => 1475590921,
)  
[2016-10-04 14:22:01] production.ERROR: exception 'Symfony\Component\Debug\Exception\FatalErrorException' with message 'Class 'App\models\App' not found' in /var/www/html/app/models/TranWrapper.php:181
Stack trace:
#0 {main}  
[2016-10-04 14:22:10] production.INFO: array (
  'REDIRECT_STATUS' => '200',
  'HTTP_HOST' => '52.77.34.254',
  'HTTP_USER_AGENT' => 'Mozilla/5.0 (X11; Ubuntu; Linux i686; rv:47.0) Gecko/20100101 Firefox/47.0',
  'HTTP_ACCEPT' => '*/*',
  'HTTP_ACCEPT_LANGUAGE' => 'en-US,en;q=0.5',
  'HTTP_ACCEPT_ENCODING' => 'gzip, deflate',
  'CONTENT_TYPE' => 'application/x-www-form-urlencoded; charset=UTF-8',
  'HTTP_X_CSRF_TOKEN' => 'tsZMcHxb0nbbcrorWwd0xrzLCBif9WHPdlgu327J',
  'HTTP_X_REQUESTED_WITH' => 'XMLHttpRequest',
  'HTTP_REFERER' => 'http://52.77.34.254/admin/audit_trial',
  'CONTENT_LENGTH' => '28',
  'HTTP_COOKIE' => 'adminer_version=0; XSRF-TOKEN=eyJpdiI6IjZqY0ZVMkRrcnJ6NzZ2RmdiRzMySXc9PSIsInZhbHVlIjoiUnlIeDZKclNwVGQwYzhJczh2UTkrZDJ6ODhCYlwvWTJ3dHRqbmpQTDYrZmtnTFBiRW5wcTl3WDErbFRHODBCRkozM3lENXJ3cTJJS2NRRFRWUzR1Z09nPT0iLCJtYWMiOiJmMDFmNWE4ZTZmYjlkNTVlYTQyMjVjMGI3YTI5MmY5YWM1YmI2Yjk4ZTM4NzRlYWU4YzFlZTMzNDVlNzk4ZTJkIn0%3D; laravel_session=eyJpdiI6ImlFVEpqc05idU54cXRJdE1vRFlvcHc9PSIsInZhbHVlIjoiWUNTVnlGTkJ2XC9YdHV3d01KQld0MGVzMzdLaWJLbVpVQUZGWWNBZzNCalNEemJSRVVRRTdHUm9zVGwxXC81Tm1sMEFMaXVCcEFPN2p4bFY2TVM0djZlZz09IiwibWFjIjoiMzM1MmM4ZDllODNlYWJkODk1MDYzZDhmY2UwN2RlNjBiZTBjNzE2ZTNhMjliODVjYjJhYWJhMjVmZGRhMzIyNCJ9',
  'HTTP_CONNECTION' => 'keep-alive',
  'PATH' => '/sbin:/usr/sbin:/bin:/usr/bin',
  'SERVER_SIGNATURE' => '',
  'SERVER_SOFTWARE' => 'Apache/2.4.23 (Amazon) PHP/5.6.25',
  'SERVER_NAME' => '52.77.34.254',
  'SERVER_ADDR' => '172.31.26.61',
  'SERVER_PORT' => '80',
  'REMOTE_ADDR' => '49.207.190.91',
  'DOCUMENT_ROOT' => '/var/www/html',
  'REQUEST_SCHEME' => 'http',
  'CONTEXT_PREFIX' => '',
  'CONTEXT_DOCUMENT_ROOT' => '/var/www/html',
  'SERVER_ADMIN' => 'root@localhost',
  'SCRIPT_FILENAME' => '/var/www/html/index.php',
  'REMOTE_PORT' => '33760',
  'REDIRECT_URL' => '/admin/user/notifications',
  'GATEWAY_INTERFACE' => 'CGI/1.1',
  'SERVER_PROTOCOL' => 'HTTP/1.1',
  'REQUEST_METHOD' => 'POST',
  'QUERY_STRING' => '',
  'REQUEST_URI' => '/admin/user/notifications',
  'SCRIPT_NAME' => '/index.php',
  'PHP_SELF' => '/index.php',
  'REQUEST_TIME_FLOAT' => 1475590930.5650001,
  'REQUEST_TIME' => 1475590930,
)  
[2016-10-04 14:22:10] production.ERROR: exception 'Symfony\Component\Debug\Exception\FatalErrorException' with message 'Class 'App\models\App' not found' in /var/www/html/app/models/TranWrapper.php:181
Stack trace:
#0 {main}  
[2016-10-04 14:22:31] production.INFO: array (
  'REDIRECT_STATUS' => '200',
  'HTTP_HOST' => '52.77.34.254',
  'HTTP_CONNECTION' => 'keep-alive',
  'CONTENT_LENGTH' => '28',
  'HTTP_ACCEPT' => '*/*',
  'HTTP_ORIGIN' => 'http://52.77.34.254',
  'HTTP_X_CSRF_TOKEN' => 'eyZkNl3JHA3O3eY55x7eV02n48lTe0bS3yrwHZFP',
  'HTTP_X_REQUESTED_WITH' => 'XMLHttpRequest',
  'HTTP_USER_AGENT' => 'Mozilla/5.0 (X11; Linux i686) AppleWebKit/537.36 (KHTML, like Gecko) Ubuntu Chromium/50.0.2661.102 Chrome/50.0.2661.102 Safari/537.36',
  'CONTENT_TYPE' => 'application/x-www-form-urlencoded; charset=UTF-8',
  'HTTP_REFERER' => 'http://52.77.34.254/borrower/profile',
  'HTTP_ACCEPT_ENCODING' => 'gzip, deflate',
  'HTTP_ACCEPT_LANGUAGE' => 'en-US,en;q=0.8',
  'HTTP_COOKIE' => 'adminer_version=0; XSRF-TOKEN=eyJpdiI6IlJOcTA1dnU1SnpjUnI2ckZrVmc1WEE9PSIsInZhbHVlIjoiVHE2dkN6K0ZJY1FkdlY5WDBDblF3Y252a0pYWEVTaTAxZE1Xak81MDhnSmhRNnFNdGdYRGNhcWRmT2EwN2cyYVBIczF3MHkzbmlMcHJ2c0tWZEdJXC93PT0iLCJtYWMiOiJkMmI3YmI4NmY5NjhkOGE4ZjhmMmIwMzM0OGIxYTE4NTMzOWY0OTQ5M2VmZTlhZGY2ZGM5YzJiMDM0YzNiYjEzIn0%3D; laravel_session=eyJpdiI6IkZidERTVEZHUzFmTXNPWmNmcCtYN1E9PSIsInZhbHVlIjoiUWxXa3F1QlpFNUhQYnpBN04wcmpES1VSSERMUXF3MzFtdVo0bVVYVGhocGlzTE0zN0RFdFowckR0b09LUHVCOFZsTWtmOVYydWdSTnMzcURsdUxaVnc9PSIsIm1hYyI6IjdiOTkyZjNiNmM5ZWU4M2MyMDdmNjZjYWFhMTBmYTQxMTBiMzFiMDAzYzc3MjViNDc3NzliZTgzY2IzYjAxOWQifQ%3D%3D',
  'PATH' => '/sbin:/usr/sbin:/bin:/usr/bin',
  'SERVER_SIGNATURE' => '',
  'SERVER_SOFTWARE' => 'Apache/2.4.23 (Amazon) PHP/5.6.25',
  'SERVER_NAME' => '52.77.34.254',
  'SERVER_ADDR' => '172.31.26.61',
  'SERVER_PORT' => '80',
  'REMOTE_ADDR' => '49.207.190.91',
  'DOCUMENT_ROOT' => '/var/www/html',
  'REQUEST_SCHEME' => 'http',
  'CONTEXT_PREFIX' => '',
  'CONTEXT_DOCUMENT_ROOT' => '/var/www/html',
  'SERVER_ADMIN' => 'root@localhost',
  'SCRIPT_FILENAME' => '/var/www/html/index.php',
  'REMOTE_PORT' => '31745',
  'REDIRECT_URL' => '/admin/user/notifications',
  'GATEWAY_INTERFACE' => 'CGI/1.1',
  'SERVER_PROTOCOL' => 'HTTP/1.1',
  'REQUEST_METHOD' => 'POST',
  'QUERY_STRING' => '',
  'REQUEST_URI' => '/admin/user/notifications',
  'SCRIPT_NAME' => '/index.php',
  'PHP_SELF' => '/index.php',
  'REQUEST_TIME_FLOAT' => 1475590951.2609999,
  'REQUEST_TIME' => 1475590951,
)  
[2016-10-04 14:22:31] production.ERROR: exception 'Symfony\Component\Debug\Exception\FatalErrorException' with message 'Class 'App\models\App' not found' in /var/www/html/app/models/TranWrapper.php:181
Stack trace:
#0 {main}  
[2016-10-04 14:22:40] production.INFO: array (
  'REDIRECT_STATUS' => '200',
  'HTTP_HOST' => '52.77.34.254',
  'HTTP_USER_AGENT' => 'Mozilla/5.0 (X11; Ubuntu; Linux i686; rv:47.0) Gecko/20100101 Firefox/47.0',
  'HTTP_ACCEPT' => '*/*',
  'HTTP_ACCEPT_LANGUAGE' => 'en-US,en;q=0.5',
  'HTTP_ACCEPT_ENCODING' => 'gzip, deflate',
  'CONTENT_TYPE' => 'application/x-www-form-urlencoded; charset=UTF-8',
  'HTTP_X_CSRF_TOKEN' => 'tsZMcHxb0nbbcrorWwd0xrzLCBif9WHPdlgu327J',
  'HTTP_X_REQUESTED_WITH' => 'XMLHttpRequest',
  'HTTP_REFERER' => 'http://52.77.34.254/admin/audit_trial',
  'CONTENT_LENGTH' => '28',
  'HTTP_COOKIE' => 'adminer_version=0; XSRF-TOKEN=eyJpdiI6IjZqY0ZVMkRrcnJ6NzZ2RmdiRzMySXc9PSIsInZhbHVlIjoiUnlIeDZKclNwVGQwYzhJczh2UTkrZDJ6ODhCYlwvWTJ3dHRqbmpQTDYrZmtnTFBiRW5wcTl3WDErbFRHODBCRkozM3lENXJ3cTJJS2NRRFRWUzR1Z09nPT0iLCJtYWMiOiJmMDFmNWE4ZTZmYjlkNTVlYTQyMjVjMGI3YTI5MmY5YWM1YmI2Yjk4ZTM4NzRlYWU4YzFlZTMzNDVlNzk4ZTJkIn0%3D; laravel_session=eyJpdiI6ImlFVEpqc05idU54cXRJdE1vRFlvcHc9PSIsInZhbHVlIjoiWUNTVnlGTkJ2XC9YdHV3d01KQld0MGVzMzdLaWJLbVpVQUZGWWNBZzNCalNEemJSRVVRRTdHUm9zVGwxXC81Tm1sMEFMaXVCcEFPN2p4bFY2TVM0djZlZz09IiwibWFjIjoiMzM1MmM4ZDllODNlYWJkODk1MDYzZDhmY2UwN2RlNjBiZTBjNzE2ZTNhMjliODVjYjJhYWJhMjVmZGRhMzIyNCJ9',
  'HTTP_CONNECTION' => 'keep-alive',
  'PATH' => '/sbin:/usr/sbin:/bin:/usr/bin',
  'SERVER_SIGNATURE' => '',
  'SERVER_SOFTWARE' => 'Apache/2.4.23 (Amazon) PHP/5.6.25',
  'SERVER_NAME' => '52.77.34.254',
  'SERVER_ADDR' => '172.31.26.61',
  'SERVER_PORT' => '80',
  'REMOTE_ADDR' => '49.207.190.91',
  'DOCUMENT_ROOT' => '/var/www/html',
  'REQUEST_SCHEME' => 'http',
  'CONTEXT_PREFIX' => '',
  'CONTEXT_DOCUMENT_ROOT' => '/var/www/html',
  'SERVER_ADMIN' => 'root@localhost',
  'SCRIPT_FILENAME' => '/var/www/html/index.php',
  'REMOTE_PORT' => '31749',
  'REDIRECT_URL' => '/admin/user/notifications',
  'GATEWAY_INTERFACE' => 'CGI/1.1',
  'SERVER_PROTOCOL' => 'HTTP/1.1',
  'REQUEST_METHOD' => 'POST',
  'QUERY_STRING' => '',
  'REQUEST_URI' => '/admin/user/notifications',
  'SCRIPT_NAME' => '/index.php',
  'PHP_SELF' => '/index.php',
  'REQUEST_TIME_FLOAT' => 1475590960.55,
  'REQUEST_TIME' => 1475590960,
)  
[2016-10-04 14:22:40] production.ERROR: exception 'Symfony\Component\Debug\Exception\FatalErrorException' with message 'Class 'App\models\App' not found' in /var/www/html/app/models/TranWrapper.php:181
Stack trace:
#0 {main}  
[2016-10-04 14:23:01] production.INFO: array (
  'REDIRECT_STATUS' => '200',
  'HTTP_HOST' => '52.77.34.254',
  'HTTP_CONNECTION' => 'keep-alive',
  'CONTENT_LENGTH' => '28',
  'HTTP_ACCEPT' => '*/*',
  'HTTP_ORIGIN' => 'http://52.77.34.254',
  'HTTP_X_CSRF_TOKEN' => 'eyZkNl3JHA3O3eY55x7eV02n48lTe0bS3yrwHZFP',
  'HTTP_X_REQUESTED_WITH' => 'XMLHttpRequest',
  'HTTP_USER_AGENT' => 'Mozilla/5.0 (X11; Linux i686) AppleWebKit/537.36 (KHTML, like Gecko) Ubuntu Chromium/50.0.2661.102 Chrome/50.0.2661.102 Safari/537.36',
  'CONTENT_TYPE' => 'application/x-www-form-urlencoded; charset=UTF-8',
  'HTTP_REFERER' => 'http://52.77.34.254/borrower/profile',
  'HTTP_ACCEPT_ENCODING' => 'gzip, deflate',
  'HTTP_ACCEPT_LANGUAGE' => 'en-US,en;q=0.8',
  'HTTP_COOKIE' => 'adminer_version=0; XSRF-TOKEN=eyJpdiI6IlJOcTA1dnU1SnpjUnI2ckZrVmc1WEE9PSIsInZhbHVlIjoiVHE2dkN6K0ZJY1FkdlY5WDBDblF3Y252a0pYWEVTaTAxZE1Xak81MDhnSmhRNnFNdGdYRGNhcWRmT2EwN2cyYVBIczF3MHkzbmlMcHJ2c0tWZEdJXC93PT0iLCJtYWMiOiJkMmI3YmI4NmY5NjhkOGE4ZjhmMmIwMzM0OGIxYTE4NTMzOWY0OTQ5M2VmZTlhZGY2ZGM5YzJiMDM0YzNiYjEzIn0%3D; laravel_session=eyJpdiI6IkZidERTVEZHUzFmTXNPWmNmcCtYN1E9PSIsInZhbHVlIjoiUWxXa3F1QlpFNUhQYnpBN04wcmpES1VSSERMUXF3MzFtdVo0bVVYVGhocGlzTE0zN0RFdFowckR0b09LUHVCOFZsTWtmOVYydWdSTnMzcURsdUxaVnc9PSIsIm1hYyI6IjdiOTkyZjNiNmM5ZWU4M2MyMDdmNjZjYWFhMTBmYTQxMTBiMzFiMDAzYzc3MjViNDc3NzliZTgzY2IzYjAxOWQifQ%3D%3D',
  'PATH' => '/sbin:/usr/sbin:/bin:/usr/bin',
  'SERVER_SIGNATURE' => '',
  'SERVER_SOFTWARE' => 'Apache/2.4.23 (Amazon) PHP/5.6.25',
  'SERVER_NAME' => '52.77.34.254',
  'SERVER_ADDR' => '172.31.26.61',
  'SERVER_PORT' => '80',
  'REMOTE_ADDR' => '49.207.190.91',
  'DOCUMENT_ROOT' => '/var/www/html',
  'REQUEST_SCHEME' => 'http',
  'CONTEXT_PREFIX' => '',
  'CONTEXT_DOCUMENT_ROOT' => '/var/www/html',
  'SERVER_ADMIN' => 'root@localhost',
  'SCRIPT_FILENAME' => '/var/www/html/index.php',
  'REMOTE_PORT' => '31837',
  'REDIRECT_URL' => '/admin/user/notifications',
  'GATEWAY_INTERFACE' => 'CGI/1.1',
  'SERVER_PROTOCOL' => 'HTTP/1.1',
  'REQUEST_METHOD' => 'POST',
  'QUERY_STRING' => '',
  'REQUEST_URI' => '/admin/user/notifications',
  'SCRIPT_NAME' => '/index.php',
  'PHP_SELF' => '/index.php',
  'REQUEST_TIME_FLOAT' => 1475590981.2639999,
  'REQUEST_TIME' => 1475590981,
)  
[2016-10-04 14:23:01] production.ERROR: exception 'Symfony\Component\Debug\Exception\FatalErrorException' with message 'Class 'App\models\App' not found' in /var/www/html/app/models/TranWrapper.php:181
Stack trace:
#0 {main}  
[2016-10-04 14:23:10] production.INFO: array (
  'REDIRECT_STATUS' => '200',
  'HTTP_HOST' => '52.77.34.254',
  'HTTP_USER_AGENT' => 'Mozilla/5.0 (X11; Ubuntu; Linux i686; rv:47.0) Gecko/20100101 Firefox/47.0',
  'HTTP_ACCEPT' => '*/*',
  'HTTP_ACCEPT_LANGUAGE' => 'en-US,en;q=0.5',
  'HTTP_ACCEPT_ENCODING' => 'gzip, deflate',
  'CONTENT_TYPE' => 'application/x-www-form-urlencoded; charset=UTF-8',
  'HTTP_X_CSRF_TOKEN' => 'tsZMcHxb0nbbcrorWwd0xrzLCBif9WHPdlgu327J',
  'HTTP_X_REQUESTED_WITH' => 'XMLHttpRequest',
  'HTTP_REFERER' => 'http://52.77.34.254/admin/audit_trial',
  'CONTENT_LENGTH' => '28',
  'HTTP_COOKIE' => 'adminer_version=0; XSRF-TOKEN=eyJpdiI6IjZqY0ZVMkRrcnJ6NzZ2RmdiRzMySXc9PSIsInZhbHVlIjoiUnlIeDZKclNwVGQwYzhJczh2UTkrZDJ6ODhCYlwvWTJ3dHRqbmpQTDYrZmtnTFBiRW5wcTl3WDErbFRHODBCRkozM3lENXJ3cTJJS2NRRFRWUzR1Z09nPT0iLCJtYWMiOiJmMDFmNWE4ZTZmYjlkNTVlYTQyMjVjMGI3YTI5MmY5YWM1YmI2Yjk4ZTM4NzRlYWU4YzFlZTMzNDVlNzk4ZTJkIn0%3D; laravel_session=eyJpdiI6ImlFVEpqc05idU54cXRJdE1vRFlvcHc9PSIsInZhbHVlIjoiWUNTVnlGTkJ2XC9YdHV3d01KQld0MGVzMzdLaWJLbVpVQUZGWWNBZzNCalNEemJSRVVRRTdHUm9zVGwxXC81Tm1sMEFMaXVCcEFPN2p4bFY2TVM0djZlZz09IiwibWFjIjoiMzM1MmM4ZDllODNlYWJkODk1MDYzZDhmY2UwN2RlNjBiZTBjNzE2ZTNhMjliODVjYjJhYWJhMjVmZGRhMzIyNCJ9',
  'HTTP_CONNECTION' => 'keep-alive',
  'PATH' => '/sbin:/usr/sbin:/bin:/usr/bin',
  'SERVER_SIGNATURE' => '',
  'SERVER_SOFTWARE' => 'Apache/2.4.23 (Amazon) PHP/5.6.25',
  'SERVER_NAME' => '52.77.34.254',
  'SERVER_ADDR' => '172.31.26.61',
  'SERVER_PORT' => '80',
  'REMOTE_ADDR' => '49.207.190.91',
  'DOCUMENT_ROOT' => '/var/www/html',
  'REQUEST_SCHEME' => 'http',
  'CONTEXT_PREFIX' => '',
  'CONTEXT_DOCUMENT_ROOT' => '/var/www/html',
  'SERVER_ADMIN' => 'root@localhost',
  'SCRIPT_FILENAME' => '/var/www/html/index.php',
  'REMOTE_PORT' => '31840',
  'REDIRECT_URL' => '/admin/user/notifications',
  'GATEWAY_INTERFACE' => 'CGI/1.1',
  'SERVER_PROTOCOL' => 'HTTP/1.1',
  'REQUEST_METHOD' => 'POST',
  'QUERY_STRING' => '',
  'REQUEST_URI' => '/admin/user/notifications',
  'SCRIPT_NAME' => '/index.php',
  'PHP_SELF' => '/index.php',
  'REQUEST_TIME_FLOAT' => 1475590990.562,
  'REQUEST_TIME' => 1475590990,
)  
[2016-10-04 14:23:10] production.ERROR: exception 'Symfony\Component\Debug\Exception\FatalErrorException' with message 'Class 'App\models\App' not found' in /var/www/html/app/models/TranWrapper.php:181
Stack trace:
#0 {main}  
[2016-10-04 14:23:31] production.INFO: array (
  'REDIRECT_STATUS' => '200',
  'HTTP_HOST' => '52.77.34.254',
  'HTTP_CONNECTION' => 'keep-alive',
  'CONTENT_LENGTH' => '28',
  'HTTP_ACCEPT' => '*/*',
  'HTTP_ORIGIN' => 'http://52.77.34.254',
  'HTTP_X_CSRF_TOKEN' => 'eyZkNl3JHA3O3eY55x7eV02n48lTe0bS3yrwHZFP',
  'HTTP_X_REQUESTED_WITH' => 'XMLHttpRequest',
  'HTTP_USER_AGENT' => 'Mozilla/5.0 (X11; Linux i686) AppleWebKit/537.36 (KHTML, like Gecko) Ubuntu Chromium/50.0.2661.102 Chrome/50.0.2661.102 Safari/537.36',
  'CONTENT_TYPE' => 'application/x-www-form-urlencoded; charset=UTF-8',
  'HTTP_REFERER' => 'http://52.77.34.254/borrower/profile',
  'HTTP_ACCEPT_ENCODING' => 'gzip, deflate',
  'HTTP_ACCEPT_LANGUAGE' => 'en-US,en;q=0.8',
  'HTTP_COOKIE' => 'adminer_version=0; XSRF-TOKEN=eyJpdiI6IlJOcTA1dnU1SnpjUnI2ckZrVmc1WEE9PSIsInZhbHVlIjoiVHE2dkN6K0ZJY1FkdlY5WDBDblF3Y252a0pYWEVTaTAxZE1Xak81MDhnSmhRNnFNdGdYRGNhcWRmT2EwN2cyYVBIczF3MHkzbmlMcHJ2c0tWZEdJXC93PT0iLCJtYWMiOiJkMmI3YmI4NmY5NjhkOGE4ZjhmMmIwMzM0OGIxYTE4NTMzOWY0OTQ5M2VmZTlhZGY2ZGM5YzJiMDM0YzNiYjEzIn0%3D; laravel_session=eyJpdiI6IkZidERTVEZHUzFmTXNPWmNmcCtYN1E9PSIsInZhbHVlIjoiUWxXa3F1QlpFNUhQYnpBN04wcmpES1VSSERMUXF3MzFtdVo0bVVYVGhocGlzTE0zN0RFdFowckR0b09LUHVCOFZsTWtmOVYydWdSTnMzcURsdUxaVnc9PSIsIm1hYyI6IjdiOTkyZjNiNmM5ZWU4M2MyMDdmNjZjYWFhMTBmYTQxMTBiMzFiMDAzYzc3MjViNDc3NzliZTgzY2IzYjAxOWQifQ%3D%3D',
  'PATH' => '/sbin:/usr/sbin:/bin:/usr/bin',
  'SERVER_SIGNATURE' => '',
  'SERVER_SOFTWARE' => 'Apache/2.4.23 (Amazon) PHP/5.6.25',
  'SERVER_NAME' => '52.77.34.254',
  'SERVER_ADDR' => '172.31.26.61',
  'SERVER_PORT' => '80',
  'REMOTE_ADDR' => '49.207.190.91',
  'DOCUMENT_ROOT' => '/var/www/html',
  'REQUEST_SCHEME' => 'http',
  'CONTEXT_PREFIX' => '',
  'CONTEXT_DOCUMENT_ROOT' => '/var/www/html',
  'SERVER_ADMIN' => 'root@localhost',
  'SCRIPT_FILENAME' => '/var/www/html/index.php',
  'REMOTE_PORT' => '31850',
  'REDIRECT_URL' => '/admin/user/notifications',
  'GATEWAY_INTERFACE' => 'CGI/1.1',
  'SERVER_PROTOCOL' => 'HTTP/1.1',
  'REQUEST_METHOD' => 'POST',
  'QUERY_STRING' => '',
  'REQUEST_URI' => '/admin/user/notifications',
  'SCRIPT_NAME' => '/index.php',
  'PHP_SELF' => '/index.php',
  'REQUEST_TIME_FLOAT' => 1475591011.2609999,
  'REQUEST_TIME' => 1475591011,
)  
[2016-10-04 14:23:31] production.ERROR: exception 'Symfony\Component\Debug\Exception\FatalErrorException' with message 'Class 'App\models\App' not found' in /var/www/html/app/models/TranWrapper.php:181
Stack trace:
#0 {main}  
[2016-10-04 14:23:40] production.INFO: array (
  'REDIRECT_STATUS' => '200',
  'HTTP_HOST' => '52.77.34.254',
  'HTTP_USER_AGENT' => 'Mozilla/5.0 (X11; Ubuntu; Linux i686; rv:47.0) Gecko/20100101 Firefox/47.0',
  'HTTP_ACCEPT' => '*/*',
  'HTTP_ACCEPT_LANGUAGE' => 'en-US,en;q=0.5',
  'HTTP_ACCEPT_ENCODING' => 'gzip, deflate',
  'CONTENT_TYPE' => 'application/x-www-form-urlencoded; charset=UTF-8',
  'HTTP_X_CSRF_TOKEN' => 'tsZMcHxb0nbbcrorWwd0xrzLCBif9WHPdlgu327J',
  'HTTP_X_REQUESTED_WITH' => 'XMLHttpRequest',
  'HTTP_REFERER' => 'http://52.77.34.254/admin/audit_trial',
  'CONTENT_LENGTH' => '28',
  'HTTP_COOKIE' => 'adminer_version=0; XSRF-TOKEN=eyJpdiI6IjZqY0ZVMkRrcnJ6NzZ2RmdiRzMySXc9PSIsInZhbHVlIjoiUnlIeDZKclNwVGQwYzhJczh2UTkrZDJ6ODhCYlwvWTJ3dHRqbmpQTDYrZmtnTFBiRW5wcTl3WDErbFRHODBCRkozM3lENXJ3cTJJS2NRRFRWUzR1Z09nPT0iLCJtYWMiOiJmMDFmNWE4ZTZmYjlkNTVlYTQyMjVjMGI3YTI5MmY5YWM1YmI2Yjk4ZTM4NzRlYWU4YzFlZTMzNDVlNzk4ZTJkIn0%3D; laravel_session=eyJpdiI6ImlFVEpqc05idU54cXRJdE1vRFlvcHc9PSIsInZhbHVlIjoiWUNTVnlGTkJ2XC9YdHV3d01KQld0MGVzMzdLaWJLbVpVQUZGWWNBZzNCalNEemJSRVVRRTdHUm9zVGwxXC81Tm1sMEFMaXVCcEFPN2p4bFY2TVM0djZlZz09IiwibWFjIjoiMzM1MmM4ZDllODNlYWJkODk1MDYzZDhmY2UwN2RlNjBiZTBjNzE2ZTNhMjliODVjYjJhYWJhMjVmZGRhMzIyNCJ9',
  'HTTP_CONNECTION' => 'keep-alive',
  'PATH' => '/sbin:/usr/sbin:/bin:/usr/bin',
  'SERVER_SIGNATURE' => '',
  'SERVER_SOFTWARE' => 'Apache/2.4.23 (Amazon) PHP/5.6.25',
  'SERVER_NAME' => '52.77.34.254',
  'SERVER_ADDR' => '172.31.26.61',
  'SERVER_PORT' => '80',
  'REMOTE_ADDR' => '49.207.190.91',
  'DOCUMENT_ROOT' => '/var/www/html',
  'REQUEST_SCHEME' => 'http',
  'CONTEXT_PREFIX' => '',
  'CONTEXT_DOCUMENT_ROOT' => '/var/www/html',
  'SERVER_ADMIN' => 'root@localhost',
  'SCRIPT_FILENAME' => '/var/www/html/index.php',
  'REMOTE_PORT' => '31851',
  'REDIRECT_URL' => '/admin/user/notifications',
  'GATEWAY_INTERFACE' => 'CGI/1.1',
  'SERVER_PROTOCOL' => 'HTTP/1.1',
  'REQUEST_METHOD' => 'POST',
  'QUERY_STRING' => '',
  'REQUEST_URI' => '/admin/user/notifications',
  'SCRIPT_NAME' => '/index.php',
  'PHP_SELF' => '/index.php',
  'REQUEST_TIME_FLOAT' => 1475591020.559,
  'REQUEST_TIME' => 1475591020,
)  
[2016-10-04 14:23:40] production.ERROR: exception 'Symfony\Component\Debug\Exception\FatalErrorException' with message 'Class 'App\models\App' not found' in /var/www/html/app/models/TranWrapper.php:181
Stack trace:
#0 {main}  
[2016-10-04 14:23:42] production.INFO: array (
  'REDIRECT_STATUS' => '200',
  'HTTP_HOST' => '52.77.34.254',
  'HTTP_USER_AGENT' => 'Mozilla/5.0 (X11; Ubuntu; Linux i686; rv:47.0) Gecko/20100101 Firefox/47.0',
  'HTTP_ACCEPT' => '*/*',
  'HTTP_ACCEPT_LANGUAGE' => 'en-US,en;q=0.5',
  'HTTP_ACCEPT_ENCODING' => 'gzip, deflate',
  'CONTENT_TYPE' => 'application/x-www-form-urlencoded; charset=UTF-8',
  'HTTP_X_CSRF_TOKEN' => 'tsZMcHxb0nbbcrorWwd0xrzLCBif9WHPdlgu327J',
  'HTTP_X_REQUESTED_WITH' => 'XMLHttpRequest',
  'HTTP_REFERER' => 'http://52.77.34.254/admin/manageborrowers',
  'CONTENT_LENGTH' => '28',
  'HTTP_COOKIE' => 'adminer_version=0; XSRF-TOKEN=eyJpdiI6ImtWZVhHd1d2M3pKOUxrWTJYZEVuV3c9PSIsInZhbHVlIjoiY3lcL0lpZ2VVWGRJSWptazdrRGJ2empiMnNkVStVenhHMHZSaDQxVTg3ZWpLTWNBXC84V1hCUTJxckJoU25vNko3bDgyRHhLMmVlNkVzZGthY1JLSk9cL1E9PSIsIm1hYyI6IjE1NGVhMTc1NzIwYjU5OGVlZDM2OGI1MzNmODA2YjBhYzBhZDg1Y2ExYjgwNGNmOTI0NjgxOTIxODhlNjM2NDUifQ%3D%3D; laravel_session=eyJpdiI6ImNYNHRja0t6aE9lZUZyME84S0xjdEE9PSIsInZhbHVlIjoiVXFVbmVzZXVFNU5UM1dyXC90MWNpYnNcL0FXNlJvTGxLalFvV3V0U3kyNXNNTldRZ21pcFQ4R1QzTjZjRnpIYkU0UHM2czhFMFhnQklGbHpqcDdxNWhWZz09IiwibWFjIjoiZmI1YWEwMDliYmM1Zjk3MGViMTM5ODdhMDM2NjdkYmJlZDk5ZDgxYjk5ODU0ZjcxMGM4NjE3NzMyODUwZTZmMSJ9',
  'HTTP_CONNECTION' => 'keep-alive',
  'PATH' => '/sbin:/usr/sbin:/bin:/usr/bin',
  'SERVER_SIGNATURE' => '',
  'SERVER_SOFTWARE' => 'Apache/2.4.23 (Amazon) PHP/5.6.25',
  'SERVER_NAME' => '52.77.34.254',
  'SERVER_ADDR' => '172.31.26.61',
  'SERVER_PORT' => '80',
  'REMOTE_ADDR' => '49.207.190.91',
  'DOCUMENT_ROOT' => '/var/www/html',
  'REQUEST_SCHEME' => 'http',
  'CONTEXT_PREFIX' => '',
  'CONTEXT_DOCUMENT_ROOT' => '/var/www/html',
  'SERVER_ADMIN' => 'root@localhost',
  'SCRIPT_FILENAME' => '/var/www/html/index.php',
  'REMOTE_PORT' => '31854',
  'REDIRECT_URL' => '/admin/user/notifications',
  'GATEWAY_INTERFACE' => 'CGI/1.1',
  'SERVER_PROTOCOL' => 'HTTP/1.1',
  'REQUEST_METHOD' => 'POST',
  'QUERY_STRING' => '',
  'REQUEST_URI' => '/admin/user/notifications',
  'SCRIPT_NAME' => '/index.php',
  'PHP_SELF' => '/index.php',
  'REQUEST_TIME_FLOAT' => 1475591022.598,
  'REQUEST_TIME' => 1475591022,
)  
[2016-10-04 14:23:42] production.ERROR: exception 'Symfony\Component\Debug\Exception\FatalErrorException' with message 'Class 'App\models\App' not found' in /var/www/html/app/models/TranWrapper.php:181
Stack trace:
#0 {main}  
[2016-10-04 14:24:01] production.INFO: array (
  'REDIRECT_STATUS' => '200',
  'HTTP_HOST' => '52.77.34.254',
  'HTTP_CONNECTION' => 'keep-alive',
  'CONTENT_LENGTH' => '28',
  'HTTP_ACCEPT' => '*/*',
  'HTTP_ORIGIN' => 'http://52.77.34.254',
  'HTTP_X_CSRF_TOKEN' => 'eyZkNl3JHA3O3eY55x7eV02n48lTe0bS3yrwHZFP',
  'HTTP_X_REQUESTED_WITH' => 'XMLHttpRequest',
  'HTTP_USER_AGENT' => 'Mozilla/5.0 (X11; Linux i686) AppleWebKit/537.36 (KHTML, like Gecko) Ubuntu Chromium/50.0.2661.102 Chrome/50.0.2661.102 Safari/537.36',
  'CONTENT_TYPE' => 'application/x-www-form-urlencoded; charset=UTF-8',
  'HTTP_REFERER' => 'http://52.77.34.254/borrower/profile',
  'HTTP_ACCEPT_ENCODING' => 'gzip, deflate',
  'HTTP_ACCEPT_LANGUAGE' => 'en-US,en;q=0.8',
  'HTTP_COOKIE' => 'adminer_version=0; XSRF-TOKEN=eyJpdiI6IlJOcTA1dnU1SnpjUnI2ckZrVmc1WEE9PSIsInZhbHVlIjoiVHE2dkN6K0ZJY1FkdlY5WDBDblF3Y252a0pYWEVTaTAxZE1Xak81MDhnSmhRNnFNdGdYRGNhcWRmT2EwN2cyYVBIczF3MHkzbmlMcHJ2c0tWZEdJXC93PT0iLCJtYWMiOiJkMmI3YmI4NmY5NjhkOGE4ZjhmMmIwMzM0OGIxYTE4NTMzOWY0OTQ5M2VmZTlhZGY2ZGM5YzJiMDM0YzNiYjEzIn0%3D; laravel_session=eyJpdiI6IkZidERTVEZHUzFmTXNPWmNmcCtYN1E9PSIsInZhbHVlIjoiUWxXa3F1QlpFNUhQYnpBN04wcmpES1VSSERMUXF3MzFtdVo0bVVYVGhocGlzTE0zN0RFdFowckR0b09LUHVCOFZsTWtmOVYydWdSTnMzcURsdUxaVnc9PSIsIm1hYyI6IjdiOTkyZjNiNmM5ZWU4M2MyMDdmNjZjYWFhMTBmYTQxMTBiMzFiMDAzYzc3MjViNDc3NzliZTgzY2IzYjAxOWQifQ%3D%3D',
  'PATH' => '/sbin:/usr/sbin:/bin:/usr/bin',
  'SERVER_SIGNATURE' => '',
  'SERVER_SOFTWARE' => 'Apache/2.4.23 (Amazon) PHP/5.6.25',
  'SERVER_NAME' => '52.77.34.254',
  'SERVER_ADDR' => '172.31.26.61',
  'SERVER_PORT' => '80',
  'REMOTE_ADDR' => '49.207.190.91',
  'DOCUMENT_ROOT' => '/var/www/html',
  'REQUEST_SCHEME' => 'http',
  'CONTEXT_PREFIX' => '',
  'CONTEXT_DOCUMENT_ROOT' => '/var/www/html',
  'SERVER_ADMIN' => 'root@localhost',
  'SCRIPT_FILENAME' => '/var/www/html/index.php',
  'REMOTE_PORT' => '31859',
  'REDIRECT_URL' => '/admin/user/notifications',
  'GATEWAY_INTERFACE' => 'CGI/1.1',
  'SERVER_PROTOCOL' => 'HTTP/1.1',
  'REQUEST_METHOD' => 'POST',
  'QUERY_STRING' => '',
  'REQUEST_URI' => '/admin/user/notifications',
  'SCRIPT_NAME' => '/index.php',
  'PHP_SELF' => '/index.php',
  'REQUEST_TIME_FLOAT' => 1475591041.2609999,
  'REQUEST_TIME' => 1475591041,
)  
[2016-10-04 14:24:01] production.ERROR: exception 'Symfony\Component\Debug\Exception\FatalErrorException' with message 'Class 'App\models\App' not found' in /var/www/html/app/models/TranWrapper.php:181
Stack trace:
#0 {main}  
[2016-10-04 14:24:05] production.INFO: array (
  'REDIRECT_STATUS' => '200',
  'HTTP_HOST' => '52.77.34.254',
  'HTTP_USER_AGENT' => 'Mozilla/5.0 (X11; Ubuntu; Linux i686; rv:47.0) Gecko/20100101 Firefox/47.0',
  'HTTP_ACCEPT' => '*/*',
  'HTTP_ACCEPT_LANGUAGE' => 'en-US,en;q=0.5',
  'HTTP_ACCEPT_ENCODING' => 'gzip, deflate',
  'CONTENT_TYPE' => 'application/x-www-form-urlencoded; charset=UTF-8',
  'HTTP_X_CSRF_TOKEN' => 'tsZMcHxb0nbbcrorWwd0xrzLCBif9WHPdlgu327J',
  'HTTP_X_REQUESTED_WITH' => 'XMLHttpRequest',
  'HTTP_REFERER' => 'http://52.77.34.254/admin/borrower/profile/ODM=',
  'CONTENT_LENGTH' => '28',
  'HTTP_COOKIE' => 'adminer_version=0; XSRF-TOKEN=eyJpdiI6ImdTQjAwRVRDS05vVlZzUmxZUHp4ZGc9PSIsInZhbHVlIjoiWGVPRllENjR6OTVcL1krZVRaUGI5N0pHRGxhanRcL2tESkswcmk3RDJBWFROdktwVlwvcUlyeXFma2ZydXZVOWJ3Zk9CcktjM3E0XC9vVXpacXNObUpiTTBnPT0iLCJtYWMiOiJjYjVlYjU4MWY1NDk0ODJlY2JlOTRkNDMwNzZmMTI0ZDVkNjBlYzg4NjM3N2ViOGJlZDc5MDZkMzFjOTM1Yzc2In0%3D; laravel_session=eyJpdiI6ImxTUzd6SWFxV044dFUrWjFJVDViMWc9PSIsInZhbHVlIjoielVma1wvQUdybllENHVLTHhiOEVPSTdjcnU4djJaTjA3aHU0emVXOExhektRNW1mR0wxNTVycWpwalU1b1JrUmFkamh1ZU13K0hJR1BZVnFVQ3NsdDN3PT0iLCJtYWMiOiIwYjA3YTJhYzRlNmI3MjY0NTNkNGRlYTE1NmQ0MmViNGU0NmVjY2U5MGJkOGJjNmRhODAwNzU1ODFkOGEwYzIxIn0%3D',
  'HTTP_CONNECTION' => 'keep-alive',
  'PATH' => '/sbin:/usr/sbin:/bin:/usr/bin',
  'SERVER_SIGNATURE' => '',
  'SERVER_SOFTWARE' => 'Apache/2.4.23 (Amazon) PHP/5.6.25',
  'SERVER_NAME' => '52.77.34.254',
  'SERVER_ADDR' => '172.31.26.61',
  'SERVER_PORT' => '80',
  'REMOTE_ADDR' => '49.207.190.91',
  'DOCUMENT_ROOT' => '/var/www/html',
  'REQUEST_SCHEME' => 'http',
  'CONTEXT_PREFIX' => '',
  'CONTEXT_DOCUMENT_ROOT' => '/var/www/html',
  'SERVER_ADMIN' => 'root@localhost',
  'SCRIPT_FILENAME' => '/var/www/html/index.php',
  'REMOTE_PORT' => '31864',
  'REDIRECT_URL' => '/admin/user/notifications',
  'GATEWAY_INTERFACE' => 'CGI/1.1',
  'SERVER_PROTOCOL' => 'HTTP/1.1',
  'REQUEST_METHOD' => 'POST',
  'QUERY_STRING' => '',
  'REQUEST_URI' => '/admin/user/notifications',
  'SCRIPT_NAME' => '/index.php',
  'PHP_SELF' => '/index.php',
  'REQUEST_TIME_FLOAT' => 1475591045.7639999,
  'REQUEST_TIME' => 1475591045,
)  
[2016-10-04 14:24:05] production.ERROR: exception 'Symfony\Component\Debug\Exception\FatalErrorException' with message 'Class 'App\models\App' not found' in /var/www/html/app/models/TranWrapper.php:181
Stack trace:
#0 {main}  
[2016-10-04 14:24:10] production.INFO: array (
  'REDIRECT_STATUS' => '200',
  'HTTP_HOST' => '52.77.34.254',
  'HTTP_USER_AGENT' => 'Mozilla/5.0 (X11; Ubuntu; Linux i686; rv:47.0) Gecko/20100101 Firefox/47.0',
  'HTTP_ACCEPT' => '*/*',
  'HTTP_ACCEPT_LANGUAGE' => 'en-US,en;q=0.5',
  'HTTP_ACCEPT_ENCODING' => 'gzip, deflate',
  'CONTENT_TYPE' => 'application/x-www-form-urlencoded; charset=UTF-8',
  'HTTP_X_CSRF_TOKEN' => 'tsZMcHxb0nbbcrorWwd0xrzLCBif9WHPdlgu327J',
  'HTTP_X_REQUESTED_WITH' => 'XMLHttpRequest',
  'HTTP_REFERER' => 'http://52.77.34.254/admin/audit_trial',
  'CONTENT_LENGTH' => '28',
  'HTTP_COOKIE' => 'adminer_version=0; XSRF-TOKEN=eyJpdiI6ImdTQjAwRVRDS05vVlZzUmxZUHp4ZGc9PSIsInZhbHVlIjoiWGVPRllENjR6OTVcL1krZVRaUGI5N0pHRGxhanRcL2tESkswcmk3RDJBWFROdktwVlwvcUlyeXFma2ZydXZVOWJ3Zk9CcktjM3E0XC9vVXpacXNObUpiTTBnPT0iLCJtYWMiOiJjYjVlYjU4MWY1NDk0ODJlY2JlOTRkNDMwNzZmMTI0ZDVkNjBlYzg4NjM3N2ViOGJlZDc5MDZkMzFjOTM1Yzc2In0%3D; laravel_session=eyJpdiI6ImxTUzd6SWFxV044dFUrWjFJVDViMWc9PSIsInZhbHVlIjoielVma1wvQUdybllENHVLTHhiOEVPSTdjcnU4djJaTjA3aHU0emVXOExhektRNW1mR0wxNTVycWpwalU1b1JrUmFkamh1ZU13K0hJR1BZVnFVQ3NsdDN3PT0iLCJtYWMiOiIwYjA3YTJhYzRlNmI3MjY0NTNkNGRlYTE1NmQ0MmViNGU0NmVjY2U5MGJkOGJjNmRhODAwNzU1ODFkOGEwYzIxIn0%3D',
  'HTTP_CONNECTION' => 'keep-alive',
  'PATH' => '/sbin:/usr/sbin:/bin:/usr/bin',
  'SERVER_SIGNATURE' => '',
  'SERVER_SOFTWARE' => 'Apache/2.4.23 (Amazon) PHP/5.6.25',
  'SERVER_NAME' => '52.77.34.254',
  'SERVER_ADDR' => '172.31.26.61',
  'SERVER_PORT' => '80',
  'REMOTE_ADDR' => '49.207.190.91',
  'DOCUMENT_ROOT' => '/var/www/html',
  'REQUEST_SCHEME' => 'http',
  'CONTEXT_PREFIX' => '',
  'CONTEXT_DOCUMENT_ROOT' => '/var/www/html',
  'SERVER_ADMIN' => 'root@localhost',
  'SCRIPT_FILENAME' => '/var/www/html/index.php',
  'REMOTE_PORT' => '31865',
  'REDIRECT_URL' => '/admin/user/notifications',
  'GATEWAY_INTERFACE' => 'CGI/1.1',
  'SERVER_PROTOCOL' => 'HTTP/1.1',
  'REQUEST_METHOD' => 'POST',
  'QUERY_STRING' => '',
  'REQUEST_URI' => '/admin/user/notifications',
  'SCRIPT_NAME' => '/index.php',
  'PHP_SELF' => '/index.php',
  'REQUEST_TIME_FLOAT' => 1475591050.527,
  'REQUEST_TIME' => 1475591050,
)  
[2016-10-04 14:24:10] production.ERROR: exception 'Symfony\Component\Debug\Exception\FatalErrorException' with message 'Class 'App\models\App' not found' in /var/www/html/app/models/TranWrapper.php:181
Stack trace:
#0 {main}  
[2016-10-04 14:24:31] production.INFO: array (
  'REDIRECT_STATUS' => '200',
  'HTTP_HOST' => '52.77.34.254',
  'HTTP_CONNECTION' => 'keep-alive',
  'CONTENT_LENGTH' => '28',
  'HTTP_ACCEPT' => '*/*',
  'HTTP_ORIGIN' => 'http://52.77.34.254',
  'HTTP_X_CSRF_TOKEN' => 'eyZkNl3JHA3O3eY55x7eV02n48lTe0bS3yrwHZFP',
  'HTTP_X_REQUESTED_WITH' => 'XMLHttpRequest',
  'HTTP_USER_AGENT' => 'Mozilla/5.0 (X11; Linux i686) AppleWebKit/537.36 (KHTML, like Gecko) Ubuntu Chromium/50.0.2661.102 Chrome/50.0.2661.102 Safari/537.36',
  'CONTENT_TYPE' => 'application/x-www-form-urlencoded; charset=UTF-8',
  'HTTP_REFERER' => 'http://52.77.34.254/borrower/profile',
  'HTTP_ACCEPT_ENCODING' => 'gzip, deflate',
  'HTTP_ACCEPT_LANGUAGE' => 'en-US,en;q=0.8',
  'HTTP_COOKIE' => 'adminer_version=0; XSRF-TOKEN=eyJpdiI6IlJOcTA1dnU1SnpjUnI2ckZrVmc1WEE9PSIsInZhbHVlIjoiVHE2dkN6K0ZJY1FkdlY5WDBDblF3Y252a0pYWEVTaTAxZE1Xak81MDhnSmhRNnFNdGdYRGNhcWRmT2EwN2cyYVBIczF3MHkzbmlMcHJ2c0tWZEdJXC93PT0iLCJtYWMiOiJkMmI3YmI4NmY5NjhkOGE4ZjhmMmIwMzM0OGIxYTE4NTMzOWY0OTQ5M2VmZTlhZGY2ZGM5YzJiMDM0YzNiYjEzIn0%3D; laravel_session=eyJpdiI6IkZidERTVEZHUzFmTXNPWmNmcCtYN1E9PSIsInZhbHVlIjoiUWxXa3F1QlpFNUhQYnpBN04wcmpES1VSSERMUXF3MzFtdVo0bVVYVGhocGlzTE0zN0RFdFowckR0b09LUHVCOFZsTWtmOVYydWdSTnMzcURsdUxaVnc9PSIsIm1hYyI6IjdiOTkyZjNiNmM5ZWU4M2MyMDdmNjZjYWFhMTBmYTQxMTBiMzFiMDAzYzc3MjViNDc3NzliZTgzY2IzYjAxOWQifQ%3D%3D',
  'PATH' => '/sbin:/usr/sbin:/bin:/usr/bin',
  'SERVER_SIGNATURE' => '',
  'SERVER_SOFTWARE' => 'Apache/2.4.23 (Amazon) PHP/5.6.25',
  'SERVER_NAME' => '52.77.34.254',
  'SERVER_ADDR' => '172.31.26.61',
  'SERVER_PORT' => '80',
  'REMOTE_ADDR' => '49.207.190.91',
  'DOCUMENT_ROOT' => '/var/www/html',
  'REQUEST_SCHEME' => 'http',
  'CONTEXT_PREFIX' => '',
  'CONTEXT_DOCUMENT_ROOT' => '/var/www/html',
  'SERVER_ADMIN' => 'root@localhost',
  'SCRIPT_FILENAME' => '/var/www/html/index.php',
  'REMOTE_PORT' => '31889',
  'REDIRECT_URL' => '/admin/user/notifications',
  'GATEWAY_INTERFACE' => 'CGI/1.1',
  'SERVER_PROTOCOL' => 'HTTP/1.1',
  'REQUEST_METHOD' => 'POST',
  'QUERY_STRING' => '',
  'REQUEST_URI' => '/admin/user/notifications',
  'SCRIPT_NAME' => '/index.php',
  'PHP_SELF' => '/index.php',
  'REQUEST_TIME_FLOAT' => 1475591071.2609999,
  'REQUEST_TIME' => 1475591071,
)  
[2016-10-04 14:24:31] production.ERROR: exception 'Symfony\Component\Debug\Exception\FatalErrorException' with message 'Class 'App\models\App' not found' in /var/www/html/app/models/TranWrapper.php:181
Stack trace:
#0 {main}  
[2016-10-04 14:24:35] production.INFO: array (
  'REDIRECT_STATUS' => '200',
  'HTTP_HOST' => '52.77.34.254',
  'HTTP_USER_AGENT' => 'Mozilla/5.0 (X11; Ubuntu; Linux i686; rv:47.0) Gecko/20100101 Firefox/47.0',
  'HTTP_ACCEPT' => '*/*',
  'HTTP_ACCEPT_LANGUAGE' => 'en-US,en;q=0.5',
  'HTTP_ACCEPT_ENCODING' => 'gzip, deflate',
  'CONTENT_TYPE' => 'application/x-www-form-urlencoded; charset=UTF-8',
  'HTTP_X_CSRF_TOKEN' => 'tsZMcHxb0nbbcrorWwd0xrzLCBif9WHPdlgu327J',
  'HTTP_X_REQUESTED_WITH' => 'XMLHttpRequest',
  'HTTP_REFERER' => 'http://52.77.34.254/admin/borrower/profile/ODM=',
  'CONTENT_LENGTH' => '28',
  'HTTP_COOKIE' => 'adminer_version=0; XSRF-TOKEN=eyJpdiI6ImdTQjAwRVRDS05vVlZzUmxZUHp4ZGc9PSIsInZhbHVlIjoiWGVPRllENjR6OTVcL1krZVRaUGI5N0pHRGxhanRcL2tESkswcmk3RDJBWFROdktwVlwvcUlyeXFma2ZydXZVOWJ3Zk9CcktjM3E0XC9vVXpacXNObUpiTTBnPT0iLCJtYWMiOiJjYjVlYjU4MWY1NDk0ODJlY2JlOTRkNDMwNzZmMTI0ZDVkNjBlYzg4NjM3N2ViOGJlZDc5MDZkMzFjOTM1Yzc2In0%3D; laravel_session=eyJpdiI6ImxTUzd6SWFxV044dFUrWjFJVDViMWc9PSIsInZhbHVlIjoielVma1wvQUdybllENHVLTHhiOEVPSTdjcnU4djJaTjA3aHU0emVXOExhektRNW1mR0wxNTVycWpwalU1b1JrUmFkamh1ZU13K0hJR1BZVnFVQ3NsdDN3PT0iLCJtYWMiOiIwYjA3YTJhYzRlNmI3MjY0NTNkNGRlYTE1NmQ0MmViNGU0NmVjY2U5MGJkOGJjNmRhODAwNzU1ODFkOGEwYzIxIn0%3D',
  'HTTP_CONNECTION' => 'keep-alive',
  'PATH' => '/sbin:/usr/sbin:/bin:/usr/bin',
  'SERVER_SIGNATURE' => '',
  'SERVER_SOFTWARE' => 'Apache/2.4.23 (Amazon) PHP/5.6.25',
  'SERVER_NAME' => '52.77.34.254',
  'SERVER_ADDR' => '172.31.26.61',
  'SERVER_PORT' => '80',
  'REMOTE_ADDR' => '49.207.190.91',
  'DOCUMENT_ROOT' => '/var/www/html',
  'REQUEST_SCHEME' => 'http',
  'CONTEXT_PREFIX' => '',
  'CONTEXT_DOCUMENT_ROOT' => '/var/www/html',
  'SERVER_ADMIN' => 'root@localhost',
  'SCRIPT_FILENAME' => '/var/www/html/index.php',
  'REMOTE_PORT' => '31893',
  'REDIRECT_URL' => '/admin/user/notifications',
  'GATEWAY_INTERFACE' => 'CGI/1.1',
  'SERVER_PROTOCOL' => 'HTTP/1.1',
  'REQUEST_METHOD' => 'POST',
  'QUERY_STRING' => '',
  'REQUEST_URI' => '/admin/user/notifications',
  'SCRIPT_NAME' => '/index.php',
  'PHP_SELF' => '/index.php',
  'REQUEST_TIME_FLOAT' => 1475591075.8380001,
  'REQUEST_TIME' => 1475591075,
)  
[2016-10-04 14:24:35] production.ERROR: exception 'Symfony\Component\Debug\Exception\FatalErrorException' with message 'Class 'App\models\App' not found' in /var/www/html/app/models/TranWrapper.php:181
Stack trace:
#0 {main}  
[2016-10-04 14:24:40] production.INFO: array (
  'REDIRECT_STATUS' => '200',
  'HTTP_HOST' => '52.77.34.254',
  'HTTP_USER_AGENT' => 'Mozilla/5.0 (X11; Ubuntu; Linux i686; rv:47.0) Gecko/20100101 Firefox/47.0',
  'HTTP_ACCEPT' => '*/*',
  'HTTP_ACCEPT_LANGUAGE' => 'en-US,en;q=0.5',
  'HTTP_ACCEPT_ENCODING' => 'gzip, deflate',
  'CONTENT_TYPE' => 'application/x-www-form-urlencoded; charset=UTF-8',
  'HTTP_X_CSRF_TOKEN' => 'tsZMcHxb0nbbcrorWwd0xrzLCBif9WHPdlgu327J',
  'HTTP_X_REQUESTED_WITH' => 'XMLHttpRequest',
  'HTTP_REFERER' => 'http://52.77.34.254/admin/audit_trial',
  'CONTENT_LENGTH' => '28',
  'HTTP_COOKIE' => 'adminer_version=0; XSRF-TOKEN=eyJpdiI6ImdTQjAwRVRDS05vVlZzUmxZUHp4ZGc9PSIsInZhbHVlIjoiWGVPRllENjR6OTVcL1krZVRaUGI5N0pHRGxhanRcL2tESkswcmk3RDJBWFROdktwVlwvcUlyeXFma2ZydXZVOWJ3Zk9CcktjM3E0XC9vVXpacXNObUpiTTBnPT0iLCJtYWMiOiJjYjVlYjU4MWY1NDk0ODJlY2JlOTRkNDMwNzZmMTI0ZDVkNjBlYzg4NjM3N2ViOGJlZDc5MDZkMzFjOTM1Yzc2In0%3D; laravel_session=eyJpdiI6ImxTUzd6SWFxV044dFUrWjFJVDViMWc9PSIsInZhbHVlIjoielVma1wvQUdybllENHVLTHhiOEVPSTdjcnU4djJaTjA3aHU0emVXOExhektRNW1mR0wxNTVycWpwalU1b1JrUmFkamh1ZU13K0hJR1BZVnFVQ3NsdDN3PT0iLCJtYWMiOiIwYjA3YTJhYzRlNmI3MjY0NTNkNGRlYTE1NmQ0MmViNGU0NmVjY2U5MGJkOGJjNmRhODAwNzU1ODFkOGEwYzIxIn0%3D',
  'HTTP_CONNECTION' => 'keep-alive',
  'PATH' => '/sbin:/usr/sbin:/bin:/usr/bin',
  'SERVER_SIGNATURE' => '',
  'SERVER_SOFTWARE' => 'Apache/2.4.23 (Amazon) PHP/5.6.25',
  'SERVER_NAME' => '52.77.34.254',
  'SERVER_ADDR' => '172.31.26.61',
  'SERVER_PORT' => '80',
  'REMOTE_ADDR' => '49.207.190.91',
  'DOCUMENT_ROOT' => '/var/www/html',
  'REQUEST_SCHEME' => 'http',
  'CONTEXT_PREFIX' => '',
  'CONTEXT_DOCUMENT_ROOT' => '/var/www/html',
  'SERVER_ADMIN' => 'root@localhost',
  'SCRIPT_FILENAME' => '/var/www/html/index.php',
  'REMOTE_PORT' => '31894',
  'REDIRECT_URL' => '/admin/user/notifications',
  'GATEWAY_INTERFACE' => 'CGI/1.1',
  'SERVER_PROTOCOL' => 'HTTP/1.1',
  'REQUEST_METHOD' => 'POST',
  'QUERY_STRING' => '',
  'REQUEST_URI' => '/admin/user/notifications',
  'SCRIPT_NAME' => '/index.php',
  'PHP_SELF' => '/index.php',
  'REQUEST_TIME_FLOAT' => 1475591080.5650001,
  'REQUEST_TIME' => 1475591080,
)  
[2016-10-04 14:24:40] production.ERROR: exception 'Symfony\Component\Debug\Exception\FatalErrorException' with message 'Class 'App\models\App' not found' in /var/www/html/app/models/TranWrapper.php:181
Stack trace:
#0 {main}  
