[2016-09-09 10:51:52] production.ERROR: exception 'Illuminate\Session\TokenMismatchException' in /var/www/html/vendor/laravel/framework/src/Illuminate/Foundation/Http/Middleware/VerifyCsrfToken.php:46
Stack trace:
#0 /var/www/html/app/Http/Middleware/VerifyCsrfToken.php(17): Illuminate\Foundation\Http\Middleware\VerifyCsrfToken->handle(Object(Illuminate\Http\Request), Object(Closure))
#1 /var/www/html/vendor/laravel/framework/src/Illuminate/Pipeline/Pipeline.php(125): App\Http\Middleware\VerifyCsrfToken->handle(Object(Illuminate\Http\Request), Object(Closure))
#2 /var/www/html/vendor/laravel/framework/src/Illuminate/View/Middleware/ShareErrorsFromSession.php(55): Illuminate\Pipeline\Pipeline->Illuminate\Pipeline\{closure}(Object(Illuminate\Http\Request))
#3 /var/www/html/vendor/laravel/framework/src/Illuminate/Pipeline/Pipeline.php(125): Illuminate\View\Middleware\ShareErrorsFromSession->handle(Object(Illuminate\Http\Request), Object(Closure))
#4 /var/www/html/vendor/laravel/framework/src/Illuminate/Session/Middleware/StartSession.php(61): Illuminate\Pipeline\Pipeline->Illuminate\Pipeline\{closure}(Object(Illuminate\Http\Request))
#5 /var/www/html/vendor/laravel/framework/src/Illuminate/Pipeline/Pipeline.php(125): Illuminate\Session\Middleware\StartSession->handle(Object(Illuminate\Http\Request), Object(Closure))
#6 /var/www/html/vendor/laravel/framework/src/Illuminate/Cookie/Middleware/AddQueuedCookiesToResponse.php(36): Illuminate\Pipeline\Pipeline->Illuminate\Pipeline\{closure}(Object(Illuminate\Http\Request))
#7 /var/www/html/vendor/laravel/framework/src/Illuminate/Pipeline/Pipeline.php(125): Illuminate\Cookie\Middleware\AddQueuedCookiesToResponse->handle(Object(Illuminate\Http\Request), Object(Closure))
#8 /var/www/html/vendor/laravel/framework/src/Illuminate/Cookie/Middleware/EncryptCookies.php(40): Illuminate\Pipeline\Pipeline->Illuminate\Pipeline\{closure}(Object(Illuminate\Http\Request))
#9 /var/www/html/vendor/laravel/framework/src/Illuminate/Pipeline/Pipeline.php(125): Illuminate\Cookie\Middleware\EncryptCookies->handle(Object(Illuminate\Http\Request), Object(Closure))
#10 /var/www/html/vendor/laravel/framework/src/Illuminate/Foundation/Http/Middleware/CheckForMaintenanceMode.php(42): Illuminate\Pipeline\Pipeline->Illuminate\Pipeline\{closure}(Object(Illuminate\Http\Request))
#11 /var/www/html/vendor/laravel/framework/src/Illuminate/Pipeline/Pipeline.php(125): Illuminate\Foundation\Http\Middleware\CheckForMaintenanceMode->handle(Object(Illuminate\Http\Request), Object(Closure))
#12 [internal function]: Illuminate\Pipeline\Pipeline->Illuminate\Pipeline\{closure}(Object(Illuminate\Http\Request))
#13 /var/www/html/vendor/laravel/framework/src/Illuminate/Pipeline/Pipeline.php(101): call_user_func(Object(Closure), Object(Illuminate\Http\Request))
#14 /var/www/html/vendor/laravel/framework/src/Illuminate/Foundation/Http/Kernel.php(115): Illuminate\Pipeline\Pipeline->then(Object(Closure))
#15 /var/www/html/vendor/laravel/framework/src/Illuminate/Foundation/Http/Kernel.php(84): Illuminate\Foundation\Http\Kernel->sendRequestThroughRouter(Object(Illuminate\Http\Request))
#16 /var/www/html/index.php(53): Illuminate\Foundation\Http\Kernel->handle(Object(Illuminate\Http\Request))
#17 {main}  
[2016-09-09 11:15:10] production.ERROR: exception 'ErrorException' with message 'Undefined variable: row' in /var/www/html/storage/framework/views/0a0d37423334758a3624e58ff9c9e67e:74
Stack trace:
#0 /var/www/html/storage/framework/views/0a0d37423334758a3624e58ff9c9e67e(74): Illuminate\Foundation\Bootstrap\HandleExceptions->handleError(8, 'Undefined varia...', '/var/www/html/s...', 74, Array)
#1 /var/www/html/vendor/laravel/framework/src/Illuminate/View/Engines/PhpEngine.php(39): include('/var/www/html/s...')
#2 /var/www/html/vendor/laravel/framework/src/Illuminate/View/Engines/CompilerEngine.php(57): Illuminate\View\Engines\PhpEngine->evaluatePath('/var/www/html/s...', Array)
#3 /var/www/html/vendor/laravel/framework/src/Illuminate/View/View.php(142): Illuminate\View\Engines\CompilerEngine->get('/var/www/html/r...', Array)
#4 /var/www/html/vendor/laravel/framework/src/Illuminate/View/View.php(111): Illuminate\View\View->getContents()
#5 /var/www/html/vendor/laravel/framework/src/Illuminate/View/View.php(80): Illuminate\View\View->renderContents()
#6 /var/www/html/vendor/laravel/framework/src/Illuminate/Http/Response.php(44): Illuminate\View\View->render()
#7 /var/www/html/vendor/symfony/http-foundation/Symfony/Component/HttpFoundation/Response.php(202): Illuminate\Http\Response->setContent(Object(Illuminate\View\View))
#8 /var/www/html/vendor/laravel/framework/src/Illuminate/Routing/Router.php(1198): Symfony\Component\HttpFoundation\Response->__construct(Object(Illuminate\View\View))
#9 /var/www/html/vendor/laravel/framework/src/Illuminate/Routing/Router.php(702): Illuminate\Routing\Router->prepareResponse(Object(Illuminate\Http\Request), Object(Illuminate\View\View))
#10 [internal function]: Illuminate\Routing\Router->Illuminate\Routing\{closure}(Object(Illuminate\Http\Request))
#11 /var/www/html/vendor/laravel/framework/src/Illuminate/Pipeline/Pipeline.php(141): call_user_func(Object(Closure), Object(Illuminate\Http\Request))
#12 [internal function]: Illuminate\Pipeline\Pipeline->Illuminate\Pipeline\{closure}(Object(Illuminate\Http\Request))
#13 /var/www/html/vendor/laravel/framework/src/Illuminate/Pipeline/Pipeline.php(101): call_user_func(Object(Closure), Object(Illuminate\Http\Request))
#14 /var/www/html/vendor/laravel/framework/src/Illuminate/Routing/Router.php(703): Illuminate\Pipeline\Pipeline->then(Object(Closure))
#15 /var/www/html/vendor/laravel/framework/src/Illuminate/Routing/Router.php(670): Illuminate\Routing\Router->runRouteWithinStack(Object(Illuminate\Routing\Route), Object(Illuminate\Http\Request))
#16 /var/www/html/vendor/laravel/framework/src/Illuminate/Routing/Router.php(628): Illuminate\Routing\Router->dispatchToRoute(Object(Illuminate\Http\Request))
#17 /var/www/html/vendor/laravel/framework/src/Illuminate/Foundation/Http/Kernel.php(214): Illuminate\Routing\Router->dispatch(Object(Illuminate\Http\Request))
#18 [internal function]: Illuminate\Foundation\Http\Kernel->Illuminate\Foundation\Http\{closure}(Object(Illuminate\Http\Request))
#19 /var/www/html/vendor/laravel/framework/src/Illuminate/Pipeline/Pipeline.php(141): call_user_func(Object(Closure), Object(Illuminate\Http\Request))
#20 /var/www/html/app/Http/Middleware/TestDatabaseConnectionMiddleware.php(19): Illuminate\Pipeline\Pipeline->Illuminate\Pipeline\{closure}(Object(Illuminate\Http\Request))
#21 /var/www/html/vendor/laravel/framework/src/Illuminate/Pipeline/Pipeline.php(125): App\Http\Middleware\TestDatabaseConnectionMiddleware->handle(Object(Illuminate\Http\Request), Object(Closure))
#22 /var/www/html/app/Http/Middleware/App.php(23): Illuminate\Pipeline\Pipeline->Illuminate\Pipeline\{closure}(Object(Illuminate\Http\Request))
#23 /var/www/html/vendor/laravel/framework/src/Illuminate/Pipeline/Pipeline.php(125): App\Http\Middleware\App->handle(Object(Illuminate\Http\Request), Object(Closure))
#24 /var/www/html/vendor/laravel/framework/src/Illuminate/Foundation/Http/Middleware/VerifyCsrfToken.php(43): Illuminate\Pipeline\Pipeline->Illuminate\Pipeline\{closure}(Object(Illuminate\Http\Request))
#25 /var/www/html/app/Http/Middleware/VerifyCsrfToken.php(17): Illuminate\Foundation\Http\Middleware\VerifyCsrfToken->handle(Object(Illuminate\Http\Request), Object(Closure))
#26 /var/www/html/vendor/laravel/framework/src/Illuminate/Pipeline/Pipeline.php(125): App\Http\Middleware\VerifyCsrfToken->handle(Object(Illuminate\Http\Request), Object(Closure))
#27 /var/www/html/vendor/laravel/framework/src/Illuminate/View/Middleware/ShareErrorsFromSession.php(55): Illuminate\Pipeline\Pipeline->Illuminate\Pipeline\{closure}(Object(Illuminate\Http\Request))
#28 /var/www/html/vendor/laravel/framework/src/Illuminate/Pipeline/Pipeline.php(125): Illuminate\View\Middleware\ShareErrorsFromSession->handle(Object(Illuminate\Http\Request), Object(Closure))
#29 /var/www/html/vendor/laravel/framework/src/Illuminate/Session/Middleware/StartSession.php(61): Illuminate\Pipeline\Pipeline->Illuminate\Pipeline\{closure}(Object(Illuminate\Http\Request))
#30 /var/www/html/vendor/laravel/framework/src/Illuminate/Pipeline/Pipeline.php(125): Illuminate\Session\Middleware\StartSession->handle(Object(Illuminate\Http\Request), Object(Closure))
#31 /var/www/html/vendor/laravel/framework/src/Illuminate/Cookie/Middleware/AddQueuedCookiesToResponse.php(36): Illuminate\Pipeline\Pipeline->Illuminate\Pipeline\{closure}(Object(Illuminate\Http\Request))
#32 /var/www/html/vendor/laravel/framework/src/Illuminate/Pipeline/Pipeline.php(125): Illuminate\Cookie\Middleware\AddQueuedCookiesToResponse->handle(Object(Illuminate\Http\Request), Object(Closure))
#33 /var/www/html/vendor/laravel/framework/src/Illuminate/Cookie/Middleware/EncryptCookies.php(40): Illuminate\Pipeline\Pipeline->Illuminate\Pipeline\{closure}(Object(Illuminate\Http\Request))
#34 /var/www/html/vendor/laravel/framework/src/Illuminate/Pipeline/Pipeline.php(125): Illuminate\Cookie\Middleware\EncryptCookies->handle(Object(Illuminate\Http\Request), Object(Closure))
#35 /var/www/html/vendor/laravel/framework/src/Illuminate/Foundation/Http/Middleware/CheckForMaintenanceMode.php(42): Illuminate\Pipeline\Pipeline->Illuminate\Pipeline\{closure}(Object(Illuminate\Http\Request))
#36 /var/www/html/vendor/laravel/framework/src/Illuminate/Pipeline/Pipeline.php(125): Illuminate\Foundation\Http\Middleware\CheckForMaintenanceMode->handle(Object(Illuminate\Http\Request), Object(Closure))
#37 [internal function]: Illuminate\Pipeline\Pipeline->Illuminate\Pipeline\{closure}(Object(Illuminate\Http\Request))
#38 /var/www/html/vendor/laravel/framework/src/Illuminate/Pipeline/Pipeline.php(101): call_user_func(Object(Closure), Object(Illuminate\Http\Request))
#39 /var/www/html/vendor/laravel/framework/src/Illuminate/Foundation/Http/Kernel.php(115): Illuminate\Pipeline\Pipeline->then(Object(Closure))
#40 /var/www/html/vendor/laravel/framework/src/Illuminate/Foundation/Http/Kernel.php(84): Illuminate\Foundation\Http\Kernel->sendRequestThroughRouter(Object(Illuminate\Http\Request))
#41 /var/www/html/index.php(53): Illuminate\Foundation\Http\Kernel->handle(Object(Illuminate\Http\Request))
#42 {main}

Next exception 'ErrorException' with message 'Undefined variable: row (View: /var/www/html/resources/views/admin/admin-audittrail.blade.php)' in /var/www/html/storage/framework/views/0a0d37423334758a3624e58ff9c9e67e:74
Stack trace:
#0 /var/www/html/vendor/laravel/framework/src/Illuminate/View/Engines/PhpEngine.php(43): Illuminate\View\Engines\CompilerEngine->handleViewException(Object(ErrorException), 1)
#1 /var/www/html/vendor/laravel/framework/src/Illuminate/View/Engines/CompilerEngine.php(57): Illuminate\View\Engines\PhpEngine->evaluatePath('/var/www/html/s...', Array)
#2 /var/www/html/vendor/laravel/framework/src/Illuminate/View/View.php(142): Illuminate\View\Engines\CompilerEngine->get('/var/www/html/r...', Array)
#3 /var/www/html/vendor/laravel/framework/src/Illuminate/View/View.php(111): Illuminate\View\View->getContents()
#4 /var/www/html/vendor/laravel/framework/src/Illuminate/View/View.php(80): Illuminate\View\View->renderContents()
#5 /var/www/html/vendor/laravel/framework/src/Illuminate/Http/Response.php(44): Illuminate\View\View->render()
#6 /var/www/html/vendor/symfony/http-foundation/Symfony/Component/HttpFoundation/Response.php(202): Illuminate\Http\Response->setContent(Object(Illuminate\View\View))
#7 /var/www/html/vendor/laravel/framework/src/Illuminate/Routing/Router.php(1198): Symfony\Component\HttpFoundation\Response->__construct(Object(Illuminate\View\View))
#8 /var/www/html/vendor/laravel/framework/src/Illuminate/Routing/Router.php(702): Illuminate\Routing\Router->prepareResponse(Object(Illuminate\Http\Request), Object(Illuminate\View\View))
#9 [internal function]: Illuminate\Routing\Router->Illuminate\Routing\{closure}(Object(Illuminate\Http\Request))
#10 /var/www/html/vendor/laravel/framework/src/Illuminate/Pipeline/Pipeline.php(141): call_user_func(Object(Closure), Object(Illuminate\Http\Request))
#11 [internal function]: Illuminate\Pipeline\Pipeline->Illuminate\Pipeline\{closure}(Object(Illuminate\Http\Request))
#12 /var/www/html/vendor/laravel/framework/src/Illuminate/Pipeline/Pipeline.php(101): call_user_func(Object(Closure), Object(Illuminate\Http\Request))
#13 /var/www/html/vendor/laravel/framework/src/Illuminate/Routing/Router.php(703): Illuminate\Pipeline\Pipeline->then(Object(Closure))
#14 /var/www/html/vendor/laravel/framework/src/Illuminate/Routing/Router.php(670): Illuminate\Routing\Router->runRouteWithinStack(Object(Illuminate\Routing\Route), Object(Illuminate\Http\Request))
#15 /var/www/html/vendor/laravel/framework/src/Illuminate/Routing/Router.php(628): Illuminate\Routing\Router->dispatchToRoute(Object(Illuminate\Http\Request))
#16 /var/www/html/vendor/laravel/framework/src/Illuminate/Foundation/Http/Kernel.php(214): Illuminate\Routing\Router->dispatch(Object(Illuminate\Http\Request))
#17 [internal function]: Illuminate\Foundation\Http\Kernel->Illuminate\Foundation\Http\{closure}(Object(Illuminate\Http\Request))
#18 /var/www/html/vendor/laravel/framework/src/Illuminate/Pipeline/Pipeline.php(141): call_user_func(Object(Closure), Object(Illuminate\Http\Request))
#19 /var/www/html/app/Http/Middleware/TestDatabaseConnectionMiddleware.php(19): Illuminate\Pipeline\Pipeline->Illuminate\Pipeline\{closure}(Object(Illuminate\Http\Request))
#20 /var/www/html/vendor/laravel/framework/src/Illuminate/Pipeline/Pipeline.php(125): App\Http\Middleware\TestDatabaseConnectionMiddleware->handle(Object(Illuminate\Http\Request), Object(Closure))
#21 /var/www/html/app/Http/Middleware/App.php(23): Illuminate\Pipeline\Pipeline->Illuminate\Pipeline\{closure}(Object(Illuminate\Http\Request))
#22 /var/www/html/vendor/laravel/framework/src/Illuminate/Pipeline/Pipeline.php(125): App\Http\Middleware\App->handle(Object(Illuminate\Http\Request), Object(Closure))
#23 /var/www/html/vendor/laravel/framework/src/Illuminate/Foundation/Http/Middleware/VerifyCsrfToken.php(43): Illuminate\Pipeline\Pipeline->Illuminate\Pipeline\{closure}(Object(Illuminate\Http\Request))
#24 /var/www/html/app/Http/Middleware/VerifyCsrfToken.php(17): Illuminate\Foundation\Http\Middleware\VerifyCsrfToken->handle(Object(Illuminate\Http\Request), Object(Closure))
#25 /var/www/html/vendor/laravel/framework/src/Illuminate/Pipeline/Pipeline.php(125): App\Http\Middleware\VerifyCsrfToken->handle(Object(Illuminate\Http\Request), Object(Closure))
#26 /var/www/html/vendor/laravel/framework/src/Illuminate/View/Middleware/ShareErrorsFromSession.php(55): Illuminate\Pipeline\Pipeline->Illuminate\Pipeline\{closure}(Object(Illuminate\Http\Request))
#27 /var/www/html/vendor/laravel/framework/src/Illuminate/Pipeline/Pipeline.php(125): Illuminate\View\Middleware\ShareErrorsFromSession->handle(Object(Illuminate\Http\Request), Object(Closure))
#28 /var/www/html/vendor/laravel/framework/src/Illuminate/Session/Middleware/StartSession.php(61): Illuminate\Pipeline\Pipeline->Illuminate\Pipeline\{closure}(Object(Illuminate\Http\Request))
#29 /var/www/html/vendor/laravel/framework/src/Illuminate/Pipeline/Pipeline.php(125): Illuminate\Session\Middleware\StartSession->handle(Object(Illuminate\Http\Request), Object(Closure))
#30 /var/www/html/vendor/laravel/framework/src/Illuminate/Cookie/Middleware/AddQueuedCookiesToResponse.php(36): Illuminate\Pipeline\Pipeline->Illuminate\Pipeline\{closure}(Object(Illuminate\Http\Request))
#31 /var/www/html/vendor/laravel/framework/src/Illuminate/Pipeline/Pipeline.php(125): Illuminate\Cookie\Middleware\AddQueuedCookiesToResponse->handle(Object(Illuminate\Http\Request), Object(Closure))
#32 /var/www/html/vendor/laravel/framework/src/Illuminate/Cookie/Middleware/EncryptCookies.php(40): Illuminate\Pipeline\Pipeline->Illuminate\Pipeline\{closure}(Object(Illuminate\Http\Request))
#33 /var/www/html/vendor/laravel/framework/src/Illuminate/Pipeline/Pipeline.php(125): Illuminate\Cookie\Middleware\EncryptCookies->handle(Object(Illuminate\Http\Request), Object(Closure))
#34 /var/www/html/vendor/laravel/framework/src/Illuminate/Foundation/Http/Middleware/CheckForMaintenanceMode.php(42): Illuminate\Pipeline\Pipeline->Illuminate\Pipeline\{closure}(Object(Illuminate\Http\Request))
#35 /var/www/html/vendor/laravel/framework/src/Illuminate/Pipeline/Pipeline.php(125): Illuminate\Foundation\Http\Middleware\CheckForMaintenanceMode->handle(Object(Illuminate\Http\Request), Object(Closure))
#36 [internal function]: Illuminate\Pipeline\Pipeline->Illuminate\Pipeline\{closure}(Object(Illuminate\Http\Request))
#37 /var/www/html/vendor/laravel/framework/src/Illuminate/Pipeline/Pipeline.php(101): call_user_func(Object(Closure), Object(Illuminate\Http\Request))
#38 /var/www/html/vendor/laravel/framework/src/Illuminate/Foundation/Http/Kernel.php(115): Illuminate\Pipeline\Pipeline->then(Object(Closure))
#39 /var/www/html/vendor/laravel/framework/src/Illuminate/Foundation/Http/Kernel.php(84): Illuminate\Foundation\Http\Kernel->sendRequestThroughRouter(Object(Illuminate\Http\Request))
#40 /var/www/html/index.php(53): Illuminate\Foundation\Http\Kernel->handle(Object(Illuminate\Http\Request))
#41 {main}  
[2016-09-09 11:15:45] production.ERROR: exception 'ErrorException' with message 'Trying to get property of non-object' in /var/www/html/storage/framework/views/0a0d37423334758a3624e58ff9c9e67e:74
Stack trace:
#0 /var/www/html/storage/framework/views/0a0d37423334758a3624e58ff9c9e67e(74): Illuminate\Foundation\Bootstrap\HandleExceptions->handleError(8, 'Trying to get p...', '/var/www/html/s...', 74, Array)
#1 /var/www/html/vendor/laravel/framework/src/Illuminate/View/Engines/PhpEngine.php(39): include('/var/www/html/s...')
#2 /var/www/html/vendor/laravel/framework/src/Illuminate/View/Engines/CompilerEngine.php(57): Illuminate\View\Engines\PhpEngine->evaluatePath('/var/www/html/s...', Array)
#3 /var/www/html/vendor/laravel/framework/src/Illuminate/View/View.php(142): Illuminate\View\Engines\CompilerEngine->get('/var/www/html/r...', Array)
#4 /var/www/html/vendor/laravel/framework/src/Illuminate/View/View.php(111): Illuminate\View\View->getContents()
#5 /var/www/html/vendor/laravel/framework/src/Illuminate/View/View.php(80): Illuminate\View\View->renderContents()
#6 /var/www/html/vendor/laravel/framework/src/Illuminate/Http/Response.php(44): Illuminate\View\View->render()
#7 /var/www/html/vendor/symfony/http-foundation/Symfony/Component/HttpFoundation/Response.php(202): Illuminate\Http\Response->setContent(Object(Illuminate\View\View))
#8 /var/www/html/vendor/laravel/framework/src/Illuminate/Routing/Router.php(1198): Symfony\Component\HttpFoundation\Response->__construct(Object(Illuminate\View\View))
#9 /var/www/html/vendor/laravel/framework/src/Illuminate/Routing/Router.php(702): Illuminate\Routing\Router->prepareResponse(Object(Illuminate\Http\Request), Object(Illuminate\View\View))
#10 [internal function]: Illuminate\Routing\Router->Illuminate\Routing\{closure}(Object(Illuminate\Http\Request))
#11 /var/www/html/vendor/laravel/framework/src/Illuminate/Pipeline/Pipeline.php(141): call_user_func(Object(Closure), Object(Illuminate\Http\Request))
#12 [internal function]: Illuminate\Pipeline\Pipeline->Illuminate\Pipeline\{closure}(Object(Illuminate\Http\Request))
#13 /var/www/html/vendor/laravel/framework/src/Illuminate/Pipeline/Pipeline.php(101): call_user_func(Object(Closure), Object(Illuminate\Http\Request))
#14 /var/www/html/vendor/laravel/framework/src/Illuminate/Routing/Router.php(703): Illuminate\Pipeline\Pipeline->then(Object(Closure))
#15 /var/www/html/vendor/laravel/framework/src/Illuminate/Routing/Router.php(670): Illuminate\Routing\Router->runRouteWithinStack(Object(Illuminate\Routing\Route), Object(Illuminate\Http\Request))
#16 /var/www/html/vendor/laravel/framework/src/Illuminate/Routing/Router.php(628): Illuminate\Routing\Router->dispatchToRoute(Object(Illuminate\Http\Request))
#17 /var/www/html/vendor/laravel/framework/src/Illuminate/Foundation/Http/Kernel.php(214): Illuminate\Routing\Router->dispatch(Object(Illuminate\Http\Request))
#18 [internal function]: Illuminate\Foundation\Http\Kernel->Illuminate\Foundation\Http\{closure}(Object(Illuminate\Http\Request))
#19 /var/www/html/vendor/laravel/framework/src/Illuminate/Pipeline/Pipeline.php(141): call_user_func(Object(Closure), Object(Illuminate\Http\Request))
#20 /var/www/html/app/Http/Middleware/TestDatabaseConnectionMiddleware.php(19): Illuminate\Pipeline\Pipeline->Illuminate\Pipeline\{closure}(Object(Illuminate\Http\Request))
#21 /var/www/html/vendor/laravel/framework/src/Illuminate/Pipeline/Pipeline.php(125): App\Http\Middleware\TestDatabaseConnectionMiddleware->handle(Object(Illuminate\Http\Request), Object(Closure))
#22 /var/www/html/app/Http/Middleware/App.php(23): Illuminate\Pipeline\Pipeline->Illuminate\Pipeline\{closure}(Object(Illuminate\Http\Request))
#23 /var/www/html/vendor/laravel/framework/src/Illuminate/Pipeline/Pipeline.php(125): App\Http\Middleware\App->handle(Object(Illuminate\Http\Request), Object(Closure))
#24 /var/www/html/vendor/laravel/framework/src/Illuminate/Foundation/Http/Middleware/VerifyCsrfToken.php(43): Illuminate\Pipeline\Pipeline->Illuminate\Pipeline\{closure}(Object(Illuminate\Http\Request))
#25 /var/www/html/app/Http/Middleware/VerifyCsrfToken.php(17): Illuminate\Foundation\Http\Middleware\VerifyCsrfToken->handle(Object(Illuminate\Http\Request), Object(Closure))
#26 /var/www/html/vendor/laravel/framework/src/Illuminate/Pipeline/Pipeline.php(125): App\Http\Middleware\VerifyCsrfToken->handle(Object(Illuminate\Http\Request), Object(Closure))
#27 /var/www/html/vendor/laravel/framework/src/Illuminate/View/Middleware/ShareErrorsFromSession.php(55): Illuminate\Pipeline\Pipeline->Illuminate\Pipeline\{closure}(Object(Illuminate\Http\Request))
#28 /var/www/html/vendor/laravel/framework/src/Illuminate/Pipeline/Pipeline.php(125): Illuminate\View\Middleware\ShareErrorsFromSession->handle(Object(Illuminate\Http\Request), Object(Closure))
#29 /var/www/html/vendor/laravel/framework/src/Illuminate/Session/Middleware/StartSession.php(61): Illuminate\Pipeline\Pipeline->Illuminate\Pipeline\{closure}(Object(Illuminate\Http\Request))
#30 /var/www/html/vendor/laravel/framework/src/Illuminate/Pipeline/Pipeline.php(125): Illuminate\Session\Middleware\StartSession->handle(Object(Illuminate\Http\Request), Object(Closure))
#31 /var/www/html/vendor/laravel/framework/src/Illuminate/Cookie/Middleware/AddQueuedCookiesToResponse.php(36): Illuminate\Pipeline\Pipeline->Illuminate\Pipeline\{closure}(Object(Illuminate\Http\Request))
#32 /var/www/html/vendor/laravel/framework/src/Illuminate/Pipeline/Pipeline.php(125): Illuminate\Cookie\Middleware\AddQueuedCookiesToResponse->handle(Object(Illuminate\Http\Request), Object(Closure))
#33 /var/www/html/vendor/laravel/framework/src/Illuminate/Cookie/Middleware/EncryptCookies.php(40): Illuminate\Pipeline\Pipeline->Illuminate\Pipeline\{closure}(Object(Illuminate\Http\Request))
#34 /var/www/html/vendor/laravel/framework/src/Illuminate/Pipeline/Pipeline.php(125): Illuminate\Cookie\Middleware\EncryptCookies->handle(Object(Illuminate\Http\Request), Object(Closure))
#35 /var/www/html/vendor/laravel/framework/src/Illuminate/Foundation/Http/Middleware/CheckForMaintenanceMode.php(42): Illuminate\Pipeline\Pipeline->Illuminate\Pipeline\{closure}(Object(Illuminate\Http\Request))
#36 /var/www/html/vendor/laravel/framework/src/Illuminate/Pipeline/Pipeline.php(125): Illuminate\Foundation\Http\Middleware\CheckForMaintenanceMode->handle(Object(Illuminate\Http\Request), Object(Closure))
#37 [internal function]: Illuminate\Pipeline\Pipeline->Illuminate\Pipeline\{closure}(Object(Illuminate\Http\Request))
#38 /var/www/html/vendor/laravel/framework/src/Illuminate/Pipeline/Pipeline.php(101): call_user_func(Object(Closure), Object(Illuminate\Http\Request))
#39 /var/www/html/vendor/laravel/framework/src/Illuminate/Foundation/Http/Kernel.php(115): Illuminate\Pipeline\Pipeline->then(Object(Closure))
#40 /var/www/html/vendor/laravel/framework/src/Illuminate/Foundation/Http/Kernel.php(84): Illuminate\Foundation\Http\Kernel->sendRequestThroughRouter(Object(Illuminate\Http\Request))
#41 /var/www/html/index.php(53): Illuminate\Foundation\Http\Kernel->handle(Object(Illuminate\Http\Request))
#42 {main}

Next exception 'ErrorException' with message 'Trying to get property of non-object (View: /var/www/html/resources/views/admin/admin-audittrail.blade.php)' in /var/www/html/storage/framework/views/0a0d37423334758a3624e58ff9c9e67e:74
Stack trace:
#0 /var/www/html/vendor/laravel/framework/src/Illuminate/View/Engines/PhpEngine.php(43): Illuminate\View\Engines\CompilerEngine->handleViewException(Object(ErrorException), 1)
#1 /var/www/html/vendor/laravel/framework/src/Illuminate/View/Engines/CompilerEngine.php(57): Illuminate\View\Engines\PhpEngine->evaluatePath('/var/www/html/s...', Array)
#2 /var/www/html/vendor/laravel/framework/src/Illuminate/View/View.php(142): Illuminate\View\Engines\CompilerEngine->get('/var/www/html/r...', Array)
#3 /var/www/html/vendor/laravel/framework/src/Illuminate/View/View.php(111): Illuminate\View\View->getContents()
#4 /var/www/html/vendor/laravel/framework/src/Illuminate/View/View.php(80): Illuminate\View\View->renderContents()
#5 /var/www/html/vendor/laravel/framework/src/Illuminate/Http/Response.php(44): Illuminate\View\View->render()
#6 /var/www/html/vendor/symfony/http-foundation/Symfony/Component/HttpFoundation/Response.php(202): Illuminate\Http\Response->setContent(Object(Illuminate\View\View))
#7 /var/www/html/vendor/laravel/framework/src/Illuminate/Routing/Router.php(1198): Symfony\Component\HttpFoundation\Response->__construct(Object(Illuminate\View\View))
#8 /var/www/html/vendor/laravel/framework/src/Illuminate/Routing/Router.php(702): Illuminate\Routing\Router->prepareResponse(Object(Illuminate\Http\Request), Object(Illuminate\View\View))
#9 [internal function]: Illuminate\Routing\Router->Illuminate\Routing\{closure}(Object(Illuminate\Http\Request))
#10 /var/www/html/vendor/laravel/framework/src/Illuminate/Pipeline/Pipeline.php(141): call_user_func(Object(Closure), Object(Illuminate\Http\Request))
#11 [internal function]: Illuminate\Pipeline\Pipeline->Illuminate\Pipeline\{closure}(Object(Illuminate\Http\Request))
#12 /var/www/html/vendor/laravel/framework/src/Illuminate/Pipeline/Pipeline.php(101): call_user_func(Object(Closure), Object(Illuminate\Http\Request))
#13 /var/www/html/vendor/laravel/framework/src/Illuminate/Routing/Router.php(703): Illuminate\Pipeline\Pipeline->then(Object(Closure))
#14 /var/www/html/vendor/laravel/framework/src/Illuminate/Routing/Router.php(670): Illuminate\Routing\Router->runRouteWithinStack(Object(Illuminate\Routing\Route), Object(Illuminate\Http\Request))
#15 /var/www/html/vendor/laravel/framework/src/Illuminate/Routing/Router.php(628): Illuminate\Routing\Router->dispatchToRoute(Object(Illuminate\Http\Request))
#16 /var/www/html/vendor/laravel/framework/src/Illuminate/Foundation/Http/Kernel.php(214): Illuminate\Routing\Router->dispatch(Object(Illuminate\Http\Request))
#17 [internal function]: Illuminate\Foundation\Http\Kernel->Illuminate\Foundation\Http\{closure}(Object(Illuminate\Http\Request))
#18 /var/www/html/vendor/laravel/framework/src/Illuminate/Pipeline/Pipeline.php(141): call_user_func(Object(Closure), Object(Illuminate\Http\Request))
#19 /var/www/html/app/Http/Middleware/TestDatabaseConnectionMiddleware.php(19): Illuminate\Pipeline\Pipeline->Illuminate\Pipeline\{closure}(Object(Illuminate\Http\Request))
#20 /var/www/html/vendor/laravel/framework/src/Illuminate/Pipeline/Pipeline.php(125): App\Http\Middleware\TestDatabaseConnectionMiddleware->handle(Object(Illuminate\Http\Request), Object(Closure))
#21 /var/www/html/app/Http/Middleware/App.php(23): Illuminate\Pipeline\Pipeline->Illuminate\Pipeline\{closure}(Object(Illuminate\Http\Request))
#22 /var/www/html/vendor/laravel/framework/src/Illuminate/Pipeline/Pipeline.php(125): App\Http\Middleware\App->handle(Object(Illuminate\Http\Request), Object(Closure))
#23 /var/www/html/vendor/laravel/framework/src/Illuminate/Foundation/Http/Middleware/VerifyCsrfToken.php(43): Illuminate\Pipeline\Pipeline->Illuminate\Pipeline\{closure}(Object(Illuminate\Http\Request))
#24 /var/www/html/app/Http/Middleware/VerifyCsrfToken.php(17): Illuminate\Foundation\Http\Middleware\VerifyCsrfToken->handle(Object(Illuminate\Http\Request), Object(Closure))
#25 /var/www/html/vendor/laravel/framework/src/Illuminate/Pipeline/Pipeline.php(125): App\Http\Middleware\VerifyCsrfToken->handle(Object(Illuminate\Http\Request), Object(Closure))
#26 /var/www/html/vendor/laravel/framework/src/Illuminate/View/Middleware/ShareErrorsFromSession.php(55): Illuminate\Pipeline\Pipeline->Illuminate\Pipeline\{closure}(Object(Illuminate\Http\Request))
#27 /var/www/html/vendor/laravel/framework/src/Illuminate/Pipeline/Pipeline.php(125): Illuminate\View\Middleware\ShareErrorsFromSession->handle(Object(Illuminate\Http\Request), Object(Closure))
#28 /var/www/html/vendor/laravel/framework/src/Illuminate/Session/Middleware/StartSession.php(61): Illuminate\Pipeline\Pipeline->Illuminate\Pipeline\{closure}(Object(Illuminate\Http\Request))
#29 /var/www/html/vendor/laravel/framework/src/Illuminate/Pipeline/Pipeline.php(125): Illuminate\Session\Middleware\StartSession->handle(Object(Illuminate\Http\Request), Object(Closure))
#30 /var/www/html/vendor/laravel/framework/src/Illuminate/Cookie/Middleware/AddQueuedCookiesToResponse.php(36): Illuminate\Pipeline\Pipeline->Illuminate\Pipeline\{closure}(Object(Illuminate\Http\Request))
#31 /var/www/html/vendor/laravel/framework/src/Illuminate/Pipeline/Pipeline.php(125): Illuminate\Cookie\Middleware\AddQueuedCookiesToResponse->handle(Object(Illuminate\Http\Request), Object(Closure))
#32 /var/www/html/vendor/laravel/framework/src/Illuminate/Cookie/Middleware/EncryptCookies.php(40): Illuminate\Pipeline\Pipeline->Illuminate\Pipeline\{closure}(Object(Illuminate\Http\Request))
#33 /var/www/html/vendor/laravel/framework/src/Illuminate/Pipeline/Pipeline.php(125): Illuminate\Cookie\Middleware\EncryptCookies->handle(Object(Illuminate\Http\Request), Object(Closure))
#34 /var/www/html/vendor/laravel/framework/src/Illuminate/Foundation/Http/Middleware/CheckForMaintenanceMode.php(42): Illuminate\Pipeline\Pipeline->Illuminate\Pipeline\{closure}(Object(Illuminate\Http\Request))
#35 /var/www/html/vendor/laravel/framework/src/Illuminate/Pipeline/Pipeline.php(125): Illuminate\Foundation\Http\Middleware\CheckForMaintenanceMode->handle(Object(Illuminate\Http\Request), Object(Closure))
#36 [internal function]: Illuminate\Pipeline\Pipeline->Illuminate\Pipeline\{closure}(Object(Illuminate\Http\Request))
#37 /var/www/html/vendor/laravel/framework/src/Illuminate/Pipeline/Pipeline.php(101): call_user_func(Object(Closure), Object(Illuminate\Http\Request))
#38 /var/www/html/vendor/laravel/framework/src/Illuminate/Foundation/Http/Kernel.php(115): Illuminate\Pipeline\Pipeline->then(Object(Closure))
#39 /var/www/html/vendor/laravel/framework/src/Illuminate/Foundation/Http/Kernel.php(84): Illuminate\Foundation\Http\Kernel->sendRequestThroughRouter(Object(Illuminate\Http\Request))
#40 /var/www/html/index.php(53): Illuminate\Foundation\Http\Kernel->handle(Object(Illuminate\Http\Request))
#41 {main}  
[2016-09-09 11:16:18] production.ERROR: exception 'ErrorException' with message 'Undefined variable: loanStatus' in /var/www/html/app/models/AdminLoanPerformanceReportModel.php:48
Stack trace:
#0 /var/www/html/app/models/AdminLoanPerformanceReportModel.php(48): Illuminate\Foundation\Bootstrap\HandleExceptions->handleError(8, 'Undefined varia...', '/var/www/html/a...', 48, Array)
#1 /var/www/html/app/Http/Controllers/AdminLoanPerformanceReportController.php(46): App\models\AdminLoanPerformanceReportModel->getLoanPerformanceReportInfo('01-01-2016', '09-09-2016')
#2 [internal function]: App\Http\Controllers\AdminLoanPerformanceReportController->indexPostAction()
#3 /var/www/html/vendor/laravel/framework/src/Illuminate/Routing/Controller.php(246): call_user_func_array(Array, Array)
#4 /var/www/html/vendor/laravel/framework/src/Illuminate/Routing/ControllerDispatcher.php(162): Illuminate\Routing\Controller->callAction('indexPostAction', Array)
#5 /var/www/html/vendor/laravel/framework/src/Illuminate/Routing/ControllerDispatcher.php(107): Illuminate\Routing\ControllerDispatcher->call(Object(App\Http\Controllers\AdminLoanPerformanceReportController), Object(Illuminate\Routing\Route), 'indexPostAction')
#6 [internal function]: Illuminate\Routing\ControllerDispatcher->Illuminate\Routing\{closure}(Object(Illuminate\Http\Request))
#7 /var/www/html/vendor/laravel/framework/src/Illuminate/Pipeline/Pipeline.php(141): call_user_func(Object(Closure), Object(Illuminate\Http\Request))
#8 /var/www/html/app/Http/Middleware/Authenticate.php(47): Illuminate\Pipeline\Pipeline->Illuminate\Pipeline\{closure}(Object(Illuminate\Http\Request))
#9 /var/www/html/vendor/laravel/framework/src/Illuminate/Pipeline/Pipeline.php(125): App\Http\Middleware\Authenticate->handle(Object(Illuminate\Http\Request), Object(Closure))
#10 [internal function]: Illuminate\Pipeline\Pipeline->Illuminate\Pipeline\{closure}(Object(Illuminate\Http\Request))
#11 /var/www/html/vendor/laravel/framework/src/Illuminate/Pipeline/Pipeline.php(101): call_user_func(Object(Closure), Object(Illuminate\Http\Request))
#12 /var/www/html/vendor/laravel/framework/src/Illuminate/Routing/ControllerDispatcher.php(108): Illuminate\Pipeline\Pipeline->then(Object(Closure))
#13 /var/www/html/vendor/laravel/framework/src/Illuminate/Routing/ControllerDispatcher.php(67): Illuminate\Routing\ControllerDispatcher->callWithinStack(Object(App\Http\Controllers\AdminLoanPerformanceReportController), Object(Illuminate\Routing\Route), Object(Illuminate\Http\Request), 'indexPostAction')
#14 /var/www/html/vendor/laravel/framework/src/Illuminate/Routing/Route.php(204): Illuminate\Routing\ControllerDispatcher->dispatch(Object(Illuminate\Routing\Route), Object(Illuminate\Http\Request), 'App\\Http\\Contro...', 'indexPostAction')
#15 /var/www/html/vendor/laravel/framework/src/Illuminate/Routing/Route.php(134): Illuminate\Routing\Route->runWithCustomDispatcher(Object(Illuminate\Http\Request))
#16 /var/www/html/vendor/laravel/framework/src/Illuminate/Routing/Router.php(701): Illuminate\Routing\Route->run(Object(Illuminate\Http\Request))
#17 [internal function]: Illuminate\Routing\Router->Illuminate\Routing\{closure}(Object(Illuminate\Http\Request))
#18 /var/www/html/vendor/laravel/framework/src/Illuminate/Pipeline/Pipeline.php(141): call_user_func(Object(Closure), Object(Illuminate\Http\Request))
#19 /var/www/html/app/Http/Middleware/AdminMiddleWare.php(30): Illuminate\Pipeline\Pipeline->Illuminate\Pipeline\{closure}(Object(Illuminate\Http\Request))
#20 /var/www/html/vendor/laravel/framework/src/Illuminate/Pipeline/Pipeline.php(125): App\Http\Middleware\AdminMiddleware->handle(Object(Illuminate\Http\Request), Object(Closure))
#21 [internal function]: Illuminate\Pipeline\Pipeline->Illuminate\Pipeline\{closure}(Object(Illuminate\Http\Request))
#22 /var/www/html/vendor/laravel/framework/src/Illuminate/Pipeline/Pipeline.php(101): call_user_func(Object(Closure), Object(Illuminate\Http\Request))
#23 /var/www/html/vendor/laravel/framework/src/Illuminate/Routing/Router.php(703): Illuminate\Pipeline\Pipeline->then(Object(Closure))
#24 /var/www/html/vendor/laravel/framework/src/Illuminate/Routing/Router.php(670): Illuminate\Routing\Router->runRouteWithinStack(Object(Illuminate\Routing\Route), Object(Illuminate\Http\Request))
#25 /var/www/html/vendor/laravel/framework/src/Illuminate/Routing/Router.php(628): Illuminate\Routing\Router->dispatchToRoute(Object(Illuminate\Http\Request))
#26 /var/www/html/vendor/laravel/framework/src/Illuminate/Foundation/Http/Kernel.php(214): Illuminate\Routing\Router->dispatch(Object(Illuminate\Http\Request))
#27 [internal function]: Illuminate\Foundation\Http\Kernel->Illuminate\Foundation\Http\{closure}(Object(Illuminate\Http\Request))
#28 /var/www/html/vendor/laravel/framework/src/Illuminate/Pipeline/Pipeline.php(141): call_user_func(Object(Closure), Object(Illuminate\Http\Request))
#29 /var/www/html/app/Http/Middleware/TestDatabaseConnectionMiddleware.php(19): Illuminate\Pipeline\Pipeline->Illuminate\Pipeline\{closure}(Object(Illuminate\Http\Request))
#30 /var/www/html/vendor/laravel/framework/src/Illuminate/Pipeline/Pipeline.php(125): App\Http\Middleware\TestDatabaseConnectionMiddleware->handle(Object(Illuminate\Http\Request), Object(Closure))
#31 /var/www/html/app/Http/Middleware/App.php(23): Illuminate\Pipeline\Pipeline->Illuminate\Pipeline\{closure}(Object(Illuminate\Http\Request))
#32 /var/www/html/vendor/laravel/framework/src/Illuminate/Pipeline/Pipeline.php(125): App\Http\Middleware\App->handle(Object(Illuminate\Http\Request), Object(Closure))
#33 /var/www/html/vendor/laravel/framework/src/Illuminate/Foundation/Http/Middleware/VerifyCsrfToken.php(43): Illuminate\Pipeline\Pipeline->Illuminate\Pipeline\{closure}(Object(Illuminate\Http\Request))
#34 /var/www/html/app/Http/Middleware/VerifyCsrfToken.php(17): Illuminate\Foundation\Http\Middleware\VerifyCsrfToken->handle(Object(Illuminate\Http\Request), Object(Closure))
#35 /var/www/html/vendor/laravel/framework/src/Illuminate/Pipeline/Pipeline.php(125): App\Http\Middleware\VerifyCsrfToken->handle(Object(Illuminate\Http\Request), Object(Closure))
#36 /var/www/html/vendor/laravel/framework/src/Illuminate/View/Middleware/ShareErrorsFromSession.php(55): Illuminate\Pipeline\Pipeline->Illuminate\Pipeline\{closure}(Object(Illuminate\Http\Request))
#37 /var/www/html/vendor/laravel/framework/src/Illuminate/Pipeline/Pipeline.php(125): Illuminate\View\Middleware\ShareErrorsFromSession->handle(Object(Illuminate\Http\Request), Object(Closure))
#38 /var/www/html/vendor/laravel/framework/src/Illuminate/Session/Middleware/StartSession.php(61): Illuminate\Pipeline\Pipeline->Illuminate\Pipeline\{closure}(Object(Illuminate\Http\Request))
#39 /var/www/html/vendor/laravel/framework/src/Illuminate/Pipeline/Pipeline.php(125): Illuminate\Session\Middleware\StartSession->handle(Object(Illuminate\Http\Request), Object(Closure))
#40 /var/www/html/vendor/laravel/framework/src/Illuminate/Cookie/Middleware/AddQueuedCookiesToResponse.php(36): Illuminate\Pipeline\Pipeline->Illuminate\Pipeline\{closure}(Object(Illuminate\Http\Request))
#41 /var/www/html/vendor/laravel/framework/src/Illuminate/Pipeline/Pipeline.php(125): Illuminate\Cookie\Middleware\AddQueuedCookiesToResponse->handle(Object(Illuminate\Http\Request), Object(Closure))
#42 /var/www/html/vendor/laravel/framework/src/Illuminate/Cookie/Middleware/EncryptCookies.php(40): Illuminate\Pipeline\Pipeline->Illuminate\Pipeline\{closure}(Object(Illuminate\Http\Request))
#43 /var/www/html/vendor/laravel/framework/src/Illuminate/Pipeline/Pipeline.php(125): Illuminate\Cookie\Middleware\EncryptCookies->handle(Object(Illuminate\Http\Request), Object(Closure))
#44 /var/www/html/vendor/laravel/framework/src/Illuminate/Foundation/Http/Middleware/CheckForMaintenanceMode.php(42): Illuminate\Pipeline\Pipeline->Illuminate\Pipeline\{closure}(Object(Illuminate\Http\Request))
#45 /var/www/html/vendor/laravel/framework/src/Illuminate/Pipeline/Pipeline.php(125): Illuminate\Foundation\Http\Middleware\CheckForMaintenanceMode->handle(Object(Illuminate\Http\Request), Object(Closure))
#46 [internal function]: Illuminate\Pipeline\Pipeline->Illuminate\Pipeline\{closure}(Object(Illuminate\Http\Request))
#47 /var/www/html/vendor/laravel/framework/src/Illuminate/Pipeline/Pipeline.php(101): call_user_func(Object(Closure), Object(Illuminate\Http\Request))
#48 /var/www/html/vendor/laravel/framework/src/Illuminate/Foundation/Http/Kernel.php(115): Illuminate\Pipeline\Pipeline->then(Object(Closure))
#49 /var/www/html/vendor/laravel/framework/src/Illuminate/Foundation/Http/Kernel.php(84): Illuminate\Foundation\Http\Kernel->sendRequestThroughRouter(Object(Illuminate\Http\Request))
#50 /var/www/html/index.php(53): Illuminate\Foundation\Http\Kernel->handle(Object(Illuminate\Http\Request))
#51 {main}  
[2016-09-09 11:20:10] production.ERROR: exception 'ErrorException' with message 'Invalid argument supplied for foreach()' in /var/www/html/storage/framework/views/0a0d37423334758a3624e58ff9c9e67e:73
Stack trace:
#0 /var/www/html/storage/framework/views/0a0d37423334758a3624e58ff9c9e67e(73): Illuminate\Foundation\Bootstrap\HandleExceptions->handleError(2, 'Invalid argumen...', '/var/www/html/s...', 73, Array)
#1 /var/www/html/vendor/laravel/framework/src/Illuminate/View/Engines/PhpEngine.php(39): include('/var/www/html/s...')
#2 /var/www/html/vendor/laravel/framework/src/Illuminate/View/Engines/CompilerEngine.php(57): Illuminate\View\Engines\PhpEngine->evaluatePath('/var/www/html/s...', Array)
#3 /var/www/html/vendor/laravel/framework/src/Illuminate/View/View.php(142): Illuminate\View\Engines\CompilerEngine->get('/var/www/html/r...', Array)
#4 /var/www/html/vendor/laravel/framework/src/Illuminate/View/View.php(111): Illuminate\View\View->getContents()
#5 /var/www/html/vendor/laravel/framework/src/Illuminate/View/View.php(80): Illuminate\View\View->renderContents()
#6 /var/www/html/vendor/laravel/framework/src/Illuminate/Http/Response.php(44): Illuminate\View\View->render()
#7 /var/www/html/vendor/symfony/http-foundation/Symfony/Component/HttpFoundation/Response.php(202): Illuminate\Http\Response->setContent(Object(Illuminate\View\View))
#8 /var/www/html/vendor/laravel/framework/src/Illuminate/Routing/Router.php(1198): Symfony\Component\HttpFoundation\Response->__construct(Object(Illuminate\View\View))
#9 /var/www/html/vendor/laravel/framework/src/Illuminate/Routing/Router.php(702): Illuminate\Routing\Router->prepareResponse(Object(Illuminate\Http\Request), Object(Illuminate\View\View))
#10 [internal function]: Illuminate\Routing\Router->Illuminate\Routing\{closure}(Object(Illuminate\Http\Request))
#11 /var/www/html/vendor/laravel/framework/src/Illuminate/Pipeline/Pipeline.php(141): call_user_func(Object(Closure), Object(Illuminate\Http\Request))
#12 [internal function]: Illuminate\Pipeline\Pipeline->Illuminate\Pipeline\{closure}(Object(Illuminate\Http\Request))
#13 /var/www/html/vendor/laravel/framework/src/Illuminate/Pipeline/Pipeline.php(101): call_user_func(Object(Closure), Object(Illuminate\Http\Request))
#14 /var/www/html/vendor/laravel/framework/src/Illuminate/Routing/Router.php(703): Illuminate\Pipeline\Pipeline->then(Object(Closure))
#15 /var/www/html/vendor/laravel/framework/src/Illuminate/Routing/Router.php(670): Illuminate\Routing\Router->runRouteWithinStack(Object(Illuminate\Routing\Route), Object(Illuminate\Http\Request))
#16 /var/www/html/vendor/laravel/framework/src/Illuminate/Routing/Router.php(628): Illuminate\Routing\Router->dispatchToRoute(Object(Illuminate\Http\Request))
#17 /var/www/html/vendor/laravel/framework/src/Illuminate/Foundation/Http/Kernel.php(214): Illuminate\Routing\Router->dispatch(Object(Illuminate\Http\Request))
#18 [internal function]: Illuminate\Foundation\Http\Kernel->Illuminate\Foundation\Http\{closure}(Object(Illuminate\Http\Request))
#19 /var/www/html/vendor/laravel/framework/src/Illuminate/Pipeline/Pipeline.php(141): call_user_func(Object(Closure), Object(Illuminate\Http\Request))
#20 /var/www/html/app/Http/Middleware/TestDatabaseConnectionMiddleware.php(19): Illuminate\Pipeline\Pipeline->Illuminate\Pipeline\{closure}(Object(Illuminate\Http\Request))
#21 /var/www/html/vendor/laravel/framework/src/Illuminate/Pipeline/Pipeline.php(125): App\Http\Middleware\TestDatabaseConnectionMiddleware->handle(Object(Illuminate\Http\Request), Object(Closure))
#22 /var/www/html/app/Http/Middleware/App.php(23): Illuminate\Pipeline\Pipeline->Illuminate\Pipeline\{closure}(Object(Illuminate\Http\Request))
#23 /var/www/html/vendor/laravel/framework/src/Illuminate/Pipeline/Pipeline.php(125): App\Http\Middleware\App->handle(Object(Illuminate\Http\Request), Object(Closure))
#24 /var/www/html/vendor/laravel/framework/src/Illuminate/Foundation/Http/Middleware/VerifyCsrfToken.php(43): Illuminate\Pipeline\Pipeline->Illuminate\Pipeline\{closure}(Object(Illuminate\Http\Request))
#25 /var/www/html/app/Http/Middleware/VerifyCsrfToken.php(17): Illuminate\Foundation\Http\Middleware\VerifyCsrfToken->handle(Object(Illuminate\Http\Request), Object(Closure))
#26 /var/www/html/vendor/laravel/framework/src/Illuminate/Pipeline/Pipeline.php(125): App\Http\Middleware\VerifyCsrfToken->handle(Object(Illuminate\Http\Request), Object(Closure))
#27 /var/www/html/vendor/laravel/framework/src/Illuminate/View/Middleware/ShareErrorsFromSession.php(55): Illuminate\Pipeline\Pipeline->Illuminate\Pipeline\{closure}(Object(Illuminate\Http\Request))
#28 /var/www/html/vendor/laravel/framework/src/Illuminate/Pipeline/Pipeline.php(125): Illuminate\View\Middleware\ShareErrorsFromSession->handle(Object(Illuminate\Http\Request), Object(Closure))
#29 /var/www/html/vendor/laravel/framework/src/Illuminate/Session/Middleware/StartSession.php(61): Illuminate\Pipeline\Pipeline->Illuminate\Pipeline\{closure}(Object(Illuminate\Http\Request))
#30 /var/www/html/vendor/laravel/framework/src/Illuminate/Pipeline/Pipeline.php(125): Illuminate\Session\Middleware\StartSession->handle(Object(Illuminate\Http\Request), Object(Closure))
#31 /var/www/html/vendor/laravel/framework/src/Illuminate/Cookie/Middleware/AddQueuedCookiesToResponse.php(36): Illuminate\Pipeline\Pipeline->Illuminate\Pipeline\{closure}(Object(Illuminate\Http\Request))
#32 /var/www/html/vendor/laravel/framework/src/Illuminate/Pipeline/Pipeline.php(125): Illuminate\Cookie\Middleware\AddQueuedCookiesToResponse->handle(Object(Illuminate\Http\Request), Object(Closure))
#33 /var/www/html/vendor/laravel/framework/src/Illuminate/Cookie/Middleware/EncryptCookies.php(40): Illuminate\Pipeline\Pipeline->Illuminate\Pipeline\{closure}(Object(Illuminate\Http\Request))
#34 /var/www/html/vendor/laravel/framework/src/Illuminate/Pipeline/Pipeline.php(125): Illuminate\Cookie\Middleware\EncryptCookies->handle(Object(Illuminate\Http\Request), Object(Closure))
#35 /var/www/html/vendor/laravel/framework/src/Illuminate/Foundation/Http/Middleware/CheckForMaintenanceMode.php(42): Illuminate\Pipeline\Pipeline->Illuminate\Pipeline\{closure}(Object(Illuminate\Http\Request))
#36 /var/www/html/vendor/laravel/framework/src/Illuminate/Pipeline/Pipeline.php(125): Illuminate\Foundation\Http\Middleware\CheckForMaintenanceMode->handle(Object(Illuminate\Http\Request), Object(Closure))
#37 [internal function]: Illuminate\Pipeline\Pipeline->Illuminate\Pipeline\{closure}(Object(Illuminate\Http\Request))
#38 /var/www/html/vendor/laravel/framework/src/Illuminate/Pipeline/Pipeline.php(101): call_user_func(Object(Closure), Object(Illuminate\Http\Request))
#39 /var/www/html/vendor/laravel/framework/src/Illuminate/Foundation/Http/Kernel.php(115): Illuminate\Pipeline\Pipeline->then(Object(Closure))
#40 /var/www/html/vendor/laravel/framework/src/Illuminate/Foundation/Http/Kernel.php(84): Illuminate\Foundation\Http\Kernel->sendRequestThroughRouter(Object(Illuminate\Http\Request))
#41 /var/www/html/index.php(53): Illuminate\Foundation\Http\Kernel->handle(Object(Illuminate\Http\Request))
#42 {main}

Next exception 'ErrorException' with message 'Invalid argument supplied for foreach() (View: /var/www/html/resources/views/admin/admin-audittrail.blade.php)' in /var/www/html/storage/framework/views/0a0d37423334758a3624e58ff9c9e67e:73
Stack trace:
#0 /var/www/html/vendor/laravel/framework/src/Illuminate/View/Engines/PhpEngine.php(43): Illuminate\View\Engines\CompilerEngine->handleViewException(Object(ErrorException), 1)
#1 /var/www/html/vendor/laravel/framework/src/Illuminate/View/Engines/CompilerEngine.php(57): Illuminate\View\Engines\PhpEngine->evaluatePath('/var/www/html/s...', Array)
#2 /var/www/html/vendor/laravel/framework/src/Illuminate/View/View.php(142): Illuminate\View\Engines\CompilerEngine->get('/var/www/html/r...', Array)
#3 /var/www/html/vendor/laravel/framework/src/Illuminate/View/View.php(111): Illuminate\View\View->getContents()
#4 /var/www/html/vendor/laravel/framework/src/Illuminate/View/View.php(80): Illuminate\View\View->renderContents()
#5 /var/www/html/vendor/laravel/framework/src/Illuminate/Http/Response.php(44): Illuminate\View\View->render()
#6 /var/www/html/vendor/symfony/http-foundation/Symfony/Component/HttpFoundation/Response.php(202): Illuminate\Http\Response->setContent(Object(Illuminate\View\View))
#7 /var/www/html/vendor/laravel/framework/src/Illuminate/Routing/Router.php(1198): Symfony\Component\HttpFoundation\Response->__construct(Object(Illuminate\View\View))
#8 /var/www/html/vendor/laravel/framework/src/Illuminate/Routing/Router.php(702): Illuminate\Routing\Router->prepareResponse(Object(Illuminate\Http\Request), Object(Illuminate\View\View))
#9 [internal function]: Illuminate\Routing\Router->Illuminate\Routing\{closure}(Object(Illuminate\Http\Request))
#10 /var/www/html/vendor/laravel/framework/src/Illuminate/Pipeline/Pipeline.php(141): call_user_func(Object(Closure), Object(Illuminate\Http\Request))
#11 [internal function]: Illuminate\Pipeline\Pipeline->Illuminate\Pipeline\{closure}(Object(Illuminate\Http\Request))
#12 /var/www/html/vendor/laravel/framework/src/Illuminate/Pipeline/Pipeline.php(101): call_user_func(Object(Closure), Object(Illuminate\Http\Request))
#13 /var/www/html/vendor/laravel/framework/src/Illuminate/Routing/Router.php(703): Illuminate\Pipeline\Pipeline->then(Object(Closure))
#14 /var/www/html/vendor/laravel/framework/src/Illuminate/Routing/Router.php(670): Illuminate\Routing\Router->runRouteWithinStack(Object(Illuminate\Routing\Route), Object(Illuminate\Http\Request))
#15 /var/www/html/vendor/laravel/framework/src/Illuminate/Routing/Router.php(628): Illuminate\Routing\Router->dispatchToRoute(Object(Illuminate\Http\Request))
#16 /var/www/html/vendor/laravel/framework/src/Illuminate/Foundation/Http/Kernel.php(214): Illuminate\Routing\Router->dispatch(Object(Illuminate\Http\Request))
#17 [internal function]: Illuminate\Foundation\Http\Kernel->Illuminate\Foundation\Http\{closure}(Object(Illuminate\Http\Request))
#18 /var/www/html/vendor/laravel/framework/src/Illuminate/Pipeline/Pipeline.php(141): call_user_func(Object(Closure), Object(Illuminate\Http\Request))
#19 /var/www/html/app/Http/Middleware/TestDatabaseConnectionMiddleware.php(19): Illuminate\Pipeline\Pipeline->Illuminate\Pipeline\{closure}(Object(Illuminate\Http\Request))
#20 /var/www/html/vendor/laravel/framework/src/Illuminate/Pipeline/Pipeline.php(125): App\Http\Middleware\TestDatabaseConnectionMiddleware->handle(Object(Illuminate\Http\Request), Object(Closure))
#21 /var/www/html/app/Http/Middleware/App.php(23): Illuminate\Pipeline\Pipeline->Illuminate\Pipeline\{closure}(Object(Illuminate\Http\Request))
#22 /var/www/html/vendor/laravel/framework/src/Illuminate/Pipeline/Pipeline.php(125): App\Http\Middleware\App->handle(Object(Illuminate\Http\Request), Object(Closure))
#23 /var/www/html/vendor/laravel/framework/src/Illuminate/Foundation/Http/Middleware/VerifyCsrfToken.php(43): Illuminate\Pipeline\Pipeline->Illuminate\Pipeline\{closure}(Object(Illuminate\Http\Request))
#24 /var/www/html/app/Http/Middleware/VerifyCsrfToken.php(17): Illuminate\Foundation\Http\Middleware\VerifyCsrfToken->handle(Object(Illuminate\Http\Request), Object(Closure))
#25 /var/www/html/vendor/laravel/framework/src/Illuminate/Pipeline/Pipeline.php(125): App\Http\Middleware\VerifyCsrfToken->handle(Object(Illuminate\Http\Request), Object(Closure))
#26 /var/www/html/vendor/laravel/framework/src/Illuminate/View/Middleware/ShareErrorsFromSession.php(55): Illuminate\Pipeline\Pipeline->Illuminate\Pipeline\{closure}(Object(Illuminate\Http\Request))
#27 /var/www/html/vendor/laravel/framework/src/Illuminate/Pipeline/Pipeline.php(125): Illuminate\View\Middleware\ShareErrorsFromSession->handle(Object(Illuminate\Http\Request), Object(Closure))
#28 /var/www/html/vendor/laravel/framework/src/Illuminate/Session/Middleware/StartSession.php(61): Illuminate\Pipeline\Pipeline->Illuminate\Pipeline\{closure}(Object(Illuminate\Http\Request))
#29 /var/www/html/vendor/laravel/framework/src/Illuminate/Pipeline/Pipeline.php(125): Illuminate\Session\Middleware\StartSession->handle(Object(Illuminate\Http\Request), Object(Closure))
#30 /var/www/html/vendor/laravel/framework/src/Illuminate/Cookie/Middleware/AddQueuedCookiesToResponse.php(36): Illuminate\Pipeline\Pipeline->Illuminate\Pipeline\{closure}(Object(Illuminate\Http\Request))
#31 /var/www/html/vendor/laravel/framework/src/Illuminate/Pipeline/Pipeline.php(125): Illuminate\Cookie\Middleware\AddQueuedCookiesToResponse->handle(Object(Illuminate\Http\Request), Object(Closure))
#32 /var/www/html/vendor/laravel/framework/src/Illuminate/Cookie/Middleware/EncryptCookies.php(40): Illuminate\Pipeline\Pipeline->Illuminate\Pipeline\{closure}(Object(Illuminate\Http\Request))
#33 /var/www/html/vendor/laravel/framework/src/Illuminate/Pipeline/Pipeline.php(125): Illuminate\Cookie\Middleware\EncryptCookies->handle(Object(Illuminate\Http\Request), Object(Closure))
#34 /var/www/html/vendor/laravel/framework/src/Illuminate/Foundation/Http/Middleware/CheckForMaintenanceMode.php(42): Illuminate\Pipeline\Pipeline->Illuminate\Pipeline\{closure}(Object(Illuminate\Http\Request))
#35 /var/www/html/vendor/laravel/framework/src/Illuminate/Pipeline/Pipeline.php(125): Illuminate\Foundation\Http\Middleware\CheckForMaintenanceMode->handle(Object(Illuminate\Http\Request), Object(Closure))
#36 [internal function]: Illuminate\Pipeline\Pipeline->Illuminate\Pipeline\{closure}(Object(Illuminate\Http\Request))
#37 /var/www/html/vendor/laravel/framework/src/Illuminate/Pipeline/Pipeline.php(101): call_user_func(Object(Closure), Object(Illuminate\Http\Request))
#38 /var/www/html/vendor/laravel/framework/src/Illuminate/Foundation/Http/Kernel.php(115): Illuminate\Pipeline\Pipeline->then(Object(Closure))
#39 /var/www/html/vendor/laravel/framework/src/Illuminate/Foundation/Http/Kernel.php(84): Illuminate\Foundation\Http\Kernel->sendRequestThroughRouter(Object(Illuminate\Http\Request))
#40 /var/www/html/index.php(53): Illuminate\Foundation\Http\Kernel->handle(Object(Illuminate\Http\Request))
#41 {main}  
[2016-09-09 11:21:45] production.ERROR: exception 'ErrorException' with message 'Invalid argument supplied for foreach()' in /var/www/html/storage/framework/views/0a0d37423334758a3624e58ff9c9e67e:73
Stack trace:
#0 /var/www/html/storage/framework/views/0a0d37423334758a3624e58ff9c9e67e(73): Illuminate\Foundation\Bootstrap\HandleExceptions->handleError(2, 'Invalid argumen...', '/var/www/html/s...', 73, Array)
#1 /var/www/html/vendor/laravel/framework/src/Illuminate/View/Engines/PhpEngine.php(39): include('/var/www/html/s...')
#2 /var/www/html/vendor/laravel/framework/src/Illuminate/View/Engines/CompilerEngine.php(57): Illuminate\View\Engines\PhpEngine->evaluatePath('/var/www/html/s...', Array)
#3 /var/www/html/vendor/laravel/framework/src/Illuminate/View/View.php(142): Illuminate\View\Engines\CompilerEngine->get('/var/www/html/r...', Array)
#4 /var/www/html/vendor/laravel/framework/src/Illuminate/View/View.php(111): Illuminate\View\View->getContents()
#5 /var/www/html/vendor/laravel/framework/src/Illuminate/View/View.php(80): Illuminate\View\View->renderContents()
#6 /var/www/html/vendor/laravel/framework/src/Illuminate/Http/Response.php(44): Illuminate\View\View->render()
#7 /var/www/html/vendor/symfony/http-foundation/Symfony/Component/HttpFoundation/Response.php(202): Illuminate\Http\Response->setContent(Object(Illuminate\View\View))
#8 /var/www/html/vendor/laravel/framework/src/Illuminate/Routing/Router.php(1198): Symfony\Component\HttpFoundation\Response->__construct(Object(Illuminate\View\View))
#9 /var/www/html/vendor/laravel/framework/src/Illuminate/Routing/Router.php(702): Illuminate\Routing\Router->prepareResponse(Object(Illuminate\Http\Request), Object(Illuminate\View\View))
#10 [internal function]: Illuminate\Routing\Router->Illuminate\Routing\{closure}(Object(Illuminate\Http\Request))
#11 /var/www/html/vendor/laravel/framework/src/Illuminate/Pipeline/Pipeline.php(141): call_user_func(Object(Closure), Object(Illuminate\Http\Request))
#12 [internal function]: Illuminate\Pipeline\Pipeline->Illuminate\Pipeline\{closure}(Object(Illuminate\Http\Request))
#13 /var/www/html/vendor/laravel/framework/src/Illuminate/Pipeline/Pipeline.php(101): call_user_func(Object(Closure), Object(Illuminate\Http\Request))
#14 /var/www/html/vendor/laravel/framework/src/Illuminate/Routing/Router.php(703): Illuminate\Pipeline\Pipeline->then(Object(Closure))
#15 /var/www/html/vendor/laravel/framework/src/Illuminate/Routing/Router.php(670): Illuminate\Routing\Router->runRouteWithinStack(Object(Illuminate\Routing\Route), Object(Illuminate\Http\Request))
#16 /var/www/html/vendor/laravel/framework/src/Illuminate/Routing/Router.php(628): Illuminate\Routing\Router->dispatchToRoute(Object(Illuminate\Http\Request))
#17 /var/www/html/vendor/laravel/framework/src/Illuminate/Foundation/Http/Kernel.php(214): Illuminate\Routing\Router->dispatch(Object(Illuminate\Http\Request))
#18 [internal function]: Illuminate\Foundation\Http\Kernel->Illuminate\Foundation\Http\{closure}(Object(Illuminate\Http\Request))
#19 /var/www/html/vendor/laravel/framework/src/Illuminate/Pipeline/Pipeline.php(141): call_user_func(Object(Closure), Object(Illuminate\Http\Request))
#20 /var/www/html/app/Http/Middleware/TestDatabaseConnectionMiddleware.php(19): Illuminate\Pipeline\Pipeline->Illuminate\Pipeline\{closure}(Object(Illuminate\Http\Request))
#21 /var/www/html/vendor/laravel/framework/src/Illuminate/Pipeline/Pipeline.php(125): App\Http\Middleware\TestDatabaseConnectionMiddleware->handle(Object(Illuminate\Http\Request), Object(Closure))
#22 /var/www/html/app/Http/Middleware/App.php(23): Illuminate\Pipeline\Pipeline->Illuminate\Pipeline\{closure}(Object(Illuminate\Http\Request))
#23 /var/www/html/vendor/laravel/framework/src/Illuminate/Pipeline/Pipeline.php(125): App\Http\Middleware\App->handle(Object(Illuminate\Http\Request), Object(Closure))
#24 /var/www/html/vendor/laravel/framework/src/Illuminate/Foundation/Http/Middleware/VerifyCsrfToken.php(43): Illuminate\Pipeline\Pipeline->Illuminate\Pipeline\{closure}(Object(Illuminate\Http\Request))
#25 /var/www/html/app/Http/Middleware/VerifyCsrfToken.php(17): Illuminate\Foundation\Http\Middleware\VerifyCsrfToken->handle(Object(Illuminate\Http\Request), Object(Closure))
#26 /var/www/html/vendor/laravel/framework/src/Illuminate/Pipeline/Pipeline.php(125): App\Http\Middleware\VerifyCsrfToken->handle(Object(Illuminate\Http\Request), Object(Closure))
#27 /var/www/html/vendor/laravel/framework/src/Illuminate/View/Middleware/ShareErrorsFromSession.php(55): Illuminate\Pipeline\Pipeline->Illuminate\Pipeline\{closure}(Object(Illuminate\Http\Request))
#28 /var/www/html/vendor/laravel/framework/src/Illuminate/Pipeline/Pipeline.php(125): Illuminate\View\Middleware\ShareErrorsFromSession->handle(Object(Illuminate\Http\Request), Object(Closure))
#29 /var/www/html/vendor/laravel/framework/src/Illuminate/Session/Middleware/StartSession.php(61): Illuminate\Pipeline\Pipeline->Illuminate\Pipeline\{closure}(Object(Illuminate\Http\Request))
#30 /var/www/html/vendor/laravel/framework/src/Illuminate/Pipeline/Pipeline.php(125): Illuminate\Session\Middleware\StartSession->handle(Object(Illuminate\Http\Request), Object(Closure))
#31 /var/www/html/vendor/laravel/framework/src/Illuminate/Cookie/Middleware/AddQueuedCookiesToResponse.php(36): Illuminate\Pipeline\Pipeline->Illuminate\Pipeline\{closure}(Object(Illuminate\Http\Request))
#32 /var/www/html/vendor/laravel/framework/src/Illuminate/Pipeline/Pipeline.php(125): Illuminate\Cookie\Middleware\AddQueuedCookiesToResponse->handle(Object(Illuminate\Http\Request), Object(Closure))
#33 /var/www/html/vendor/laravel/framework/src/Illuminate/Cookie/Middleware/EncryptCookies.php(40): Illuminate\Pipeline\Pipeline->Illuminate\Pipeline\{closure}(Object(Illuminate\Http\Request))
#34 /var/www/html/vendor/laravel/framework/src/Illuminate/Pipeline/Pipeline.php(125): Illuminate\Cookie\Middleware\EncryptCookies->handle(Object(Illuminate\Http\Request), Object(Closure))
#35 /var/www/html/vendor/laravel/framework/src/Illuminate/Foundation/Http/Middleware/CheckForMaintenanceMode.php(42): Illuminate\Pipeline\Pipeline->Illuminate\Pipeline\{closure}(Object(Illuminate\Http\Request))
#36 /var/www/html/vendor/laravel/framework/src/Illuminate/Pipeline/Pipeline.php(125): Illuminate\Foundation\Http\Middleware\CheckForMaintenanceMode->handle(Object(Illuminate\Http\Request), Object(Closure))
#37 [internal function]: Illuminate\Pipeline\Pipeline->Illuminate\Pipeline\{closure}(Object(Illuminate\Http\Request))
#38 /var/www/html/vendor/laravel/framework/src/Illuminate/Pipeline/Pipeline.php(101): call_user_func(Object(Closure), Object(Illuminate\Http\Request))
#39 /var/www/html/vendor/laravel/framework/src/Illuminate/Foundation/Http/Kernel.php(115): Illuminate\Pipeline\Pipeline->then(Object(Closure))
#40 /var/www/html/vendor/laravel/framework/src/Illuminate/Foundation/Http/Kernel.php(84): Illuminate\Foundation\Http\Kernel->sendRequestThroughRouter(Object(Illuminate\Http\Request))
#41 /var/www/html/index.php(53): Illuminate\Foundation\Http\Kernel->handle(Object(Illuminate\Http\Request))
#42 {main}

Next exception 'ErrorException' with message 'Invalid argument supplied for foreach() (View: /var/www/html/resources/views/admin/admin-audittrail.blade.php)' in /var/www/html/storage/framework/views/0a0d37423334758a3624e58ff9c9e67e:73
Stack trace:
#0 /var/www/html/vendor/laravel/framework/src/Illuminate/View/Engines/PhpEngine.php(43): Illuminate\View\Engines\CompilerEngine->handleViewException(Object(ErrorException), 1)
#1 /var/www/html/vendor/laravel/framework/src/Illuminate/View/Engines/CompilerEngine.php(57): Illuminate\View\Engines\PhpEngine->evaluatePath('/var/www/html/s...', Array)
#2 /var/www/html/vendor/laravel/framework/src/Illuminate/View/View.php(142): Illuminate\View\Engines\CompilerEngine->get('/var/www/html/r...', Array)
#3 /var/www/html/vendor/laravel/framework/src/Illuminate/View/View.php(111): Illuminate\View\View->getContents()
#4 /var/www/html/vendor/laravel/framework/src/Illuminate/View/View.php(80): Illuminate\View\View->renderContents()
#5 /var/www/html/vendor/laravel/framework/src/Illuminate/Http/Response.php(44): Illuminate\View\View->render()
#6 /var/www/html/vendor/symfony/http-foundation/Symfony/Component/HttpFoundation/Response.php(202): Illuminate\Http\Response->setContent(Object(Illuminate\View\View))
#7 /var/www/html/vendor/laravel/framework/src/Illuminate/Routing/Router.php(1198): Symfony\Component\HttpFoundation\Response->__construct(Object(Illuminate\View\View))
#8 /var/www/html/vendor/laravel/framework/src/Illuminate/Routing/Router.php(702): Illuminate\Routing\Router->prepareResponse(Object(Illuminate\Http\Request), Object(Illuminate\View\View))
#9 [internal function]: Illuminate\Routing\Router->Illuminate\Routing\{closure}(Object(Illuminate\Http\Request))
#10 /var/www/html/vendor/laravel/framework/src/Illuminate/Pipeline/Pipeline.php(141): call_user_func(Object(Closure), Object(Illuminate\Http\Request))
#11 [internal function]: Illuminate\Pipeline\Pipeline->Illuminate\Pipeline\{closure}(Object(Illuminate\Http\Request))
#12 /var/www/html/vendor/laravel/framework/src/Illuminate/Pipeline/Pipeline.php(101): call_user_func(Object(Closure), Object(Illuminate\Http\Request))
#13 /var/www/html/vendor/laravel/framework/src/Illuminate/Routing/Router.php(703): Illuminate\Pipeline\Pipeline->then(Object(Closure))
#14 /var/www/html/vendor/laravel/framework/src/Illuminate/Routing/Router.php(670): Illuminate\Routing\Router->runRouteWithinStack(Object(Illuminate\Routing\Route), Object(Illuminate\Http\Request))
#15 /var/www/html/vendor/laravel/framework/src/Illuminate/Routing/Router.php(628): Illuminate\Routing\Router->dispatchToRoute(Object(Illuminate\Http\Request))
#16 /var/www/html/vendor/laravel/framework/src/Illuminate/Foundation/Http/Kernel.php(214): Illuminate\Routing\Router->dispatch(Object(Illuminate\Http\Request))
#17 [internal function]: Illuminate\Foundation\Http\Kernel->Illuminate\Foundation\Http\{closure}(Object(Illuminate\Http\Request))
#18 /var/www/html/vendor/laravel/framework/src/Illuminate/Pipeline/Pipeline.php(141): call_user_func(Object(Closure), Object(Illuminate\Http\Request))
#19 /var/www/html/app/Http/Middleware/TestDatabaseConnectionMiddleware.php(19): Illuminate\Pipeline\Pipeline->Illuminate\Pipeline\{closure}(Object(Illuminate\Http\Request))
#20 /var/www/html/vendor/laravel/framework/src/Illuminate/Pipeline/Pipeline.php(125): App\Http\Middleware\TestDatabaseConnectionMiddleware->handle(Object(Illuminate\Http\Request), Object(Closure))
#21 /var/www/html/app/Http/Middleware/App.php(23): Illuminate\Pipeline\Pipeline->Illuminate\Pipeline\{closure}(Object(Illuminate\Http\Request))
#22 /var/www/html/vendor/laravel/framework/src/Illuminate/Pipeline/Pipeline.php(125): App\Http\Middleware\App->handle(Object(Illuminate\Http\Request), Object(Closure))
#23 /var/www/html/vendor/laravel/framework/src/Illuminate/Foundation/Http/Middleware/VerifyCsrfToken.php(43): Illuminate\Pipeline\Pipeline->Illuminate\Pipeline\{closure}(Object(Illuminate\Http\Request))
#24 /var/www/html/app/Http/Middleware/VerifyCsrfToken.php(17): Illuminate\Foundation\Http\Middleware\VerifyCsrfToken->handle(Object(Illuminate\Http\Request), Object(Closure))
#25 /var/www/html/vendor/laravel/framework/src/Illuminate/Pipeline/Pipeline.php(125): App\Http\Middleware\VerifyCsrfToken->handle(Object(Illuminate\Http\Request), Object(Closure))
#26 /var/www/html/vendor/laravel/framework/src/Illuminate/View/Middleware/ShareErrorsFromSession.php(55): Illuminate\Pipeline\Pipeline->Illuminate\Pipeline\{closure}(Object(Illuminate\Http\Request))
#27 /var/www/html/vendor/laravel/framework/src/Illuminate/Pipeline/Pipeline.php(125): Illuminate\View\Middleware\ShareErrorsFromSession->handle(Object(Illuminate\Http\Request), Object(Closure))
#28 /var/www/html/vendor/laravel/framework/src/Illuminate/Session/Middleware/StartSession.php(61): Illuminate\Pipeline\Pipeline->Illuminate\Pipeline\{closure}(Object(Illuminate\Http\Request))
#29 /var/www/html/vendor/laravel/framework/src/Illuminate/Pipeline/Pipeline.php(125): Illuminate\Session\Middleware\StartSession->handle(Object(Illuminate\Http\Request), Object(Closure))
#30 /var/www/html/vendor/laravel/framework/src/Illuminate/Cookie/Middleware/AddQueuedCookiesToResponse.php(36): Illuminate\Pipeline\Pipeline->Illuminate\Pipeline\{closure}(Object(Illuminate\Http\Request))
#31 /var/www/html/vendor/laravel/framework/src/Illuminate/Pipeline/Pipeline.php(125): Illuminate\Cookie\Middleware\AddQueuedCookiesToResponse->handle(Object(Illuminate\Http\Request), Object(Closure))
#32 /var/www/html/vendor/laravel/framework/src/Illuminate/Cookie/Middleware/EncryptCookies.php(40): Illuminate\Pipeline\Pipeline->Illuminate\Pipeline\{closure}(Object(Illuminate\Http\Request))
#33 /var/www/html/vendor/laravel/framework/src/Illuminate/Pipeline/Pipeline.php(125): Illuminate\Cookie\Middleware\EncryptCookies->handle(Object(Illuminate\Http\Request), Object(Closure))
#34 /var/www/html/vendor/laravel/framework/src/Illuminate/Foundation/Http/Middleware/CheckForMaintenanceMode.php(42): Illuminate\Pipeline\Pipeline->Illuminate\Pipeline\{closure}(Object(Illuminate\Http\Request))
#35 /var/www/html/vendor/laravel/framework/src/Illuminate/Pipeline/Pipeline.php(125): Illuminate\Foundation\Http\Middleware\CheckForMaintenanceMode->handle(Object(Illuminate\Http\Request), Object(Closure))
#36 [internal function]: Illuminate\Pipeline\Pipeline->Illuminate\Pipeline\{closure}(Object(Illuminate\Http\Request))
#37 /var/www/html/vendor/laravel/framework/src/Illuminate/Pipeline/Pipeline.php(101): call_user_func(Object(Closure), Object(Illuminate\Http\Request))
#38 /var/www/html/vendor/laravel/framework/src/Illuminate/Foundation/Http/Kernel.php(115): Illuminate\Pipeline\Pipeline->then(Object(Closure))
#39 /var/www/html/vendor/laravel/framework/src/Illuminate/Foundation/Http/Kernel.php(84): Illuminate\Foundation\Http\Kernel->sendRequestThroughRouter(Object(Illuminate\Http\Request))
#40 /var/www/html/index.php(53): Illuminate\Foundation\Http\Kernel->handle(Object(Illuminate\Http\Request))
#41 {main}  
[2016-09-09 11:22:35] production.ERROR: exception 'ErrorException' with message 'Invalid argument supplied for foreach()' in /var/www/html/storage/framework/views/0a0d37423334758a3624e58ff9c9e67e:73
Stack trace:
#0 /var/www/html/storage/framework/views/0a0d37423334758a3624e58ff9c9e67e(73): Illuminate\Foundation\Bootstrap\HandleExceptions->handleError(2, 'Invalid argumen...', '/var/www/html/s...', 73, Array)
#1 /var/www/html/vendor/laravel/framework/src/Illuminate/View/Engines/PhpEngine.php(39): include('/var/www/html/s...')
#2 /var/www/html/vendor/laravel/framework/src/Illuminate/View/Engines/CompilerEngine.php(57): Illuminate\View\Engines\PhpEngine->evaluatePath('/var/www/html/s...', Array)
#3 /var/www/html/vendor/laravel/framework/src/Illuminate/View/View.php(142): Illuminate\View\Engines\CompilerEngine->get('/var/www/html/r...', Array)
#4 /var/www/html/vendor/laravel/framework/src/Illuminate/View/View.php(111): Illuminate\View\View->getContents()
#5 /var/www/html/vendor/laravel/framework/src/Illuminate/View/View.php(80): Illuminate\View\View->renderContents()
#6 /var/www/html/vendor/laravel/framework/src/Illuminate/Http/Response.php(44): Illuminate\View\View->render()
#7 /var/www/html/vendor/symfony/http-foundation/Symfony/Component/HttpFoundation/Response.php(202): Illuminate\Http\Response->setContent(Object(Illuminate\View\View))
#8 /var/www/html/vendor/laravel/framework/src/Illuminate/Routing/Router.php(1198): Symfony\Component\HttpFoundation\Response->__construct(Object(Illuminate\View\View))
#9 /var/www/html/vendor/laravel/framework/src/Illuminate/Routing/Router.php(702): Illuminate\Routing\Router->prepareResponse(Object(Illuminate\Http\Request), Object(Illuminate\View\View))
#10 [internal function]: Illuminate\Routing\Router->Illuminate\Routing\{closure}(Object(Illuminate\Http\Request))
#11 /var/www/html/vendor/laravel/framework/src/Illuminate/Pipeline/Pipeline.php(141): call_user_func(Object(Closure), Object(Illuminate\Http\Request))
#12 [internal function]: Illuminate\Pipeline\Pipeline->Illuminate\Pipeline\{closure}(Object(Illuminate\Http\Request))
#13 /var/www/html/vendor/laravel/framework/src/Illuminate/Pipeline/Pipeline.php(101): call_user_func(Object(Closure), Object(Illuminate\Http\Request))
#14 /var/www/html/vendor/laravel/framework/src/Illuminate/Routing/Router.php(703): Illuminate\Pipeline\Pipeline->then(Object(Closure))
#15 /var/www/html/vendor/laravel/framework/src/Illuminate/Routing/Router.php(670): Illuminate\Routing\Router->runRouteWithinStack(Object(Illuminate\Routing\Route), Object(Illuminate\Http\Request))
#16 /var/www/html/vendor/laravel/framework/src/Illuminate/Routing/Router.php(628): Illuminate\Routing\Router->dispatchToRoute(Object(Illuminate\Http\Request))
#17 /var/www/html/vendor/laravel/framework/src/Illuminate/Foundation/Http/Kernel.php(214): Illuminate\Routing\Router->dispatch(Object(Illuminate\Http\Request))
#18 [internal function]: Illuminate\Foundation\Http\Kernel->Illuminate\Foundation\Http\{closure}(Object(Illuminate\Http\Request))
#19 /var/www/html/vendor/laravel/framework/src/Illuminate/Pipeline/Pipeline.php(141): call_user_func(Object(Closure), Object(Illuminate\Http\Request))
#20 /var/www/html/app/Http/Middleware/TestDatabaseConnectionMiddleware.php(19): Illuminate\Pipeline\Pipeline->Illuminate\Pipeline\{closure}(Object(Illuminate\Http\Request))
#21 /var/www/html/vendor/laravel/framework/src/Illuminate/Pipeline/Pipeline.php(125): App\Http\Middleware\TestDatabaseConnectionMiddleware->handle(Object(Illuminate\Http\Request), Object(Closure))
#22 /var/www/html/app/Http/Middleware/App.php(23): Illuminate\Pipeline\Pipeline->Illuminate\Pipeline\{closure}(Object(Illuminate\Http\Request))
#23 /var/www/html/vendor/laravel/framework/src/Illuminate/Pipeline/Pipeline.php(125): App\Http\Middleware\App->handle(Object(Illuminate\Http\Request), Object(Closure))
#24 /var/www/html/vendor/laravel/framework/src/Illuminate/Foundation/Http/Middleware/VerifyCsrfToken.php(43): Illuminate\Pipeline\Pipeline->Illuminate\Pipeline\{closure}(Object(Illuminate\Http\Request))
#25 /var/www/html/app/Http/Middleware/VerifyCsrfToken.php(17): Illuminate\Foundation\Http\Middleware\VerifyCsrfToken->handle(Object(Illuminate\Http\Request), Object(Closure))
#26 /var/www/html/vendor/laravel/framework/src/Illuminate/Pipeline/Pipeline.php(125): App\Http\Middleware\VerifyCsrfToken->handle(Object(Illuminate\Http\Request), Object(Closure))
#27 /var/www/html/vendor/laravel/framework/src/Illuminate/View/Middleware/ShareErrorsFromSession.php(55): Illuminate\Pipeline\Pipeline->Illuminate\Pipeline\{closure}(Object(Illuminate\Http\Request))
#28 /var/www/html/vendor/laravel/framework/src/Illuminate/Pipeline/Pipeline.php(125): Illuminate\View\Middleware\ShareErrorsFromSession->handle(Object(Illuminate\Http\Request), Object(Closure))
#29 /var/www/html/vendor/laravel/framework/src/Illuminate/Session/Middleware/StartSession.php(61): Illuminate\Pipeline\Pipeline->Illuminate\Pipeline\{closure}(Object(Illuminate\Http\Request))
#30 /var/www/html/vendor/laravel/framework/src/Illuminate/Pipeline/Pipeline.php(125): Illuminate\Session\Middleware\StartSession->handle(Object(Illuminate\Http\Request), Object(Closure))
#31 /var/www/html/vendor/laravel/framework/src/Illuminate/Cookie/Middleware/AddQueuedCookiesToResponse.php(36): Illuminate\Pipeline\Pipeline->Illuminate\Pipeline\{closure}(Object(Illuminate\Http\Request))
#32 /var/www/html/vendor/laravel/framework/src/Illuminate/Pipeline/Pipeline.php(125): Illuminate\Cookie\Middleware\AddQueuedCookiesToResponse->handle(Object(Illuminate\Http\Request), Object(Closure))
#33 /var/www/html/vendor/laravel/framework/src/Illuminate/Cookie/Middleware/EncryptCookies.php(40): Illuminate\Pipeline\Pipeline->Illuminate\Pipeline\{closure}(Object(Illuminate\Http\Request))
#34 /var/www/html/vendor/laravel/framework/src/Illuminate/Pipeline/Pipeline.php(125): Illuminate\Cookie\Middleware\EncryptCookies->handle(Object(Illuminate\Http\Request), Object(Closure))
#35 /var/www/html/vendor/laravel/framework/src/Illuminate/Foundation/Http/Middleware/CheckForMaintenanceMode.php(42): Illuminate\Pipeline\Pipeline->Illuminate\Pipeline\{closure}(Object(Illuminate\Http\Request))
#36 /var/www/html/vendor/laravel/framework/src/Illuminate/Pipeline/Pipeline.php(125): Illuminate\Foundation\Http\Middleware\CheckForMaintenanceMode->handle(Object(Illuminate\Http\Request), Object(Closure))
#37 [internal function]: Illuminate\Pipeline\Pipeline->Illuminate\Pipeline\{closure}(Object(Illuminate\Http\Request))
#38 /var/www/html/vendor/laravel/framework/src/Illuminate/Pipeline/Pipeline.php(101): call_user_func(Object(Closure), Object(Illuminate\Http\Request))
#39 /var/www/html/vendor/laravel/framework/src/Illuminate/Foundation/Http/Kernel.php(115): Illuminate\Pipeline\Pipeline->then(Object(Closure))
#40 /var/www/html/vendor/laravel/framework/src/Illuminate/Foundation/Http/Kernel.php(84): Illuminate\Foundation\Http\Kernel->sendRequestThroughRouter(Object(Illuminate\Http\Request))
#41 /var/www/html/index.php(53): Illuminate\Foundation\Http\Kernel->handle(Object(Illuminate\Http\Request))
#42 {main}

Next exception 'ErrorException' with message 'Invalid argument supplied for foreach() (View: /var/www/html/resources/views/admin/admin-audittrail.blade.php)' in /var/www/html/storage/framework/views/0a0d37423334758a3624e58ff9c9e67e:73
Stack trace:
#0 /var/www/html/vendor/laravel/framework/src/Illuminate/View/Engines/PhpEngine.php(43): Illuminate\View\Engines\CompilerEngine->handleViewException(Object(ErrorException), 1)
#1 /var/www/html/vendor/laravel/framework/src/Illuminate/View/Engines/CompilerEngine.php(57): Illuminate\View\Engines\PhpEngine->evaluatePath('/var/www/html/s...', Array)
#2 /var/www/html/vendor/laravel/framework/src/Illuminate/View/View.php(142): Illuminate\View\Engines\CompilerEngine->get('/var/www/html/r...', Array)
#3 /var/www/html/vendor/laravel/framework/src/Illuminate/View/View.php(111): Illuminate\View\View->getContents()
#4 /var/www/html/vendor/laravel/framework/src/Illuminate/View/View.php(80): Illuminate\View\View->renderContents()
#5 /var/www/html/vendor/laravel/framework/src/Illuminate/Http/Response.php(44): Illuminate\View\View->render()
#6 /var/www/html/vendor/symfony/http-foundation/Symfony/Component/HttpFoundation/Response.php(202): Illuminate\Http\Response->setContent(Object(Illuminate\View\View))
#7 /var/www/html/vendor/laravel/framework/src/Illuminate/Routing/Router.php(1198): Symfony\Component\HttpFoundation\Response->__construct(Object(Illuminate\View\View))
#8 /var/www/html/vendor/laravel/framework/src/Illuminate/Routing/Router.php(702): Illuminate\Routing\Router->prepareResponse(Object(Illuminate\Http\Request), Object(Illuminate\View\View))
#9 [internal function]: Illuminate\Routing\Router->Illuminate\Routing\{closure}(Object(Illuminate\Http\Request))
#10 /var/www/html/vendor/laravel/framework/src/Illuminate/Pipeline/Pipeline.php(141): call_user_func(Object(Closure), Object(Illuminate\Http\Request))
#11 [internal function]: Illuminate\Pipeline\Pipeline->Illuminate\Pipeline\{closure}(Object(Illuminate\Http\Request))
#12 /var/www/html/vendor/laravel/framework/src/Illuminate/Pipeline/Pipeline.php(101): call_user_func(Object(Closure), Object(Illuminate\Http\Request))
#13 /var/www/html/vendor/laravel/framework/src/Illuminate/Routing/Router.php(703): Illuminate\Pipeline\Pipeline->then(Object(Closure))
#14 /var/www/html/vendor/laravel/framework/src/Illuminate/Routing/Router.php(670): Illuminate\Routing\Router->runRouteWithinStack(Object(Illuminate\Routing\Route), Object(Illuminate\Http\Request))
#15 /var/www/html/vendor/laravel/framework/src/Illuminate/Routing/Router.php(628): Illuminate\Routing\Router->dispatchToRoute(Object(Illuminate\Http\Request))
#16 /var/www/html/vendor/laravel/framework/src/Illuminate/Foundation/Http/Kernel.php(214): Illuminate\Routing\Router->dispatch(Object(Illuminate\Http\Request))
#17 [internal function]: Illuminate\Foundation\Http\Kernel->Illuminate\Foundation\Http\{closure}(Object(Illuminate\Http\Request))
#18 /var/www/html/vendor/laravel/framework/src/Illuminate/Pipeline/Pipeline.php(141): call_user_func(Object(Closure), Object(Illuminate\Http\Request))
#19 /var/www/html/app/Http/Middleware/TestDatabaseConnectionMiddleware.php(19): Illuminate\Pipeline\Pipeline->Illuminate\Pipeline\{closure}(Object(Illuminate\Http\Request))
#20 /var/www/html/vendor/laravel/framework/src/Illuminate/Pipeline/Pipeline.php(125): App\Http\Middleware\TestDatabaseConnectionMiddleware->handle(Object(Illuminate\Http\Request), Object(Closure))
#21 /var/www/html/app/Http/Middleware/App.php(23): Illuminate\Pipeline\Pipeline->Illuminate\Pipeline\{closure}(Object(Illuminate\Http\Request))
#22 /var/www/html/vendor/laravel/framework/src/Illuminate/Pipeline/Pipeline.php(125): App\Http\Middleware\App->handle(Object(Illuminate\Http\Request), Object(Closure))
#23 /var/www/html/vendor/laravel/framework/src/Illuminate/Foundation/Http/Middleware/VerifyCsrfToken.php(43): Illuminate\Pipeline\Pipeline->Illuminate\Pipeline\{closure}(Object(Illuminate\Http\Request))
#24 /var/www/html/app/Http/Middleware/VerifyCsrfToken.php(17): Illuminate\Foundation\Http\Middleware\VerifyCsrfToken->handle(Object(Illuminate\Http\Request), Object(Closure))
#25 /var/www/html/vendor/laravel/framework/src/Illuminate/Pipeline/Pipeline.php(125): App\Http\Middleware\VerifyCsrfToken->handle(Object(Illuminate\Http\Request), Object(Closure))
#26 /var/www/html/vendor/laravel/framework/src/Illuminate/View/Middleware/ShareErrorsFromSession.php(55): Illuminate\Pipeline\Pipeline->Illuminate\Pipeline\{closure}(Object(Illuminate\Http\Request))
#27 /var/www/html/vendor/laravel/framework/src/Illuminate/Pipeline/Pipeline.php(125): Illuminate\View\Middleware\ShareErrorsFromSession->handle(Object(Illuminate\Http\Request), Object(Closure))
#28 /var/www/html/vendor/laravel/framework/src/Illuminate/Session/Middleware/StartSession.php(61): Illuminate\Pipeline\Pipeline->Illuminate\Pipeline\{closure}(Object(Illuminate\Http\Request))
#29 /var/www/html/vendor/laravel/framework/src/Illuminate/Pipeline/Pipeline.php(125): Illuminate\Session\Middleware\StartSession->handle(Object(Illuminate\Http\Request), Object(Closure))
#30 /var/www/html/vendor/laravel/framework/src/Illuminate/Cookie/Middleware/AddQueuedCookiesToResponse.php(36): Illuminate\Pipeline\Pipeline->Illuminate\Pipeline\{closure}(Object(Illuminate\Http\Request))
#31 /var/www/html/vendor/laravel/framework/src/Illuminate/Pipeline/Pipeline.php(125): Illuminate\Cookie\Middleware\AddQueuedCookiesToResponse->handle(Object(Illuminate\Http\Request), Object(Closure))
#32 /var/www/html/vendor/laravel/framework/src/Illuminate/Cookie/Middleware/EncryptCookies.php(40): Illuminate\Pipeline\Pipeline->Illuminate\Pipeline\{closure}(Object(Illuminate\Http\Request))
#33 /var/www/html/vendor/laravel/framework/src/Illuminate/Pipeline/Pipeline.php(125): Illuminate\Cookie\Middleware\EncryptCookies->handle(Object(Illuminate\Http\Request), Object(Closure))
#34 /var/www/html/vendor/laravel/framework/src/Illuminate/Foundation/Http/Middleware/CheckForMaintenanceMode.php(42): Illuminate\Pipeline\Pipeline->Illuminate\Pipeline\{closure}(Object(Illuminate\Http\Request))
#35 /var/www/html/vendor/laravel/framework/src/Illuminate/Pipeline/Pipeline.php(125): Illuminate\Foundation\Http\Middleware\CheckForMaintenanceMode->handle(Object(Illuminate\Http\Request), Object(Closure))
#36 [internal function]: Illuminate\Pipeline\Pipeline->Illuminate\Pipeline\{closure}(Object(Illuminate\Http\Request))
#37 /var/www/html/vendor/laravel/framework/src/Illuminate/Pipeline/Pipeline.php(101): call_user_func(Object(Closure), Object(Illuminate\Http\Request))
#38 /var/www/html/vendor/laravel/framework/src/Illuminate/Foundation/Http/Kernel.php(115): Illuminate\Pipeline\Pipeline->then(Object(Closure))
#39 /var/www/html/vendor/laravel/framework/src/Illuminate/Foundation/Http/Kernel.php(84): Illuminate\Foundation\Http\Kernel->sendRequestThroughRouter(Object(Illuminate\Http\Request))
#40 /var/www/html/index.php(53): Illuminate\Foundation\Http\Kernel->handle(Object(Illuminate\Http\Request))
#41 {main}  
[2016-09-09 11:25:09] production.ERROR: exception 'ErrorException' with message 'Undefined variable: header_rs' in /var/www/html/app/models/AuditTrailModel.php:113
Stack trace:
#0 /var/www/html/app/models/AuditTrailModel.php(113): Illuminate\Foundation\Bootstrap\HandleExceptions->handleError(8, 'Undefined varia...', '/var/www/html/a...', 113, Array)
#1 /var/www/html/app/Http/Controllers/AdminAuditTrailController.php(35): App\models\AuditTrailModel->getAuditHeaderInfo('all', 'all', '01-08-2016', '01-10-2016')
#2 [internal function]: App\Http\Controllers\AdminAuditTrailController->indexAction()
#3 /var/www/html/vendor/laravel/framework/src/Illuminate/Routing/Controller.php(246): call_user_func_array(Array, Array)
#4 /var/www/html/vendor/laravel/framework/src/Illuminate/Routing/ControllerDispatcher.php(162): Illuminate\Routing\Controller->callAction('indexAction', Array)
#5 /var/www/html/vendor/laravel/framework/src/Illuminate/Routing/ControllerDispatcher.php(107): Illuminate\Routing\ControllerDispatcher->call(Object(App\Http\Controllers\AdminAuditTrailController), Object(Illuminate\Routing\Route), 'indexAction')
#6 [internal function]: Illuminate\Routing\ControllerDispatcher->Illuminate\Routing\{closure}(Object(Illuminate\Http\Request))
#7 /var/www/html/vendor/laravel/framework/src/Illuminate/Pipeline/Pipeline.php(141): call_user_func(Object(Closure), Object(Illuminate\Http\Request))
#8 /var/www/html/app/Http/Middleware/Authenticate.php(47): Illuminate\Pipeline\Pipeline->Illuminate\Pipeline\{closure}(Object(Illuminate\Http\Request))
#9 /var/www/html/vendor/laravel/framework/src/Illuminate/Pipeline/Pipeline.php(125): App\Http\Middleware\Authenticate->handle(Object(Illuminate\Http\Request), Object(Closure))
#10 [internal function]: Illuminate\Pipeline\Pipeline->Illuminate\Pipeline\{closure}(Object(Illuminate\Http\Request))
#11 /var/www/html/vendor/laravel/framework/src/Illuminate/Pipeline/Pipeline.php(101): call_user_func(Object(Closure), Object(Illuminate\Http\Request))
#12 /var/www/html/vendor/laravel/framework/src/Illuminate/Routing/ControllerDispatcher.php(108): Illuminate\Pipeline\Pipeline->then(Object(Closure))
#13 /var/www/html/vendor/laravel/framework/src/Illuminate/Routing/ControllerDispatcher.php(67): Illuminate\Routing\ControllerDispatcher->callWithinStack(Object(App\Http\Controllers\AdminAuditTrailController), Object(Illuminate\Routing\Route), Object(Illuminate\Http\Request), 'indexAction')
#14 /var/www/html/vendor/laravel/framework/src/Illuminate/Routing/Route.php(204): Illuminate\Routing\ControllerDispatcher->dispatch(Object(Illuminate\Routing\Route), Object(Illuminate\Http\Request), 'App\\Http\\Contro...', 'indexAction')
#15 /var/www/html/vendor/laravel/framework/src/Illuminate/Routing/Route.php(134): Illuminate\Routing\Route->runWithCustomDispatcher(Object(Illuminate\Http\Request))
#16 /var/www/html/vendor/laravel/framework/src/Illuminate/Routing/Router.php(701): Illuminate\Routing\Route->run(Object(Illuminate\Http\Request))
#17 [internal function]: Illuminate\Routing\Router->Illuminate\Routing\{closure}(Object(Illuminate\Http\Request))
#18 /var/www/html/vendor/laravel/framework/src/Illuminate/Pipeline/Pipeline.php(141): call_user_func(Object(Closure), Object(Illuminate\Http\Request))
#19 [internal function]: Illuminate\Pipeline\Pipeline->Illuminate\Pipeline\{closure}(Object(Illuminate\Http\Request))
#20 /var/www/html/vendor/laravel/framework/src/Illuminate/Pipeline/Pipeline.php(101): call_user_func(Object(Closure), Object(Illuminate\Http\Request))
#21 /var/www/html/vendor/laravel/framework/src/Illuminate/Routing/Router.php(703): Illuminate\Pipeline\Pipeline->then(Object(Closure))
#22 /var/www/html/vendor/laravel/framework/src/Illuminate/Routing/Router.php(670): Illuminate\Routing\Router->runRouteWithinStack(Object(Illuminate\Routing\Route), Object(Illuminate\Http\Request))
#23 /var/www/html/vendor/laravel/framework/src/Illuminate/Routing/Router.php(628): Illuminate\Routing\Router->dispatchToRoute(Object(Illuminate\Http\Request))
#24 /var/www/html/vendor/laravel/framework/src/Illuminate/Foundation/Http/Kernel.php(214): Illuminate\Routing\Router->dispatch(Object(Illuminate\Http\Request))
#25 [internal function]: Illuminate\Foundation\Http\Kernel->Illuminate\Foundation\Http\{closure}(Object(Illuminate\Http\Request))
#26 /var/www/html/vendor/laravel/framework/src/Illuminate/Pipeline/Pipeline.php(141): call_user_func(Object(Closure), Object(Illuminate\Http\Request))
#27 /var/www/html/app/Http/Middleware/TestDatabaseConnectionMiddleware.php(19): Illuminate\Pipeline\Pipeline->Illuminate\Pipeline\{closure}(Object(Illuminate\Http\Request))
#28 /var/www/html/vendor/laravel/framework/src/Illuminate/Pipeline/Pipeline.php(125): App\Http\Middleware\TestDatabaseConnectionMiddleware->handle(Object(Illuminate\Http\Request), Object(Closure))
#29 /var/www/html/app/Http/Middleware/App.php(23): Illuminate\Pipeline\Pipeline->Illuminate\Pipeline\{closure}(Object(Illuminate\Http\Request))
#30 /var/www/html/vendor/laravel/framework/src/Illuminate/Pipeline/Pipeline.php(125): App\Http\Middleware\App->handle(Object(Illuminate\Http\Request), Object(Closure))
#31 /var/www/html/vendor/laravel/framework/src/Illuminate/Foundation/Http/Middleware/VerifyCsrfToken.php(43): Illuminate\Pipeline\Pipeline->Illuminate\Pipeline\{closure}(Object(Illuminate\Http\Request))
#32 /var/www/html/app/Http/Middleware/VerifyCsrfToken.php(17): Illuminate\Foundation\Http\Middleware\VerifyCsrfToken->handle(Object(Illuminate\Http\Request), Object(Closure))
#33 /var/www/html/vendor/laravel/framework/src/Illuminate/Pipeline/Pipeline.php(125): App\Http\Middleware\VerifyCsrfToken->handle(Object(Illuminate\Http\Request), Object(Closure))
#34 /var/www/html/vendor/laravel/framework/src/Illuminate/View/Middleware/ShareErrorsFromSession.php(55): Illuminate\Pipeline\Pipeline->Illuminate\Pipeline\{closure}(Object(Illuminate\Http\Request))
#35 /var/www/html/vendor/laravel/framework/src/Illuminate/Pipeline/Pipeline.php(125): Illuminate\View\Middleware\ShareErrorsFromSession->handle(Object(Illuminate\Http\Request), Object(Closure))
#36 /var/www/html/vendor/laravel/framework/src/Illuminate/Session/Middleware/StartSession.php(61): Illuminate\Pipeline\Pipeline->Illuminate\Pipeline\{closure}(Object(Illuminate\Http\Request))
#37 /var/www/html/vendor/laravel/framework/src/Illuminate/Pipeline/Pipeline.php(125): Illuminate\Session\Middleware\StartSession->handle(Object(Illuminate\Http\Request), Object(Closure))
#38 /var/www/html/vendor/laravel/framework/src/Illuminate/Cookie/Middleware/AddQueuedCookiesToResponse.php(36): Illuminate\Pipeline\Pipeline->Illuminate\Pipeline\{closure}(Object(Illuminate\Http\Request))
#39 /var/www/html/vendor/laravel/framework/src/Illuminate/Pipeline/Pipeline.php(125): Illuminate\Cookie\Middleware\AddQueuedCookiesToResponse->handle(Object(Illuminate\Http\Request), Object(Closure))
#40 /var/www/html/vendor/laravel/framework/src/Illuminate/Cookie/Middleware/EncryptCookies.php(40): Illuminate\Pipeline\Pipeline->Illuminate\Pipeline\{closure}(Object(Illuminate\Http\Request))
#41 /var/www/html/vendor/laravel/framework/src/Illuminate/Pipeline/Pipeline.php(125): Illuminate\Cookie\Middleware\EncryptCookies->handle(Object(Illuminate\Http\Request), Object(Closure))
#42 /var/www/html/vendor/laravel/framework/src/Illuminate/Foundation/Http/Middleware/CheckForMaintenanceMode.php(42): Illuminate\Pipeline\Pipeline->Illuminate\Pipeline\{closure}(Object(Illuminate\Http\Request))
#43 /var/www/html/vendor/laravel/framework/src/Illuminate/Pipeline/Pipeline.php(125): Illuminate\Foundation\Http\Middleware\CheckForMaintenanceMode->handle(Object(Illuminate\Http\Request), Object(Closure))
#44 [internal function]: Illuminate\Pipeline\Pipeline->Illuminate\Pipeline\{closure}(Object(Illuminate\Http\Request))
#45 /var/www/html/vendor/laravel/framework/src/Illuminate/Pipeline/Pipeline.php(101): call_user_func(Object(Closure), Object(Illuminate\Http\Request))
#46 /var/www/html/vendor/laravel/framework/src/Illuminate/Foundation/Http/Kernel.php(115): Illuminate\Pipeline\Pipeline->then(Object(Closure))
#47 /var/www/html/vendor/laravel/framework/src/Illuminate/Foundation/Http/Kernel.php(84): Illuminate\Foundation\Http\Kernel->sendRequestThroughRouter(Object(Illuminate\Http\Request))
#48 /var/www/html/index.php(53): Illuminate\Foundation\Http\Kernel->handle(Object(Illuminate\Http\Request))
#49 {main}  
[2016-09-09 11:41:14] production.ERROR: exception 'Symfony\Component\Debug\Exception\FatalErrorException' with message 'syntax error, unexpected '$this' (T_VARIABLE)' in /var/www/html/app/models/AuditTrailModel.php:69
Stack trace:
#0 {main}  
[2016-09-09 12:08:42] production.ERROR: SQLSTATE[42000]: Syntax error or access violation: 1305 FUNCTION mm_audit.DATEPART does not exist (SQL: 	SELECT 	audit_key,
									user_id,
									module_name,
									action_summary,
									action_detail,
									DATEPART(dd-mm-yyyy,action_datetime) AS action_datetime,
									key_displayfieldname,
									key_displayfieldvalue
							FROM	audit_master
							WHERE	action_datetime between :from_date and :to_date
							AND		module_name = CASE if (:module1 = 'ALL', module_name, :module2)
														WHEN 'ALL' then module_name
														WHEN 1 then 'Borrower Profile'
														WHEN 2 then 'Investor Profile'
														WHEN 3 then 'Investor Deposits'
														WHEN 4 then 'Loan Repayment'
														WHEN 5 then 'Investor Withdrawal'
														WHEN 6 then 'Investor Withdrawals'
														WHEN 7 then 'Loan Process'
														WHEN 8 then 'Loans'
													END
							AND 	action_summary = CASE if (:filteraction1 = 'ALL', action_summary, :filteraction2) 
														WHEN 'ALL' then module_name
														WHEN 1 then 'Update'
														WHEN 2 then 'Profile return to Borrower'
														WHEN 3 then 'Borrower Profile Approval'
														WHEN 4 then 'Comments by Admin'
														WHEN 5 then 'Investor Profile for approval'
														WHEN 6 then 'Approval'
														WHEN 7 then 'Add'
														WHEN 8 then 'Unapproval'
													END)  
