[2016-09-11 11:29:37] production.ERROR: exception 'ErrorException' with message 'Undefined property: App\Http\Controllers\AdminCommFeeLedgerReportController::$adminCommFeeLedRepMod' in /var/www/html/app/Http/Controllers/AdminCommFeeLedgerReportController.php:25
Stack trace:
#0 /var/www/html/app/Http/Controllers/AdminCommFeeLedgerReportController.php(25): Illuminate\Foundation\Bootstrap\HandleExceptions->handleError(8, 'Undefined prope...', '/var/www/html/a...', 25, Array)
#1 [internal function]: App\Http\Controllers\AdminCommFeeLedgerReportController->indexAction()
#2 /var/www/html/vendor/laravel/framework/src/Illuminate/Routing/Controller.php(246): call_user_func_array(Array, Array)
#3 /var/www/html/vendor/laravel/framework/src/Illuminate/Routing/ControllerDispatcher.php(162): Illuminate\Routing\Controller->callAction('indexAction', Array)
#4 /var/www/html/vendor/laravel/framework/src/Illuminate/Routing/ControllerDispatcher.php(107): Illuminate\Routing\ControllerDispatcher->call(Object(App\Http\Controllers\AdminCommFeeLedgerReportController), Object(Illuminate\Routing\Route), 'indexAction')
#5 [internal function]: Illuminate\Routing\ControllerDispatcher->Illuminate\Routing\{closure}(Object(Illuminate\Http\Request))
#6 /var/www/html/vendor/laravel/framework/src/Illuminate/Pipeline/Pipeline.php(141): call_user_func(Object(Closure), Object(Illuminate\Http\Request))
#7 /var/www/html/app/Http/Middleware/Authenticate.php(47): Illuminate\Pipeline\Pipeline->Illuminate\Pipeline\{closure}(Object(Illuminate\Http\Request))
#8 /var/www/html/vendor/laravel/framework/src/Illuminate/Pipeline/Pipeline.php(125): App\Http\Middleware\Authenticate->handle(Object(Illuminate\Http\Request), Object(Closure))
#9 [internal function]: Illuminate\Pipeline\Pipeline->Illuminate\Pipeline\{closure}(Object(Illuminate\Http\Request))
#10 /var/www/html/vendor/laravel/framework/src/Illuminate/Pipeline/Pipeline.php(101): call_user_func(Object(Closure), Object(Illuminate\Http\Request))
#11 /var/www/html/vendor/laravel/framework/src/Illuminate/Routing/ControllerDispatcher.php(108): Illuminate\Pipeline\Pipeline->then(Object(Closure))
#12 /var/www/html/vendor/laravel/framework/src/Illuminate/Routing/ControllerDispatcher.php(67): Illuminate\Routing\ControllerDispatcher->callWithinStack(Object(App\Http\Controllers\AdminCommFeeLedgerReportController), Object(Illuminate\Routing\Route), Object(Illuminate\Http\Request), 'indexAction')
#13 /var/www/html/vendor/laravel/framework/src/Illuminate/Routing/Route.php(204): Illuminate\Routing\ControllerDispatcher->dispatch(Object(Illuminate\Routing\Route), Object(Illuminate\Http\Request), 'App\\Http\\Contro...', 'indexAction')
#14 /var/www/html/vendor/laravel/framework/src/Illuminate/Routing/Route.php(134): Illuminate\Routing\Route->runWithCustomDispatcher(Object(Illuminate\Http\Request))
#15 /var/www/html/vendor/laravel/framework/src/Illuminate/Routing/Router.php(701): Illuminate\Routing\Route->run(Object(Illuminate\Http\Request))
#16 [internal function]: Illuminate\Routing\Router->Illuminate\Routing\{closure}(Object(Illuminate\Http\Request))
#17 /var/www/html/vendor/laravel/framework/src/Illuminate/Pipeline/Pipeline.php(141): call_user_func(Object(Closure), Object(Illuminate\Http\Request))
#18 /var/www/html/app/Http/Middleware/AdminMiddleWare.php(30): Illuminate\Pipeline\Pipeline->Illuminate\Pipeline\{closure}(Object(Illuminate\Http\Request))
#19 /var/www/html/vendor/laravel/framework/src/Illuminate/Pipeline/Pipeline.php(125): App\Http\Middleware\AdminMiddleware->handle(Object(Illuminate\Http\Request), Object(Closure))
#20 [internal function]: Illuminate\Pipeline\Pipeline->Illuminate\Pipeline\{closure}(Object(Illuminate\Http\Request))
#21 /var/www/html/vendor/laravel/framework/src/Illuminate/Pipeline/Pipeline.php(101): call_user_func(Object(Closure), Object(Illuminate\Http\Request))
#22 /var/www/html/vendor/laravel/framework/src/Illuminate/Routing/Router.php(703): Illuminate\Pipeline\Pipeline->then(Object(Closure))
#23 /var/www/html/vendor/laravel/framework/src/Illuminate/Routing/Router.php(670): Illuminate\Routing\Router->runRouteWithinStack(Object(Illuminate\Routing\Route), Object(Illuminate\Http\Request))
#24 /var/www/html/vendor/laravel/framework/src/Illuminate/Routing/Router.php(628): Illuminate\Routing\Router->dispatchToRoute(Object(Illuminate\Http\Request))
#25 /var/www/html/vendor/laravel/framework/src/Illuminate/Foundation/Http/Kernel.php(214): Illuminate\Routing\Router->dispatch(Object(Illuminate\Http\Request))
#26 [internal function]: Illuminate\Foundation\Http\Kernel->Illuminate\Foundation\Http\{closure}(Object(Illuminate\Http\Request))
#27 /var/www/html/vendor/laravel/framework/src/Illuminate/Pipeline/Pipeline.php(141): call_user_func(Object(Closure), Object(Illuminate\Http\Request))
#28 /var/www/html/app/Http/Middleware/TestDatabaseConnectionMiddleware.php(19): Illuminate\Pipeline\Pipeline->Illuminate\Pipeline\{closure}(Object(Illuminate\Http\Request))
#29 /var/www/html/vendor/laravel/framework/src/Illuminate/Pipeline/Pipeline.php(125): App\Http\Middleware\TestDatabaseConnectionMiddleware->handle(Object(Illuminate\Http\Request), Object(Closure))
#30 /var/www/html/app/Http/Middleware/App.php(23): Illuminate\Pipeline\Pipeline->Illuminate\Pipeline\{closure}(Object(Illuminate\Http\Request))
#31 /var/www/html/vendor/laravel/framework/src/Illuminate/Pipeline/Pipeline.php(125): App\Http\Middleware\App->handle(Object(Illuminate\Http\Request), Object(Closure))
#32 /var/www/html/vendor/laravel/framework/src/Illuminate/Foundation/Http/Middleware/VerifyCsrfToken.php(43): Illuminate\Pipeline\Pipeline->Illuminate\Pipeline\{closure}(Object(Illuminate\Http\Request))
#33 /var/www/html/app/Http/Middleware/VerifyCsrfToken.php(17): Illuminate\Foundation\Http\Middleware\VerifyCsrfToken->handle(Object(Illuminate\Http\Request), Object(Closure))
#34 /var/www/html/vendor/laravel/framework/src/Illuminate/Pipeline/Pipeline.php(125): App\Http\Middleware\VerifyCsrfToken->handle(Object(Illuminate\Http\Request), Object(Closure))
#35 /var/www/html/vendor/laravel/framework/src/Illuminate/View/Middleware/ShareErrorsFromSession.php(55): Illuminate\Pipeline\Pipeline->Illuminate\Pipeline\{closure}(Object(Illuminate\Http\Request))
#36 /var/www/html/vendor/laravel/framework/src/Illuminate/Pipeline/Pipeline.php(125): Illuminate\View\Middleware\ShareErrorsFromSession->handle(Object(Illuminate\Http\Request), Object(Closure))
#37 /var/www/html/vendor/laravel/framework/src/Illuminate/Session/Middleware/StartSession.php(61): Illuminate\Pipeline\Pipeline->Illuminate\Pipeline\{closure}(Object(Illuminate\Http\Request))
#38 /var/www/html/vendor/laravel/framework/src/Illuminate/Pipeline/Pipeline.php(125): Illuminate\Session\Middleware\StartSession->handle(Object(Illuminate\Http\Request), Object(Closure))
#39 /var/www/html/vendor/laravel/framework/src/Illuminate/Cookie/Middleware/AddQueuedCookiesToResponse.php(36): Illuminate\Pipeline\Pipeline->Illuminate\Pipeline\{closure}(Object(Illuminate\Http\Request))
#40 /var/www/html/vendor/laravel/framework/src/Illuminate/Pipeline/Pipeline.php(125): Illuminate\Cookie\Middleware\AddQueuedCookiesToResponse->handle(Object(Illuminate\Http\Request), Object(Closure))
#41 /var/www/html/vendor/laravel/framework/src/Illuminate/Cookie/Middleware/EncryptCookies.php(40): Illuminate\Pipeline\Pipeline->Illuminate\Pipeline\{closure}(Object(Illuminate\Http\Request))
#42 /var/www/html/vendor/laravel/framework/src/Illuminate/Pipeline/Pipeline.php(125): Illuminate\Cookie\Middleware\EncryptCookies->handle(Object(Illuminate\Http\Request), Object(Closure))
#43 /var/www/html/vendor/laravel/framework/src/Illuminate/Foundation/Http/Middleware/CheckForMaintenanceMode.php(42): Illuminate\Pipeline\Pipeline->Illuminate\Pipeline\{closure}(Object(Illuminate\Http\Request))
#44 /var/www/html/vendor/laravel/framework/src/Illuminate/Pipeline/Pipeline.php(125): Illuminate\Foundation\Http\Middleware\CheckForMaintenanceMode->handle(Object(Illuminate\Http\Request), Object(Closure))
#45 [internal function]: Illuminate\Pipeline\Pipeline->Illuminate\Pipeline\{closure}(Object(Illuminate\Http\Request))
#46 /var/www/html/vendor/laravel/framework/src/Illuminate/Pipeline/Pipeline.php(101): call_user_func(Object(Closure), Object(Illuminate\Http\Request))
#47 /var/www/html/vendor/laravel/framework/src/Illuminate/Foundation/Http/Kernel.php(115): Illuminate\Pipeline\Pipeline->then(Object(Closure))
#48 /var/www/html/vendor/laravel/framework/src/Illuminate/Foundation/Http/Kernel.php(84): Illuminate\Foundation\Http\Kernel->sendRequestThroughRouter(Object(Illuminate\Http\Request))
#49 /var/www/html/index.php(53): Illuminate\Foundation\Http\Kernel->handle(Object(Illuminate\Http\Request))
#50 {main}  
[2016-09-11 11:30:14] production.ERROR: exception 'ErrorException' with message 'Undefined property: App\Http\Controllers\AdminCommFeeLedgerReportController::$adminCommFeeLedRepMod' in /var/www/html/app/Http/Controllers/AdminCommFeeLedgerReportController.php:25
Stack trace:
#0 /var/www/html/app/Http/Controllers/AdminCommFeeLedgerReportController.php(25): Illuminate\Foundation\Bootstrap\HandleExceptions->handleError(8, 'Undefined prope...', '/var/www/html/a...', 25, Array)
#1 [internal function]: App\Http\Controllers\AdminCommFeeLedgerReportController->indexAction()
#2 /var/www/html/vendor/laravel/framework/src/Illuminate/Routing/Controller.php(246): call_user_func_array(Array, Array)
#3 /var/www/html/vendor/laravel/framework/src/Illuminate/Routing/ControllerDispatcher.php(162): Illuminate\Routing\Controller->callAction('indexAction', Array)
#4 /var/www/html/vendor/laravel/framework/src/Illuminate/Routing/ControllerDispatcher.php(107): Illuminate\Routing\ControllerDispatcher->call(Object(App\Http\Controllers\AdminCommFeeLedgerReportController), Object(Illuminate\Routing\Route), 'indexAction')
#5 [internal function]: Illuminate\Routing\ControllerDispatcher->Illuminate\Routing\{closure}(Object(Illuminate\Http\Request))
#6 /var/www/html/vendor/laravel/framework/src/Illuminate/Pipeline/Pipeline.php(141): call_user_func(Object(Closure), Object(Illuminate\Http\Request))
#7 /var/www/html/app/Http/Middleware/Authenticate.php(47): Illuminate\Pipeline\Pipeline->Illuminate\Pipeline\{closure}(Object(Illuminate\Http\Request))
#8 /var/www/html/vendor/laravel/framework/src/Illuminate/Pipeline/Pipeline.php(125): App\Http\Middleware\Authenticate->handle(Object(Illuminate\Http\Request), Object(Closure))
#9 [internal function]: Illuminate\Pipeline\Pipeline->Illuminate\Pipeline\{closure}(Object(Illuminate\Http\Request))
#10 /var/www/html/vendor/laravel/framework/src/Illuminate/Pipeline/Pipeline.php(101): call_user_func(Object(Closure), Object(Illuminate\Http\Request))
#11 /var/www/html/vendor/laravel/framework/src/Illuminate/Routing/ControllerDispatcher.php(108): Illuminate\Pipeline\Pipeline->then(Object(Closure))
#12 /var/www/html/vendor/laravel/framework/src/Illuminate/Routing/ControllerDispatcher.php(67): Illuminate\Routing\ControllerDispatcher->callWithinStack(Object(App\Http\Controllers\AdminCommFeeLedgerReportController), Object(Illuminate\Routing\Route), Object(Illuminate\Http\Request), 'indexAction')
#13 /var/www/html/vendor/laravel/framework/src/Illuminate/Routing/Route.php(204): Illuminate\Routing\ControllerDispatcher->dispatch(Object(Illuminate\Routing\Route), Object(Illuminate\Http\Request), 'App\\Http\\Contro...', 'indexAction')
#14 /var/www/html/vendor/laravel/framework/src/Illuminate/Routing/Route.php(134): Illuminate\Routing\Route->runWithCustomDispatcher(Object(Illuminate\Http\Request))
#15 /var/www/html/vendor/laravel/framework/src/Illuminate/Routing/Router.php(701): Illuminate\Routing\Route->run(Object(Illuminate\Http\Request))
#16 [internal function]: Illuminate\Routing\Router->Illuminate\Routing\{closure}(Object(Illuminate\Http\Request))
#17 /var/www/html/vendor/laravel/framework/src/Illuminate/Pipeline/Pipeline.php(141): call_user_func(Object(Closure), Object(Illuminate\Http\Request))
#18 /var/www/html/app/Http/Middleware/AdminMiddleWare.php(30): Illuminate\Pipeline\Pipeline->Illuminate\Pipeline\{closure}(Object(Illuminate\Http\Request))
#19 /var/www/html/vendor/laravel/framework/src/Illuminate/Pipeline/Pipeline.php(125): App\Http\Middleware\AdminMiddleware->handle(Object(Illuminate\Http\Request), Object(Closure))
#20 [internal function]: Illuminate\Pipeline\Pipeline->Illuminate\Pipeline\{closure}(Object(Illuminate\Http\Request))
#21 /var/www/html/vendor/laravel/framework/src/Illuminate/Pipeline/Pipeline.php(101): call_user_func(Object(Closure), Object(Illuminate\Http\Request))
#22 /var/www/html/vendor/laravel/framework/src/Illuminate/Routing/Router.php(703): Illuminate\Pipeline\Pipeline->then(Object(Closure))
#23 /var/www/html/vendor/laravel/framework/src/Illuminate/Routing/Router.php(670): Illuminate\Routing\Router->runRouteWithinStack(Object(Illuminate\Routing\Route), Object(Illuminate\Http\Request))
#24 /var/www/html/vendor/laravel/framework/src/Illuminate/Routing/Router.php(628): Illuminate\Routing\Router->dispatchToRoute(Object(Illuminate\Http\Request))
#25 /var/www/html/vendor/laravel/framework/src/Illuminate/Foundation/Http/Kernel.php(214): Illuminate\Routing\Router->dispatch(Object(Illuminate\Http\Request))
#26 [internal function]: Illuminate\Foundation\Http\Kernel->Illuminate\Foundation\Http\{closure}(Object(Illuminate\Http\Request))
#27 /var/www/html/vendor/laravel/framework/src/Illuminate/Pipeline/Pipeline.php(141): call_user_func(Object(Closure), Object(Illuminate\Http\Request))
#28 /var/www/html/app/Http/Middleware/TestDatabaseConnectionMiddleware.php(19): Illuminate\Pipeline\Pipeline->Illuminate\Pipeline\{closure}(Object(Illuminate\Http\Request))
#29 /var/www/html/vendor/laravel/framework/src/Illuminate/Pipeline/Pipeline.php(125): App\Http\Middleware\TestDatabaseConnectionMiddleware->handle(Object(Illuminate\Http\Request), Object(Closure))
#30 /var/www/html/app/Http/Middleware/App.php(23): Illuminate\Pipeline\Pipeline->Illuminate\Pipeline\{closure}(Object(Illuminate\Http\Request))
#31 /var/www/html/vendor/laravel/framework/src/Illuminate/Pipeline/Pipeline.php(125): App\Http\Middleware\App->handle(Object(Illuminate\Http\Request), Object(Closure))
#32 /var/www/html/vendor/laravel/framework/src/Illuminate/Foundation/Http/Middleware/VerifyCsrfToken.php(43): Illuminate\Pipeline\Pipeline->Illuminate\Pipeline\{closure}(Object(Illuminate\Http\Request))
#33 /var/www/html/app/Http/Middleware/VerifyCsrfToken.php(17): Illuminate\Foundation\Http\Middleware\VerifyCsrfToken->handle(Object(Illuminate\Http\Request), Object(Closure))
#34 /var/www/html/vendor/laravel/framework/src/Illuminate/Pipeline/Pipeline.php(125): App\Http\Middleware\VerifyCsrfToken->handle(Object(Illuminate\Http\Request), Object(Closure))
#35 /var/www/html/vendor/laravel/framework/src/Illuminate/View/Middleware/ShareErrorsFromSession.php(55): Illuminate\Pipeline\Pipeline->Illuminate\Pipeline\{closure}(Object(Illuminate\Http\Request))
#36 /var/www/html/vendor/laravel/framework/src/Illuminate/Pipeline/Pipeline.php(125): Illuminate\View\Middleware\ShareErrorsFromSession->handle(Object(Illuminate\Http\Request), Object(Closure))
#37 /var/www/html/vendor/laravel/framework/src/Illuminate/Session/Middleware/StartSession.php(61): Illuminate\Pipeline\Pipeline->Illuminate\Pipeline\{closure}(Object(Illuminate\Http\Request))
#38 /var/www/html/vendor/laravel/framework/src/Illuminate/Pipeline/Pipeline.php(125): Illuminate\Session\Middleware\StartSession->handle(Object(Illuminate\Http\Request), Object(Closure))
#39 /var/www/html/vendor/laravel/framework/src/Illuminate/Cookie/Middleware/AddQueuedCookiesToResponse.php(36): Illuminate\Pipeline\Pipeline->Illuminate\Pipeline\{closure}(Object(Illuminate\Http\Request))
#40 /var/www/html/vendor/laravel/framework/src/Illuminate/Pipeline/Pipeline.php(125): Illuminate\Cookie\Middleware\AddQueuedCookiesToResponse->handle(Object(Illuminate\Http\Request), Object(Closure))
#41 /var/www/html/vendor/laravel/framework/src/Illuminate/Cookie/Middleware/EncryptCookies.php(40): Illuminate\Pipeline\Pipeline->Illuminate\Pipeline\{closure}(Object(Illuminate\Http\Request))
#42 /var/www/html/vendor/laravel/framework/src/Illuminate/Pipeline/Pipeline.php(125): Illuminate\Cookie\Middleware\EncryptCookies->handle(Object(Illuminate\Http\Request), Object(Closure))
#43 /var/www/html/vendor/laravel/framework/src/Illuminate/Foundation/Http/Middleware/CheckForMaintenanceMode.php(42): Illuminate\Pipeline\Pipeline->Illuminate\Pipeline\{closure}(Object(Illuminate\Http\Request))
#44 /var/www/html/vendor/laravel/framework/src/Illuminate/Pipeline/Pipeline.php(125): Illuminate\Foundation\Http\Middleware\CheckForMaintenanceMode->handle(Object(Illuminate\Http\Request), Object(Closure))
#45 [internal function]: Illuminate\Pipeline\Pipeline->Illuminate\Pipeline\{closure}(Object(Illuminate\Http\Request))
#46 /var/www/html/vendor/laravel/framework/src/Illuminate/Pipeline/Pipeline.php(101): call_user_func(Object(Closure), Object(Illuminate\Http\Request))
#47 /var/www/html/vendor/laravel/framework/src/Illuminate/Foundation/Http/Kernel.php(115): Illuminate\Pipeline\Pipeline->then(Object(Closure))
#48 /var/www/html/vendor/laravel/framework/src/Illuminate/Foundation/Http/Kernel.php(84): Illuminate\Foundation\Http\Kernel->sendRequestThroughRouter(Object(Illuminate\Http\Request))
#49 /var/www/html/index.php(53): Illuminate\Foundation\Http\Kernel->handle(Object(Illuminate\Http\Request))
#50 {main}  
[2016-09-11 11:30:33] production.ERROR: exception 'Symfony\Component\Debug\Exception\FatalErrorException' with message 'Cannot redeclare App\models\AdminCommFeeLedgerReportModel::getCommFeeLedgerReportInfo()' in /var/www/html/app/models/AdminCommFeeLedgerReportModel.php:52
Stack trace:
#0 {main}  
[2016-09-11 11:33:25] production.ERROR: SQLSTATE[42000]: Syntax error or access violation: 1064 You have an error in your SQL syntax; check the manual that corresponds to your MySQL server version for the right syntax to use near '= ?
						AND		loans.loan_process_date > = ?
						order by loans.loan_id ASC' at line 15 (SQL: SELECT loans.loan_reference_number,
								loans.loan_id,
								borrowers.business_name,
								loans.loan_risk_grade,
								DATE_FORMAT(dis.disbursement_date,'%d-%m-%Y') disbursement_date,
								dis.amount_disbursed,
								dis.fixed_fees_levied process_fix_fees,
								dis.total_fees_levied process_commission
						FROM	loans 
						LEFT JOIN	borrowers
								ON  loans.borrower_id = borrowers.borrower_id
						LEFT JOIN	disbursements dis
								ON  dis.loan_id = loans.loan_id
						WHERE  	loans.status IN (:filter_codeparam,:filter_codeparam2)
						AND		loans.loan_process_date < = :fromDate
						AND		loans.loan_process_date > = :toDate
						order by loans.loan_id ASC)  
[2016-09-11 16:40:17] production.ERROR: exception 'Symfony\Component\Debug\Exception\FatalErrorException' with message 'syntax error, unexpected end of file, expecting function (T_FUNCTION)' in /var/www/html/app/models/AdminPenaltiesLeviesReportModel.php:54
Stack trace:
#0 {main}  
[2016-09-11 16:46:00] production.ERROR: SQLSTATE[HY093]: Invalid parameter number (SQL: SELECT 	loans.loan_reference_number,
									loans.loan_id,
									borrowers.business_name,
									bor_rep_schd.installment_number,
									bor_rep_schd.repayment_schedule_date,
									bor_rep_schd.repayment_actual_date,
									bor_rep_schd.repayment_penalty_interest,
									bor_rep_schd.repayment_penalty_charges
						FROM		loans
						INNER JOIN	borrower_repayment_schedule bor_rep_schd
									ON 	(	bor_rep_schd.loan_id	=	loans.loan_id
											AND	bor_rep_schd.repayment_status	=	:repaid_param
										)
						LEFT JOIN	borrowers
									ON  loans.borrower_id = borrowers.borrower_id
						WHERE  		loans.status IN (:filter_codeparam,:filter_codeparam2)
						AND			loans.loan_process_date	>=:fromDate
						AND			loans.loan_process_date	<=:toDate
						ORDER BY 	loans.loan_id ASC)  
[2016-09-11 16:47:22] production.ERROR: SQLSTATE[HY093]: Invalid parameter number (SQL: SELECT 	loans.loan_reference_number,
									loans.loan_id,
									borrowers.business_name,
									bor_rep_schd.installment_number,
									bor_rep_schd.repayment_schedule_date,
									bor_rep_schd.repayment_actual_date,
									bor_rep_schd.repayment_penalty_interest,
									bor_rep_schd.repayment_penalty_charges
						FROM		loans
						INNER JOIN	borrower_repayment_schedule bor_rep_schd
									ON 	(	bor_rep_schd.loan_id	=	loans.loan_id
											AND	bor_rep_schd.repayment_status	=	:repaid_param
										)
						LEFT JOIN	borrowers
									ON  loans.borrower_id = borrowers.borrower_id
						WHERE  		loans.status IN (:filter_codeparam,:filter_codeparam2)
						AND			loans.loan_process_date	>=:fromDate
						AND			loans.loan_process_date	<=:toDate
						ORDER BY 	loans.loan_id ASC)  
