[2017-09-15 02:08:34] production.ERROR: Symfony\Component\Debug\Exception\FatalErrorException: Uncaught GuzzleHttp\Exception\ClientException: Client error: `HEAD https://s3-ap-southeast-1.amazonaws.com/devfyn/uploads/borrower/29/profile_image_Image_from_Skype.png` resulted in a `404 Not Found` response:

 in /home/archie/Projects/Web/FundYourselfNow/fundyourselfnow1/vendor/guzzlehttp/guzzle/src/Exception/RequestException.php:107
Stack trace:
#0 /home/archie/Projects/Web/FundYourselfNow/fundyourselfnow1/vendor/guzzlehttp/guzzle/src/Middleware.php(65): GuzzleHttp\Exception\RequestException::create(Object(GuzzleHttp\Psr7\Request), Object(GuzzleHttp\Psr7\Response))
#1 /home/archie/Projects/Web/FundYourselfNow/fundyourselfnow1/vendor/guzzlehttp/promises/src/Promise.php(203): GuzzleHttp\Middleware::GuzzleHttp\{closure}(Object(GuzzleHttp\Psr7\Response))
#2 /home/archie/Projects/Web/FundYourselfNow/fundyourselfnow1/vendor/guzzlehttp/promises/src/Promise.php(156): GuzzleHttp\Promise\Promise::callHandler(1, Object(GuzzleHttp\Psr7\Response), Array)
#3 /home/archie/Projects/Web/FundYourselfNow/fundyourselfnow1/ven in /home/archie/Projects/Web/FundYourselfNow/fundyourselfnow1/vendor/guzzlehttp/guzzle/src/Exception/RequestException.php:107
Stack trace:
#0 /home/archie/Projects/Web/FundYourselfNow/fundyourselfnow1/vendor/laravel/framework/src/Illuminate/Foundation/Bootstrap/HandleExceptions.php(130): Symfony\Component\Debug\Exception\FatalErrorException->__construct('???', '???', '???', '???', '???', '???', '???', '???')
#1 /home/archie/Projects/Web/FundYourselfNow/fundyourselfnow1/vendor/laravel/framework/src/Illuminate/Foundation/Bootstrap/HandleExceptions.php(116): Illuminate\Foundation\Bootstrap\HandleExceptions->fatalExceptionFromError('???', '???')
#2 /home/archie/Projects/Web/FundYourselfNow/fundyourselfnow1/vendor/laravel/framework/src/Illuminate/Foundation/Bootstrap/HandleExceptions.php(0): Illuminate\Foundation\Bootstrap\HandleExceptions->handleShutdown()
#3 /home/archie/Projects/Web/FundYourselfNow/fundyourselfnow1/vendor/guzzlehttp/promises/src/Promise.php(203): GuzzleHttp\Middleware::GuzzleHttp\{closure}('???')
#4 /home/archie/Projects/Web/FundYourselfNow/fundyourselfnow1/vendor/guzzlehttp/promises/src/Promise.php(156): GuzzleHttp\Promise\Promise::callHandler('???', '???', '???')
#5 /home/archie/Projects/Web/FundYourselfNow/fundyourselfnow1/vendor/guzzlehttp/promises/src/TaskQueue.php(61): GuzzleHttp\Promise\Promise::GuzzleHttp\Promise\{closure}()
#6 /home/archie/Projects/Web/FundYourselfNow/fundyourselfnow1/vendor/guzzlehttp/guzzle/src/Handler/CurlMultiHandler.php(96): GuzzleHttp\Promise\TaskQueue->run()
#7 /home/archie/Projects/Web/FundYourselfNow/fundyourselfnow1/vendor/guzzlehttp/guzzle/src/Handler/CurlMultiHandler.php(123): GuzzleHttp\Handler\CurlMultiHandler->tick()
#8 /home/archie/Projects/Web/FundYourselfNow/fundyourselfnow1/vendor/guzzlehttp/promises/src/Promise.php(246): GuzzleHttp\Handler\CurlMultiHandler->execute('???')
#9 /home/archie/Projects/Web/FundYourselfNow/fundyourselfnow1/vendor/guzzlehttp/promises/src/Promise.php(223): GuzzleHttp\Promise\Promise->invokeWaitFn()
#10 /home/archie/Projects/Web/FundYourselfNow/fundyourselfnow1/vendor/guzzlehttp/promises/src/Promise.php(266): GuzzleHttp\Promise\Promise->waitIfPending()
#11 /home/archie/Projects/Web/FundYourselfNow/fundyourselfnow1/vendor/guzzlehttp/promises/src/Promise.php(225): GuzzleHttp\Promise\Promise->invokeWaitList()
#12 /home/archie/Projects/Web/FundYourselfNow/fundyourselfnow1/vendor/guzzlehttp/promises/src/Promise.php(269): GuzzleHttp\Promise\Promise->waitIfPending()
#13 /home/archie/Projects/Web/FundYourselfNow/fundyourselfnow1/vendor/guzzlehttp/promises/src/Promise.php(225): GuzzleHttp\Promise\Promise->invokeWaitList()
#14 /home/archie/Projects/Web/FundYourselfNow/fundyourselfnow1/vendor/guzzlehttp/promises/src/Promise.php(62): GuzzleHttp\Promise\Promise->waitIfPending()
#15 /home/archie/Projects/Web/FundYourselfNow/fundyourselfnow1/vendor/aws/aws-sdk-php/src/AwsClientTrait.php(59): GuzzleHttp\Promise\Promise->wait('???')
#16 /home/archie/Projects/Web/FundYourselfNow/fundyourselfnow1/vendor/aws/aws-sdk-php/src/S3/S3ClientTrait.php(208): Aws\AwsClient->execute('???')
#17 /home/archie/Projects/Web/FundYourselfNow/fundyourselfnow1/vendor/aws/aws-sdk-php/src/S3/S3ClientTrait.php(193): Aws\S3\S3Client->checkExistenceWithCommand('???')
#18 /home/archie/Projects/Web/FundYourselfNow/fundyourselfnow1/vendor/league/flysystem-aws-s3-v3/src/AwsS3Adapter.php(207): Aws\S3\S3Client->doesObjectExist('???', '???', '???')
#19 /home/archie/Projects/Web/FundYourselfNow/fundyourselfnow1/vendor/league/flysystem/src/Filesystem.php(56): League\Flysystem\AwsS3v3\AwsS3Adapter->has('???')
#20 /home/archie/Projects/Web/FundYourselfNow/fundyourselfnow1/vendor/league/flysystem/src/Filesystem.php(388): League\Flysystem\Filesystem->has('???')
#21 /home/archie/Projects/Web/FundYourselfNow/fundyourselfnow1/vendor/league/flysystem/src/Filesystem.php(235): League\Flysystem\Filesystem->assertPresent('???')
#22 /home/archie/Projects/Web/FundYourselfNow/fundyourselfnow1/vendor/laravel/framework/src/Illuminate/Filesystem/FilesystemAdapter.php(149): League\Flysystem\Filesystem->delete('???')
#23 /home/archie/Projects/Web/FundYourselfNow/fundyourselfnow1/app/libraries/moneymatch_libraries/classFileUpload.php(70): Illuminate\Filesystem\FilesystemAdapter->delete('???')
#24 /home/archie/Projects/Web/FundYourselfNow/fundyourselfnow1/app/models/BorrowerProfileModel.php(372): fileupload\FileUpload->deleteFile('???')
#25 /home/archie/Projects/Web/FundYourselfNow/fundyourselfnow1/app/models/BorrowerProfileModel.php(358): App\models\BorrowerProfileModel->uploadCompanyProfileAttachments('???', '???')
#26 /home/archie/Projects/Web/FundYourselfNow/fundyourselfnow1/app/models/BorrowerProfileModel.php(235): App\models\BorrowerProfileModel->updateBorrowerInfo('???', '???')
#27 /home/archie/Projects/Web/FundYourselfNow/fundyourselfnow1/app/Http/Controllers/BorrowerProfileController.php(31): App\models\BorrowerProfileModel->processProfile('???')
#28 /home/archie/Projects/Web/FundYourselfNow/fundyourselfnow1/vendor/laravel/framework/src/Illuminate/Routing/Controller.php(246): App\Http\Controllers\BorrowerProfileController->indexAction()
#29 /home/archie/Projects/Web/FundYourselfNow/fundyourselfnow1/vendor/laravel/framework/src/Illuminate/Routing/Controller.php(246): call_user_func_array:{/home/archie/Projects/Web/FundYourselfNow/fundyourselfnow1/vendor/laravel/framework/src/Illuminate/Routing/Controller.php:246}('???', '???')
#30 /home/archie/Projects/Web/FundYourselfNow/fundyourselfnow1/vendor/laravel/framework/src/Illuminate/Routing/ControllerDispatcher.php(162): Illuminate\Routing\Controller->callAction('???', '???')
#31 /home/archie/Projects/Web/FundYourselfNow/fundyourselfnow1/vendor/laravel/framework/src/Illuminate/Routing/ControllerDispatcher.php(107): Illuminate\Routing\ControllerDispatcher->call('???', '???', '???')
#32 /home/archie/Projects/Web/FundYourselfNow/fundyourselfnow1/vendor/laravel/framework/src/Illuminate/Pipeline/Pipeline.php(141): Illuminate\Routing\ControllerDispatcher->Illuminate\Routing\{closure}('???')
#33 /home/archie/Projects/Web/FundYourselfNow/fundyourselfnow1/vendor/laravel/framework/src/Illuminate/Pipeline/Pipeline.php(141): call_user_func:{/home/archie/Projects/Web/FundYourselfNow/fundyourselfnow1/vendor/laravel/framework/src/Illuminate/Pipeline/Pipeline.php:141}('???', '???')
#34 /home/archie/Projects/Web/FundYourselfNow/fundyourselfnow1/app/Http/Middleware/Authenticate.php(47): Illuminate\Pipeline\Pipeline->Illuminate\Pipeline\{closure}('???')
#35 /home/archie/Projects/Web/FundYourselfNow/fundyourselfnow1/vendor/laravel/framework/src/Illuminate/Pipeline/Pipeline.php(125): App\Http\Middleware\Authenticate->handle('???', '???')
#36 /home/archie/Projects/Web/FundYourselfNow/fundyourselfnow1/vendor/laravel/framework/src/Illuminate/Pipeline/Pipeline.php(100): Illuminate\Pipeline\Pipeline->Illuminate\Pipeline\{closure}('???')
#37 /home/archie/Projects/Web/FundYourselfNow/fundyourselfnow1/vendor/laravel/framework/src/Illuminate/Pipeline/Pipeline.php(100): call_user_func:{/home/archie/Projects/Web/FundYourselfNow/fundyourselfnow1/vendor/laravel/framework/src/Illuminate/Pipeline/Pipeline.php:100}('???', '???')
#38 /home/archie/Projects/Web/FundYourselfNow/fundyourselfnow1/vendor/laravel/framework/src/Illuminate/Routing/ControllerDispatcher.php(108): Illuminate\Pipeline\Pipeline->then('???')
#39 /home/archie/Projects/Web/FundYourselfNow/fundyourselfnow1/vendor/laravel/framework/src/Illuminate/Routing/ControllerDispatcher.php(66): Illuminate\Routing\ControllerDispatcher->callWithinStack('???', '???', '???', '???')
#40 /home/archie/Projects/Web/FundYourselfNow/fundyourselfnow1/vendor/laravel/framework/src/Illuminate/Routing/Route.php(204): Illuminate\Routing\ControllerDispatcher->dispatch('???', '???', '???', '???')
#41 /home/archie/Projects/Web/FundYourselfNow/fundyourselfnow1/vendor/laravel/framework/src/Illuminate/Routing/Route.php(134): Illuminate\Routing\Route->runWithCustomDispatcher('???')
#42 /home/archie/Projects/Web/FundYourselfNow/fundyourselfnow1/vendor/laravel/framework/src/Illuminate/Routing/Router.php(701): Illuminate\Routing\Route->run('???')
#43 /home/archie/Projects/Web/FundYourselfNow/fundyourselfnow1/vendor/laravel/framework/src/Illuminate/Pipeline/Pipeline.php(141): Illuminate\Routing\Router->Illuminate\Routing\{closure}('???')
#44 /home/archie/Projects/Web/FundYourselfNow/fundyourselfnow1/vendor/laravel/framework/src/Illuminate/Pipeline/Pipeline.php(141): call_user_func:{/home/archie/Projects/Web/FundYourselfNow/fundyourselfnow1/vendor/laravel/framework/src/Illuminate/Pipeline/Pipeline.php:141}('???', '???')
#45 /home/archie/Projects/Web/FundYourselfNow/fundyourselfnow1/app/Http/Middleware/BorrowerMiddleWare.php(43): Illuminate\Pipeline\Pipeline->Illuminate\Pipeline\{closure}('???')
#46 /home/archie/Projects/Web/FundYourselfNow/fundyourselfnow1/vendor/laravel/framework/src/Illuminate/Pipeline/Pipeline.php(125): App\Http\Middleware\BorrowerMiddleWare->handle('???', '???')
#47 /home/archie/Projects/Web/FundYourselfNow/fundyourselfnow1/vendor/laravel/framework/src/Illuminate/Pipeline/Pipeline.php(100): Illuminate\Pipeline\Pipeline->Illuminate\Pipeline\{closure}('???')
#48 /home/archie/Projects/Web/FundYourselfNow/fundyourselfnow1/vendor/laravel/framework/src/Illuminate/Pipeline/Pipeline.php(100): call_user_func:{/home/archie/Projects/Web/FundYourselfNow/fundyourselfnow1/vendor/laravel/framework/src/Illuminate/Pipeline/Pipeline.php:100}('???', '???')
#49 /home/archie/Projects/Web/FundYourselfNow/fundyourselfnow1/vendor/laravel/framework/src/Illuminate/Routing/Router.php(703): Illuminate\Pipeline\Pipeline->then('???')
#50 /home/archie/Projects/Web/FundYourselfNow/fundyourselfnow1/vendor/laravel/framework/src/Illuminate/Routing/Router.php(669): Illuminate\Routing\Router->runRouteWithinStack('???', '???')
#51 /home/archie/Projects/Web/FundYourselfNow/fundyourselfnow1/vendor/laravel/framework/src/Illuminate/Routing/Router.php(628): Illuminate\Routing\Router->dispatchToRoute('???')
#52 /home/archie/Projects/Web/FundYourselfNow/fundyourselfnow1/vendor/laravel/framework/src/Illuminate/Foundation/Http/Kernel.php(214): Illuminate\Routing\Router->dispatch('???')
#53 /home/archie/Projects/Web/FundYourselfNow/fundyourselfnow1/vendor/laravel/framework/src/Illuminate/Pipeline/Pipeline.php(141): Illuminate\Foundation\Http\Kernel->Illuminate\Foundation\Http\{closure}('???')
#54 /home/archie/Projects/Web/FundYourselfNow/fundyourselfnow1/vendor/laravel/framework/src/Illuminate/Pipeline/Pipeline.php(141): call_user_func:{/home/archie/Projects/Web/FundYourselfNow/fundyourselfnow1/vendor/laravel/framework/src/Illuminate/Pipeline/Pipeline.php:141}('???', '???')
#55 /home/archie/Projects/Web/FundYourselfNow/fundyourselfnow1/app/Http/Middleware/Language.php(28): Illuminate\Pipeline\Pipeline->Illuminate\Pipeline\{closure}('???')
#56 /home/archie/Projects/Web/FundYourselfNow/fundyourselfnow1/vendor/laravel/framework/src/Illuminate/Pipeline/Pipeline.php(125): App\Http\Middleware\Language->handle('???', '???')
#57 /home/archie/Projects/Web/FundYourselfNow/fundyourselfnow1/app/Http/Middleware/TestDatabaseConnectionMiddleware.php(19): Illuminate\Pipeline\Pipeline->Illuminate\Pipeline\{closure}('???')
#58 /home/archie/Projects/Web/FundYourselfNow/fundyourselfnow1/vendor/laravel/framework/src/Illuminate/Pipeline/Pipeline.php(125): App\Http\Middleware\TestDatabaseConnectionMiddleware->handle('???', '???')
#59 /home/archie/Projects/Web/FundYourselfNow/fundyourselfnow1/app/Http/Middleware/App.php(23): Illuminate\Pipeline\Pipeline->Illuminate\Pipeline\{closure}('???')
#60 /home/archie/Projects/Web/FundYourselfNow/fundyourselfnow1/vendor/laravel/framework/src/Illuminate/Pipeline/Pipeline.php(125): App\Http\Middleware\App->handle('???', '???')
#61 /home/archie/Projects/Web/FundYourselfNow/fundyourselfnow1/vendor/laravel/framework/src/Illuminate/View/Middleware/ShareErrorsFromSession.php(55): Illuminate\Pipeline\Pipeline->Illuminate\Pipeline\{closure}('???')
#62 /home/archie/Projects/Web/FundYourselfNow/fundyourselfnow1/vendor/laravel/framework/src/Illuminate/Pipeline/Pipeline.php(125): Illuminate\View\Middleware\ShareErrorsFromSession->handle('???', '???')
#63 /home/archie/Projects/Web/FundYourselfNow/fundyourselfnow1/vendor/laravel/framework/src/Illuminate/Session/Middleware/StartSession.php(61): Illuminate\Pipeline\Pipeline->Illuminate\Pipeline\{closure}('???')
#64 /home/archie/Projects/Web/FundYourselfNow/fundyourselfnow1/vendor/laravel/framework/src/Illuminate/Pipeline/Pipeline.php(125): Illuminate\Session\Middleware\StartSession->handle('???', '???')
#65 /home/archie/Projects/Web/FundYourselfNow/fundyourselfnow1/vendor/laravel/framework/src/Illuminate/Cookie/Middleware/AddQueuedCookiesToResponse.php(36): Illuminate\Pipeline\Pipeline->Illuminate\Pipeline\{closure}('???')
#66 /home/archie/Projects/Web/FundYourselfNow/fundyourselfnow1/vendor/laravel/framework/src/Illuminate/Pipeline/Pipeline.php(125): Illuminate\Cookie\Middleware\AddQueuedCookiesToResponse->handle('???', '???')
#67 /home/archie/Projects/Web/FundYourselfNow/fundyourselfnow1/vendor/laravel/framework/src/Illuminate/Cookie/Middleware/EncryptCookies.php(40): Illuminate\Pipeline\Pipeline->Illuminate\Pipeline\{closure}('???')
#68 /home/archie/Projects/Web/FundYourselfNow/fundyourselfnow1/vendor/laravel/framework/src/Illuminate/Pipeline/Pipeline.php(125): Illuminate\Cookie\Middleware\EncryptCookies->handle('???', '???')
#69 /home/archie/Projects/Web/FundYourselfNow/fundyourselfnow1/vendor/laravel/framework/src/Illuminate/Foundation/Http/Middleware/CheckForMaintenanceMode.php(42): Illuminate\Pipeline\Pipeline->Illuminate\Pipeline\{closure}('???')
#70 /home/archie/Projects/Web/FundYourselfNow/fundyourselfnow1/vendor/laravel/framework/src/Illuminate/Pipeline/Pipeline.php(125): Illuminate\Foundation\Http\Middleware\CheckForMaintenanceMode->handle('???', '???')
#71 /home/archie/Projects/Web/FundYourselfNow/fundyourselfnow1/vendor/laravel/framework/src/Illuminate/Pipeline/Pipeline.php(100): Illuminate\Pipeline\Pipeline->Illuminate\Pipeline\{closure}('???')
#72 /home/archie/Projects/Web/FundYourselfNow/fundyourselfnow1/vendor/laravel/framework/src/Illuminate/Pipeline/Pipeline.php(100): call_user_func:{/home/archie/Projects/Web/FundYourselfNow/fundyourselfnow1/vendor/laravel/framework/src/Illuminate/Pipeline/Pipeline.php:100}('???', '???')
#73 /home/archie/Projects/Web/FundYourselfNow/fundyourselfnow1/vendor/laravel/framework/src/Illuminate/Foundation/Http/Kernel.php(115): Illuminate\Pipeline\Pipeline->then('???')
#74 /home/archie/Projects/Web/FundYourselfNow/fundyourselfnow1/vendor/laravel/framework/src/Illuminate/Foundation/Http/Kernel.php(84): Illuminate\Foundation\Http\Kernel->sendRequestThroughRouter('???')
#75 /home/archie/Projects/Web/FundYourselfNow/fundyourselfnow1/index.php(52): Illuminate\Foundation\Http\Kernel->handle('???')
#76 /home/archie/Projects/Web/FundYourselfNow/fundyourselfnow1/index.php(0): {main}()
#77 {main}  
[2017-09-15 04:08:45] production.ERROR: ErrorException: Undefined index: milestone_disbursed in /home/archie/Projects/Web/FundYourselfNow/fundyourselfnow1/storage/framework/views/df2877695c57f2b40d68ec3f26bb631b:153
Stack trace:
#0 /home/archie/Projects/Web/FundYourselfNow/fundyourselfnow1/storage/framework/views/df2877695c57f2b40d68ec3f26bb631b(153): Illuminate\Foundation\Bootstrap\HandleExceptions->handleError(8, 'Undefined index...', '/home/archie/Pr...', 153, Array)
#1 /home/archie/Projects/Web/FundYourselfNow/fundyourselfnow1/vendor/laravel/framework/src/Illuminate/View/Engines/PhpEngine.php(39): include('/home/archie/Pr...')
#2 /home/archie/Projects/Web/FundYourselfNow/fundyourselfnow1/vendor/laravel/framework/src/Illuminate/View/Engines/CompilerEngine.php(57): Illuminate\View\Engines\PhpEngine->evaluatePath('/home/archie/Pr...', Array)
#3 /home/archie/Projects/Web/FundYourselfNow/fundyourselfnow1/vendor/laravel/framework/src/Illuminate/View/View.php(142): Illuminate\View\Engines\CompilerEngine->get('/home/archie/Pr...', Array)
#4 /home/archie/Projects/Web/FundYourselfNow/fundyourselfnow1/vendor/laravel/framework/src/Illuminate/View/View.php(111): Illuminate\View\View->getContents()
#5 /home/archie/Projects/Web/FundYourselfNow/fundyourselfnow1/vendor/laravel/framework/src/Illuminate/View/View.php(80): Illuminate\View\View->renderContents()
#6 /home/archie/Projects/Web/FundYourselfNow/fundyourselfnow1/vendor/laravel/framework/src/Illuminate/Http/Response.php(44): Illuminate\View\View->render()
#7 /home/archie/Projects/Web/FundYourselfNow/fundyourselfnow1/vendor/symfony/http-foundation/Symfony/Component/HttpFoundation/Response.php(202): Illuminate\Http\Response->setContent(Object(Illuminate\View\View))
#8 /home/archie/Projects/Web/FundYourselfNow/fundyourselfnow1/vendor/laravel/framework/src/Illuminate/Routing/Router.php(1198): Symfony\Component\HttpFoundation\Response->__construct(Object(Illuminate\View\View))
#9 /home/archie/Projects/Web/FundYourselfNow/fundyourselfnow1/vendor/laravel/framework/src/Illuminate/Routing/Router.php(701): Illuminate\Routing\Router->prepareResponse(Object(Illuminate\Http\Request), Object(Illuminate\View\View))
#10 [internal function]: Illuminate\Routing\Router->Illuminate\Routing\{closure}(Object(Illuminate\Http\Request))
#11 /home/archie/Projects/Web/FundYourselfNow/fundyourselfnow1/vendor/laravel/framework/src/Illuminate/Pipeline/Pipeline.php(141): call_user_func(Object(Closure), Object(Illuminate\Http\Request))
#12 [internal function]: Illuminate\Pipeline\Pipeline->Illuminate\Pipeline\{closure}(Object(Illuminate\Http\Request))
#13 /home/archie/Projects/Web/FundYourselfNow/fundyourselfnow1/vendor/laravel/framework/src/Illuminate/Pipeline/Pipeline.php(100): call_user_func(Object(Closure), Object(Illuminate\Http\Request))
#14 /home/archie/Projects/Web/FundYourselfNow/fundyourselfnow1/vendor/laravel/framework/src/Illuminate/Routing/Router.php(703): Illuminate\Pipeline\Pipeline->then(Object(Closure))
#15 /home/archie/Projects/Web/FundYourselfNow/fundyourselfnow1/vendor/laravel/framework/src/Illuminate/Routing/Router.php(669): Illuminate\Routing\Router->runRouteWithinStack(Object(Illuminate\Routing\Route), Object(Illuminate\Http\Request))
#16 /home/archie/Projects/Web/FundYourselfNow/fundyourselfnow1/vendor/laravel/framework/src/Illuminate/Routing/Router.php(628): Illuminate\Routing\Router->dispatchToRoute(Object(Illuminate\Http\Request))
#17 /home/archie/Projects/Web/FundYourselfNow/fundyourselfnow1/vendor/laravel/framework/src/Illuminate/Foundation/Http/Kernel.php(214): Illuminate\Routing\Router->dispatch(Object(Illuminate\Http\Request))
#18 [internal function]: Illuminate\Foundation\Http\Kernel->Illuminate\Foundation\Http\{closure}(Object(Illuminate\Http\Request))
#19 /home/archie/Projects/Web/FundYourselfNow/fundyourselfnow1/vendor/laravel/framework/src/Illuminate/Pipeline/Pipeline.php(141): call_user_func(Object(Closure), Object(Illuminate\Http\Request))
#20 /home/archie/Projects/Web/FundYourselfNow/fundyourselfnow1/app/Http/Middleware/Language.php(28): Illuminate\Pipeline\Pipeline->Illuminate\Pipeline\{closure}(Object(Illuminate\Http\Request))
#21 /home/archie/Projects/Web/FundYourselfNow/fundyourselfnow1/vendor/laravel/framework/src/Illuminate/Pipeline/Pipeline.php(125): App\Http\Middleware\Language->handle(Object(Illuminate\Http\Request), Object(Closure))
#22 /home/archie/Projects/Web/FundYourselfNow/fundyourselfnow1/app/Http/Middleware/TestDatabaseConnectionMiddleware.php(19): Illuminate\Pipeline\Pipeline->Illuminate\Pipeline\{closure}(Object(Illuminate\Http\Request))
#23 /home/archie/Projects/Web/FundYourselfNow/fundyourselfnow1/vendor/laravel/framework/src/Illuminate/Pipeline/Pipeline.php(125): App\Http\Middleware\TestDatabaseConnectionMiddleware->handle(Object(Illuminate\Http\Request), Object(Closure))
#24 /home/archie/Projects/Web/FundYourselfNow/fundyourselfnow1/app/Http/Middleware/App.php(23): Illuminate\Pipeline\Pipeline->Illuminate\Pipeline\{closure}(Object(Illuminate\Http\Request))
#25 /home/archie/Projects/Web/FundYourselfNow/fundyourselfnow1/vendor/laravel/framework/src/Illuminate/Pipeline/Pipeline.php(125): App\Http\Middleware\App->handle(Object(Illuminate\Http\Request), Object(Closure))
#26 /home/archie/Projects/Web/FundYourselfNow/fundyourselfnow1/vendor/laravel/framework/src/Illuminate/View/Middleware/ShareErrorsFromSession.php(55): Illuminate\Pipeline\Pipeline->Illuminate\Pipeline\{closure}(Object(Illuminate\Http\Request))
#27 /home/archie/Projects/Web/FundYourselfNow/fundyourselfnow1/vendor/laravel/framework/src/Illuminate/Pipeline/Pipeline.php(125): Illuminate\View\Middleware\ShareErrorsFromSession->handle(Object(Illuminate\Http\Request), Object(Closure))
#28 /home/archie/Projects/Web/FundYourselfNow/fundyourselfnow1/vendor/laravel/framework/src/Illuminate/Session/Middleware/StartSession.php(61): Illuminate\Pipeline\Pipeline->Illuminate\Pipeline\{closure}(Object(Illuminate\Http\Request))
#29 /home/archie/Projects/Web/FundYourselfNow/fundyourselfnow1/vendor/laravel/framework/src/Illuminate/Pipeline/Pipeline.php(125): Illuminate\Session\Middleware\StartSession->handle(Object(Illuminate\Http\Request), Object(Closure))
#30 /home/archie/Projects/Web/FundYourselfNow/fundyourselfnow1/vendor/laravel/framework/src/Illuminate/Cookie/Middleware/AddQueuedCookiesToResponse.php(36): Illuminate\Pipeline\Pipeline->Illuminate\Pipeline\{closure}(Object(Illuminate\Http\Request))
#31 /home/archie/Projects/Web/FundYourselfNow/fundyourselfnow1/vendor/laravel/framework/src/Illuminate/Pipeline/Pipeline.php(125): Illuminate\Cookie\Middleware\AddQueuedCookiesToResponse->handle(Object(Illuminate\Http\Request), Object(Closure))
#32 /home/archie/Projects/Web/FundYourselfNow/fundyourselfnow1/vendor/laravel/framework/src/Illuminate/Cookie/Middleware/EncryptCookies.php(40): Illuminate\Pipeline\Pipeline->Illuminate\Pipeline\{closure}(Object(Illuminate\Http\Request))
#33 /home/archie/Projects/Web/FundYourselfNow/fundyourselfnow1/vendor/laravel/framework/src/Illuminate/Pipeline/Pipeline.php(125): Illuminate\Cookie\Middleware\EncryptCookies->handle(Object(Illuminate\Http\Request), Object(Closure))
#34 /home/archie/Projects/Web/FundYourselfNow/fundyourselfnow1/vendor/laravel/framework/src/Illuminate/Foundation/Http/Middleware/CheckForMaintenanceMode.php(42): Illuminate\Pipeline\Pipeline->Illuminate\Pipeline\{closure}(Object(Illuminate\Http\Request))
#35 /home/archie/Projects/Web/FundYourselfNow/fundyourselfnow1/vendor/laravel/framework/src/Illuminate/Pipeline/Pipeline.php(125): Illuminate\Foundation\Http\Middleware\CheckForMaintenanceMode->handle(Object(Illuminate\Http\Request), Object(Closure))
#36 [internal function]: Illuminate\Pipeline\Pipeline->Illuminate\Pipeline\{closure}(Object(Illuminate\Http\Request))
#37 /home/archie/Projects/Web/FundYourselfNow/fundyourselfnow1/vendor/laravel/framework/src/Illuminate/Pipeline/Pipeline.php(100): call_user_func(Object(Closure), Object(Illuminate\Http\Request))
#38 /home/archie/Projects/Web/FundYourselfNow/fundyourselfnow1/vendor/laravel/framework/src/Illuminate/Foundation/Http/Kernel.php(115): Illuminate\Pipeline\Pipeline->then(Object(Closure))
#39 /home/archie/Projects/Web/FundYourselfNow/fundyourselfnow1/vendor/laravel/framework/src/Illuminate/Foundation/Http/Kernel.php(84): Illuminate\Foundation\Http\Kernel->sendRequestThroughRouter(Object(Illuminate\Http\Request))
#40 /home/archie/Projects/Web/FundYourselfNow/fundyourselfnow1/index.php(52): Illuminate\Foundation\Http\Kernel->handle(Object(Illuminate\Http\Request))
#41 {main}

Next ErrorException: Undefined index: milestone_disbursed (View: /home/archie/Projects/Web/FundYourselfNow/fundyourselfnow1/resources/views/projectdetails.blade.php) in /home/archie/Projects/Web/FundYourselfNow/fundyourselfnow1/storage/framework/views/df2877695c57f2b40d68ec3f26bb631b:153
Stack trace:
#0 /home/archie/Projects/Web/FundYourselfNow/fundyourselfnow1/vendor/laravel/framework/src/Illuminate/View/Engines/PhpEngine.php(43): Illuminate\View\Engines\CompilerEngine->handleViewException(Object(ErrorException), 1)
#1 /home/archie/Projects/Web/FundYourselfNow/fundyourselfnow1/vendor/laravel/framework/src/Illuminate/View/Engines/CompilerEngine.php(57): Illuminate\View\Engines\PhpEngine->evaluatePath('/home/archie/Pr...', Array)
#2 /home/archie/Projects/Web/FundYourselfNow/fundyourselfnow1/vendor/laravel/framework/src/Illuminate/View/View.php(142): Illuminate\View\Engines\CompilerEngine->get('/home/archie/Pr...', Array)
#3 /home/archie/Projects/Web/FundYourselfNow/fundyourselfnow1/vendor/laravel/framework/src/Illuminate/View/View.php(111): Illuminate\View\View->getContents()
#4 /home/archie/Projects/Web/FundYourselfNow/fundyourselfnow1/vendor/laravel/framework/src/Illuminate/View/View.php(80): Illuminate\View\View->renderContents()
#5 /home/archie/Projects/Web/FundYourselfNow/fundyourselfnow1/vendor/laravel/framework/src/Illuminate/Http/Response.php(44): Illuminate\View\View->render()
#6 /home/archie/Projects/Web/FundYourselfNow/fundyourselfnow1/vendor/symfony/http-foundation/Symfony/Component/HttpFoundation/Response.php(202): Illuminate\Http\Response->setContent(Object(Illuminate\View\View))
#7 /home/archie/Projects/Web/FundYourselfNow/fundyourselfnow1/vendor/laravel/framework/src/Illuminate/Routing/Router.php(1198): Symfony\Component\HttpFoundation\Response->__construct(Object(Illuminate\View\View))
#8 /home/archie/Projects/Web/FundYourselfNow/fundyourselfnow1/vendor/laravel/framework/src/Illuminate/Routing/Router.php(701): Illuminate\Routing\Router->prepareResponse(Object(Illuminate\Http\Request), Object(Illuminate\View\View))
#9 [internal function]: Illuminate\Routing\Router->Illuminate\Routing\{closure}(Object(Illuminate\Http\Request))
#10 /home/archie/Projects/Web/FundYourselfNow/fundyourselfnow1/vendor/laravel/framework/src/Illuminate/Pipeline/Pipeline.php(141): call_user_func(Object(Closure), Object(Illuminate\Http\Request))
#11 [internal function]: Illuminate\Pipeline\Pipeline->Illuminate\Pipeline\{closure}(Object(Illuminate\Http\Request))
#12 /home/archie/Projects/Web/FundYourselfNow/fundyourselfnow1/vendor/laravel/framework/src/Illuminate/Pipeline/Pipeline.php(100): call_user_func(Object(Closure), Object(Illuminate\Http\Request))
#13 /home/archie/Projects/Web/FundYourselfNow/fundyourselfnow1/vendor/laravel/framework/src/Illuminate/Routing/Router.php(703): Illuminate\Pipeline\Pipeline->then(Object(Closure))
#14 /home/archie/Projects/Web/FundYourselfNow/fundyourselfnow1/vendor/laravel/framework/src/Illuminate/Routing/Router.php(669): Illuminate\Routing\Router->runRouteWithinStack(Object(Illuminate\Routing\Route), Object(Illuminate\Http\Request))
#15 /home/archie/Projects/Web/FundYourselfNow/fundyourselfnow1/vendor/laravel/framework/src/Illuminate/Routing/Router.php(628): Illuminate\Routing\Router->dispatchToRoute(Object(Illuminate\Http\Request))
#16 /home/archie/Projects/Web/FundYourselfNow/fundyourselfnow1/vendor/laravel/framework/src/Illuminate/Foundation/Http/Kernel.php(214): Illuminate\Routing\Router->dispatch(Object(Illuminate\Http\Request))
#17 [internal function]: Illuminate\Foundation\Http\Kernel->Illuminate\Foundation\Http\{closure}(Object(Illuminate\Http\Request))
#18 /home/archie/Projects/Web/FundYourselfNow/fundyourselfnow1/vendor/laravel/framework/src/Illuminate/Pipeline/Pipeline.php(141): call_user_func(Object(Closure), Object(Illuminate\Http\Request))
#19 /home/archie/Projects/Web/FundYourselfNow/fundyourselfnow1/app/Http/Middleware/Language.php(28): Illuminate\Pipeline\Pipeline->Illuminate\Pipeline\{closure}(Object(Illuminate\Http\Request))
#20 /home/archie/Projects/Web/FundYourselfNow/fundyourselfnow1/vendor/laravel/framework/src/Illuminate/Pipeline/Pipeline.php(125): App\Http\Middleware\Language->handle(Object(Illuminate\Http\Request), Object(Closure))
#21 /home/archie/Projects/Web/FundYourselfNow/fundyourselfnow1/app/Http/Middleware/TestDatabaseConnectionMiddleware.php(19): Illuminate\Pipeline\Pipeline->Illuminate\Pipeline\{closure}(Object(Illuminate\Http\Request))
#22 /home/archie/Projects/Web/FundYourselfNow/fundyourselfnow1/vendor/laravel/framework/src/Illuminate/Pipeline/Pipeline.php(125): App\Http\Middleware\TestDatabaseConnectionMiddleware->handle(Object(Illuminate\Http\Request), Object(Closure))
#23 /home/archie/Projects/Web/FundYourselfNow/fundyourselfnow1/app/Http/Middleware/App.php(23): Illuminate\Pipeline\Pipeline->Illuminate\Pipeline\{closure}(Object(Illuminate\Http\Request))
#24 /home/archie/Projects/Web/FundYourselfNow/fundyourselfnow1/vendor/laravel/framework/src/Illuminate/Pipeline/Pipeline.php(125): App\Http\Middleware\App->handle(Object(Illuminate\Http\Request), Object(Closure))
#25 /home/archie/Projects/Web/FundYourselfNow/fundyourselfnow1/vendor/laravel/framework/src/Illuminate/View/Middleware/ShareErrorsFromSession.php(55): Illuminate\Pipeline\Pipeline->Illuminate\Pipeline\{closure}(Object(Illuminate\Http\Request))
#26 /home/archie/Projects/Web/FundYourselfNow/fundyourselfnow1/vendor/laravel/framework/src/Illuminate/Pipeline/Pipeline.php(125): Illuminate\View\Middleware\ShareErrorsFromSession->handle(Object(Illuminate\Http\Request), Object(Closure))
#27 /home/archie/Projects/Web/FundYourselfNow/fundyourselfnow1/vendor/laravel/framework/src/Illuminate/Session/Middleware/StartSession.php(61): Illuminate\Pipeline\Pipeline->Illuminate\Pipeline\{closure}(Object(Illuminate\Http\Request))
#28 /home/archie/Projects/Web/FundYourselfNow/fundyourselfnow1/vendor/laravel/framework/src/Illuminate/Pipeline/Pipeline.php(125): Illuminate\Session\Middleware\StartSession->handle(Object(Illuminate\Http\Request), Object(Closure))
#29 /home/archie/Projects/Web/FundYourselfNow/fundyourselfnow1/vendor/laravel/framework/src/Illuminate/Cookie/Middleware/AddQueuedCookiesToResponse.php(36): Illuminate\Pipeline\Pipeline->Illuminate\Pipeline\{closure}(Object(Illuminate\Http\Request))
#30 /home/archie/Projects/Web/FundYourselfNow/fundyourselfnow1/vendor/laravel/framework/src/Illuminate/Pipeline/Pipeline.php(125): Illuminate\Cookie\Middleware\AddQueuedCookiesToResponse->handle(Object(Illuminate\Http\Request), Object(Closure))
#31 /home/archie/Projects/Web/FundYourselfNow/fundyourselfnow1/vendor/laravel/framework/src/Illuminate/Cookie/Middleware/EncryptCookies.php(40): Illuminate\Pipeline\Pipeline->Illuminate\Pipeline\{closure}(Object(Illuminate\Http\Request))
#32 /home/archie/Projects/Web/FundYourselfNow/fundyourselfnow1/vendor/laravel/framework/src/Illuminate/Pipeline/Pipeline.php(125): Illuminate\Cookie\Middleware\EncryptCookies->handle(Object(Illuminate\Http\Request), Object(Closure))
#33 /home/archie/Projects/Web/FundYourselfNow/fundyourselfnow1/vendor/laravel/framework/src/Illuminate/Foundation/Http/Middleware/CheckForMaintenanceMode.php(42): Illuminate\Pipeline\Pipeline->Illuminate\Pipeline\{closure}(Object(Illuminate\Http\Request))
#34 /home/archie/Projects/Web/FundYourselfNow/fundyourselfnow1/vendor/laravel/framework/src/Illuminate/Pipeline/Pipeline.php(125): Illuminate\Foundation\Http\Middleware\CheckForMaintenanceMode->handle(Object(Illuminate\Http\Request), Object(Closure))
#35 [internal function]: Illuminate\Pipeline\Pipeline->Illuminate\Pipeline\{closure}(Object(Illuminate\Http\Request))
#36 /home/archie/Projects/Web/FundYourselfNow/fundyourselfnow1/vendor/laravel/framework/src/Illuminate/Pipeline/Pipeline.php(100): call_user_func(Object(Closure), Object(Illuminate\Http\Request))
#37 /home/archie/Projects/Web/FundYourselfNow/fundyourselfnow1/vendor/laravel/framework/src/Illuminate/Foundation/Http/Kernel.php(115): Illuminate\Pipeline\Pipeline->then(Object(Closure))
#38 /home/archie/Projects/Web/FundYourselfNow/fundyourselfnow1/vendor/laravel/framework/src/Illuminate/Foundation/Http/Kernel.php(84): Illuminate\Foundation\Http\Kernel->sendRequestThroughRouter(Object(Illuminate\Http\Request))
#39 /home/archie/Projects/Web/FundYourselfNow/fundyourselfnow1/index.php(52): Illuminate\Foundation\Http\Kernel->handle(Object(Illuminate\Http\Request))
#40 {main}  
